2022-11-04 11:30:40,929 DEBUG    root            Loaded Command Group: ['gcloud', 'init']
2022-11-04 11:30:40,932 DEBUG    root            Running [gcloud.init] with arguments: []
2022-11-04 11:30:40,932 INFO     ___FILE_ONLY___ Welcome! This command will take you through the configuration of gcloud.


2022-11-04 11:30:40,934 INFO     ___FILE_ONLY___ Your current configuration has been set to: [default]


2022-11-04 11:30:40,934 INFO     ___FILE_ONLY___ You can skip diagnostics next time by using the following flag:

2022-11-04 11:30:40,934 INFO     ___FILE_ONLY___   gcloud init --skip-diagnostics


2022-11-04 11:30:40,934 INFO     ___FILE_ONLY___ Network diagnostic detects and fixes local network connection issues.

2022-11-04 11:30:40,935 INFO     ___FILE_ONLY___ Checking network connection...
2022-11-04 11:30:41,200 DEBUG    urllib3.connectionpool Starting new HTTPS connection (1): accounts.google.com:443
2022-11-04 11:30:41,229 DEBUG    urllib3.connectionpool https://accounts.google.com:443 "GET / HTTP/1.1" 302 338
2022-11-04 11:30:41,282 DEBUG    urllib3.connectionpool https://accounts.google.com:443 "GET /ServiceLogin?passive=1209600&continue=https%3A%2F%2Faccounts.google.com%2F&followup=https%3A%2F%2Faccounts.google.com%2F HTTP/1.1" 302 527
2022-11-04 11:30:41,336 DEBUG    urllib3.connectionpool https://accounts.google.com:443 "GET /v3/signin/identifier?dsh=S-653413385%3A1667561441264201&continue=https%3A%2F%2Faccounts.google.com%2F&followup=https%3A%2F%2Faccounts.google.com%2F&passive=1209600&flowName=WebLiteSignIn&flowEntry=ServiceLogin&ifkv=ARgdvAu7F0aeVYHCOSy9t0_R07yaomi6T5CVho1L6-0HFsXUYOpLijf2tNmRvojIpqoqGrG_oVi5-Q HTTP/1.1" 200 None
2022-11-04 11:30:41,348 DEBUG    urllib3.connectionpool Starting new HTTPS connection (1): cloudresourcemanager.googleapis.com:443
2022-11-04 11:30:41,368 DEBUG    urllib3.connectionpool https://cloudresourcemanager.googleapis.com:443 "GET /v1beta1/projects HTTP/1.1" 401 None
2022-11-04 11:30:41,372 DEBUG    urllib3.connectionpool Starting new HTTPS connection (1): www.googleapis.com:443
2022-11-04 11:30:41,388 DEBUG    urllib3.connectionpool https://www.googleapis.com:443 "GET /auth/cloud-platform HTTP/1.1" 200 14
2022-11-04 11:30:41,391 DEBUG    urllib3.connectionpool Starting new HTTPS connection (1): dl.google.com:443
2022-11-04 11:30:41,407 DEBUG    urllib3.connectionpool https://dl.google.com:443 "GET /dl/cloudsdk/channels/rapid/components-2.json HTTP/1.1" 200 203446
2022-11-04 11:30:41,537 INFO     ___FILE_ONLY___ Reachability Check passed.

2022-11-04 11:30:41,538 INFO     ___FILE_ONLY___ Network diagnostic passed (1/1 checks passed).


2022-11-04 11:31:14,228 INFO     ___FILE_ONLY___ 

Command killed by keyboard interrupt


