2022-11-03 06:29:41,980 DEBUG    root            Loaded Command Group: ['gcloud', 'auth']
2022-11-03 06:29:41,983 DEBUG    root            Loaded Command Group: ['gcloud', 'auth', 'docker_helper']
2022-11-03 06:29:41,985 DEBUG    root            Running [gcloud.auth.docker-helper] with arguments: [METHOD: "get"]
2022-11-03 06:29:41,994 DEBUG    google.auth.transport.requests Making request: GET http://metadata.google.internal/computeMetadata/v1/instance/service-accounts/554650739751-compute@developer.gserviceaccount.com/?recursive=true
2022-11-03 06:29:41,996 DEBUG    urllib3.connectionpool Starting new HTTP connection (1): metadata.google.internal:80
2022-11-03 06:29:41,997 DEBUG    urllib3.connectionpool http://metadata.google.internal:80 "GET /computeMetadata/v1/instance/service-accounts/554650739751-compute@developer.gserviceaccount.com/?recursive=true HTTP/1.1" 200 155
2022-11-03 06:29:41,998 DEBUG    google.auth.transport.requests Making request: GET http://metadata.google.internal/computeMetadata/v1/instance/service-accounts/554650739751-compute@developer.gserviceaccount.com/token
2022-11-03 06:29:42,000 DEBUG    urllib3.connectionpool http://metadata.google.internal:80 "GET /computeMetadata/v1/instance/service-accounts/554650739751-compute@developer.gserviceaccount.com/token HTTP/1.1" 200 269
2022-11-03 06:29:42,008 DEBUG    google.auth.transport.requests Making request: GET http://metadata.google.internal/computeMetadata/v1/instance/service-accounts/554650739751-compute@developer.gserviceaccount.com/?recursive=true
2022-11-03 06:29:42,010 DEBUG    urllib3.connectionpool Starting new HTTP connection (1): metadata.google.internal:80
2022-11-03 06:29:42,011 DEBUG    urllib3.connectionpool http://metadata.google.internal:80 "GET /computeMetadata/v1/instance/service-accounts/554650739751-compute@developer.gserviceaccount.com/?recursive=true HTTP/1.1" 200 155
2022-11-03 06:29:42,012 DEBUG    google.auth.transport.requests Making request: GET http://metadata.google.internal/computeMetadata/v1/instance/service-accounts/554650739751-compute@developer.gserviceaccount.com/token?scopes=https%3A%2F%2Fwww.googleapis.com%2Fauth%2Fcloud-platform%2Chttps%3A%2F%2Fwww.googleapis.com%2Fauth%2Fuserinfo.email
2022-11-03 06:29:42,015 DEBUG    urllib3.connectionpool http://metadata.google.internal:80 "GET /computeMetadata/v1/instance/service-accounts/554650739751-compute@developer.gserviceaccount.com/token?scopes=https%3A%2F%2Fwww.googleapis.com%2Fauth%2Fcloud-platform%2Chttps%3A%2F%2Fwww.googleapis.com%2Fauth%2Fuserinfo.email HTTP/1.1" 200 269
2022-11-03 06:29:42,017 INFO     root            Display format: "json"
2022-11-03 06:29:42,018 INFO     ___FILE_ONLY___ {
  "Secret": "ya29.c.b0AUFJQsGdXAKUon8zYCEuSlZVVEKI_MNdSzF9Z2Mod_JMnXhG1BCblNw5SMLJ5ZPf3OAqFmqx6utHqq8b9_UvjOXW9vEyzxlxUS8bSQ1t4R1tyJCkPFXUAtp1_hArvHxDe2bwG0Yh8SNxs52-Ez2uRBlWkRmwP9jmssBNviUygBt0fgqQbCG-dskqBx5R5KdNIOrIaFZRSMU............................................................................................................................................................................................................................................................................................................................................................................................................................................................................................................................................................................................................................................................................................................................................................................................................................................",
  "Username": "_dcgcloud_token"
}
2022-11-03 06:29:42,018 INFO     ___FILE_ONLY___ 

2022-11-03 06:29:42,018 DEBUG    root            SDK update checks are disabled.
