2022-11-03 06:52:57,933 DEBUG    root            Loaded Command Group: ['gcloud', 'container', 'images']
2022-11-03 06:52:57,950 DEBUG    root            Loaded Command Group: ['gcloud', 'container', 'images', 'list']
2022-11-03 06:52:57,960 DEBUG    google.auth.transport.requests Making request: GET http://metadata.google.internal/computeMetadata/v1/instance/service-accounts/554650739751-compute@developer.gserviceaccount.com/?recursive=true
2022-11-03 06:52:57,962 DEBUG    urllib3.connectionpool Starting new HTTP connection (1): metadata.google.internal:80
2022-11-03 06:52:57,964 DEBUG    urllib3.connectionpool http://metadata.google.internal:80 "GET /computeMetadata/v1/instance/service-accounts/554650739751-compute@developer.gserviceaccount.com/?recursive=true HTTP/1.1" 200 155
2022-11-03 06:52:57,964 DEBUG    google.auth.transport.requests Making request: GET http://metadata.google.internal/computeMetadata/v1/instance/service-accounts/554650739751-compute@developer.gserviceaccount.com/token
2022-11-03 06:52:57,967 DEBUG    urllib3.connectionpool http://metadata.google.internal:80 "GET /computeMetadata/v1/instance/service-accounts/554650739751-compute@developer.gserviceaccount.com/token HTTP/1.1" 200 267
2022-11-03 06:52:57,979 DEBUG    google.auth.transport.requests Making request: GET http://metadata.google.internal/computeMetadata/v1/instance/service-accounts/554650739751-compute@developer.gserviceaccount.com/?recursive=true
2022-11-03 06:52:57,981 DEBUG    urllib3.connectionpool Starting new HTTP connection (1): metadata.google.internal:80
2022-11-03 06:52:57,982 DEBUG    urllib3.connectionpool http://metadata.google.internal:80 "GET /computeMetadata/v1/instance/service-accounts/554650739751-compute@developer.gserviceaccount.com/?recursive=true HTTP/1.1" 200 155
2022-11-03 06:52:57,983 DEBUG    google.auth.transport.requests Making request: GET http://metadata.google.internal/computeMetadata/v1/instance/service-accounts/554650739751-compute@developer.gserviceaccount.com/token
2022-11-03 06:52:57,985 DEBUG    urllib3.connectionpool http://metadata.google.internal:80 "GET /computeMetadata/v1/instance/service-accounts/554650739751-compute@developer.gserviceaccount.com/token HTTP/1.1" 200 267
2022-11-03 06:52:58,011 DEBUG    root            Running [gcloud.container.images.list] with arguments: [--repository: "gcr.io/insight-tool-321814"]
2022-11-03 06:52:58,014 DEBUG    urllib3.connectionpool Starting new HTTPS connection (1): gcr.io:443
2022-11-03 06:52:58,029 DEBUG    urllib3.connectionpool https://gcr.io:443 "GET /v2/ HTTP/1.1" 401 None
2022-11-03 06:52:58,034 DEBUG    google.auth.transport.requests Making request: GET http://metadata.google.internal/computeMetadata/v1/instance/service-accounts/554650739751-compute@developer.gserviceaccount.com/?recursive=true
2022-11-03 06:52:58,036 DEBUG    urllib3.connectionpool Starting new HTTP connection (1): metadata.google.internal:80
2022-11-03 06:52:58,037 DEBUG    urllib3.connectionpool http://metadata.google.internal:80 "GET /computeMetadata/v1/instance/service-accounts/554650739751-compute@developer.gserviceaccount.com/?recursive=true HTTP/1.1" 200 155
2022-11-03 06:52:58,038 DEBUG    google.auth.transport.requests Making request: GET http://metadata.google.internal/computeMetadata/v1/instance/service-accounts/554650739751-compute@developer.gserviceaccount.com/token
2022-11-03 06:52:58,040 DEBUG    urllib3.connectionpool http://metadata.google.internal:80 "GET /computeMetadata/v1/instance/service-accounts/554650739751-compute@developer.gserviceaccount.com/token HTTP/1.1" 200 267
2022-11-03 06:52:58,064 DEBUG    urllib3.connectionpool https://gcr.io:443 "GET /v2/token?scope=repository%3Ainsight-tool-321814%3Apull&service=gcr.io HTTP/1.1" 200 None
2022-11-03 06:52:58,186 DEBUG    urllib3.connectionpool https://gcr.io:443 "GET /v2/insight-tool-321814/tags/list HTTP/1.1" 200 None
2022-11-03 06:52:58,189 INFO     root            Display format: "table(name)"
2022-11-03 06:52:58,190 INFO     ___FILE_ONLY___ NAME
2022-11-03 06:52:58,190 INFO     ___FILE_ONLY___ 

2022-11-03 06:52:58,190 INFO     ___FILE_ONLY___ gcr.io/insight-tool-321814/docker_test_insight
2022-11-03 06:52:58,190 INFO     ___FILE_ONLY___ 

2022-11-03 06:52:58,191 DEBUG    root            SDK update checks are disabled.
