2022-11-03 07:07:14,448 DEBUG    root            Loaded Command Group: ['gcloud', 'container', 'images']
2022-11-03 07:07:14,464 DEBUG    root            Loaded Command Group: ['gcloud', 'container', 'images', 'list']
2022-11-03 07:07:14,474 DEBUG    google.auth.transport.requests Making request: GET http://metadata.google.internal/computeMetadata/v1/instance/service-accounts/554650739751-compute@developer.gserviceaccount.com/?recursive=true
2022-11-03 07:07:14,476 DEBUG    urllib3.connectionpool Starting new HTTP connection (1): metadata.google.internal:80
2022-11-03 07:07:14,478 DEBUG    urllib3.connectionpool http://metadata.google.internal:80 "GET /computeMetadata/v1/instance/service-accounts/554650739751-compute@developer.gserviceaccount.com/?recursive=true HTTP/1.1" 200 155
2022-11-03 07:07:14,478 DEBUG    google.auth.transport.requests Making request: GET http://metadata.google.internal/computeMetadata/v1/instance/service-accounts/554650739751-compute@developer.gserviceaccount.com/token
2022-11-03 07:07:14,481 DEBUG    urllib3.connectionpool http://metadata.google.internal:80 "GET /computeMetadata/v1/instance/service-accounts/554650739751-compute@developer.gserviceaccount.com/token HTTP/1.1" 200 267
2022-11-03 07:07:14,558 DEBUG    google.auth.transport.requests Making request: GET http://metadata.google.internal/computeMetadata/v1/instance/service-accounts/554650739751-compute@developer.gserviceaccount.com/?recursive=true
2022-11-03 07:07:14,559 DEBUG    urllib3.connectionpool Starting new HTTP connection (1): metadata.google.internal:80
2022-11-03 07:07:14,561 DEBUG    urllib3.connectionpool http://metadata.google.internal:80 "GET /computeMetadata/v1/instance/service-accounts/554650739751-compute@developer.gserviceaccount.com/?recursive=true HTTP/1.1" 200 155
2022-11-03 07:07:14,561 DEBUG    google.auth.transport.requests Making request: GET http://metadata.google.internal/computeMetadata/v1/instance/service-accounts/554650739751-compute@developer.gserviceaccount.com/token
2022-11-03 07:07:14,564 DEBUG    urllib3.connectionpool http://metadata.google.internal:80 "GET /computeMetadata/v1/instance/service-accounts/554650739751-compute@developer.gserviceaccount.com/token HTTP/1.1" 200 267
2022-11-03 07:07:14,589 DEBUG    root            Running [gcloud.container.images.list] with arguments: [--repository: "gcr.io/insight-tool-321814/docker_test_insight"]
2022-11-03 07:07:14,593 DEBUG    urllib3.connectionpool Starting new HTTPS connection (1): gcr.io:443
2022-11-03 07:07:14,607 DEBUG    urllib3.connectionpool https://gcr.io:443 "GET /v2/ HTTP/1.1" 401 None
2022-11-03 07:07:14,612 DEBUG    google.auth.transport.requests Making request: GET http://metadata.google.internal/computeMetadata/v1/instance/service-accounts/554650739751-compute@developer.gserviceaccount.com/?recursive=true
2022-11-03 07:07:14,614 DEBUG    urllib3.connectionpool Starting new HTTP connection (1): metadata.google.internal:80
2022-11-03 07:07:14,615 DEBUG    urllib3.connectionpool http://metadata.google.internal:80 "GET /computeMetadata/v1/instance/service-accounts/554650739751-compute@developer.gserviceaccount.com/?recursive=true HTTP/1.1" 200 155
2022-11-03 07:07:14,615 DEBUG    google.auth.transport.requests Making request: GET http://metadata.google.internal/computeMetadata/v1/instance/service-accounts/554650739751-compute@developer.gserviceaccount.com/token
2022-11-03 07:07:14,618 DEBUG    urllib3.connectionpool http://metadata.google.internal:80 "GET /computeMetadata/v1/instance/service-accounts/554650739751-compute@developer.gserviceaccount.com/token HTTP/1.1" 200 267
2022-11-03 07:07:14,636 DEBUG    urllib3.connectionpool https://gcr.io:443 "GET /v2/token?scope=repository%3Ainsight-tool-321814%2Fdocker_test_insight%3Apull&service=gcr.io HTTP/1.1" 200 None
2022-11-03 07:07:14,773 DEBUG    urllib3.connectionpool https://gcr.io:443 "GET /v2/insight-tool-321814/docker_test_insight/tags/list HTTP/1.1" 200 None
2022-11-03 07:07:14,776 INFO     root            Display format: "table(name)"
2022-11-03 07:07:14,776 INFO     ___FILE_ONLY___ NAME
2022-11-03 07:07:14,776 INFO     ___FILE_ONLY___ 

2022-11-03 07:07:14,777 INFO     ___FILE_ONLY___ gcr.io/insight-tool-321814/docker_test_insight/house_test
2022-11-03 07:07:14,777 INFO     ___FILE_ONLY___ 

2022-11-03 07:07:14,777 INFO     ___FILE_ONLY___ gcr.io/insight-tool-321814/docker_test_insight/preprocessing
2022-11-03 07:07:14,777 INFO     ___FILE_ONLY___ 

2022-11-03 07:07:14,777 DEBUG    root            SDK update checks are disabled.
