2022-11-03 08:17:23,416 DEBUG    root            Loaded Command Group: ['gcloud', 'container', 'images']
2022-11-03 08:17:23,434 DEBUG    root            Loaded Command Group: ['gcloud', 'container', 'images', 'list']
2022-11-03 08:17:23,446 DEBUG    google.auth.transport.requests Making request: GET http://metadata.google.internal/computeMetadata/v1/instance/service-accounts/554650739751-compute@developer.gserviceaccount.com/?recursive=true
2022-11-03 08:17:23,448 DEBUG    urllib3.connectionpool Starting new HTTP connection (1): metadata.google.internal:80
2022-11-03 08:17:23,450 DEBUG    urllib3.connectionpool http://metadata.google.internal:80 "GET /computeMetadata/v1/instance/service-accounts/554650739751-compute@developer.gserviceaccount.com/?recursive=true HTTP/1.1" 200 155
2022-11-03 08:17:23,451 DEBUG    google.auth.transport.requests Making request: GET http://metadata.google.internal/computeMetadata/v1/instance/service-accounts/554650739751-compute@developer.gserviceaccount.com/token
2022-11-03 08:17:23,454 DEBUG    urllib3.connectionpool http://metadata.google.internal:80 "GET /computeMetadata/v1/instance/service-accounts/554650739751-compute@developer.gserviceaccount.com/token HTTP/1.1" 200 268
2022-11-03 08:17:23,469 DEBUG    google.auth.transport.requests Making request: GET http://metadata.google.internal/computeMetadata/v1/instance/service-accounts/554650739751-compute@developer.gserviceaccount.com/?recursive=true
2022-11-03 08:17:23,471 DEBUG    urllib3.connectionpool Starting new HTTP connection (1): metadata.google.internal:80
2022-11-03 08:17:23,473 DEBUG    urllib3.connectionpool http://metadata.google.internal:80 "GET /computeMetadata/v1/instance/service-accounts/554650739751-compute@developer.gserviceaccount.com/?recursive=true HTTP/1.1" 200 155
2022-11-03 08:17:23,473 DEBUG    google.auth.transport.requests Making request: GET http://metadata.google.internal/computeMetadata/v1/instance/service-accounts/554650739751-compute@developer.gserviceaccount.com/token
2022-11-03 08:17:23,477 DEBUG    urllib3.connectionpool http://metadata.google.internal:80 "GET /computeMetadata/v1/instance/service-accounts/554650739751-compute@developer.gserviceaccount.com/token HTTP/1.1" 200 268
2022-11-03 08:17:23,507 DEBUG    root            Running [gcloud.container.images.list] with arguments: [--repository: "gcr.io/insight-tool-321814/docker_test_insight"]
2022-11-03 08:17:23,511 DEBUG    urllib3.connectionpool Starting new HTTPS connection (1): gcr.io:443
2022-11-03 08:17:23,527 DEBUG    urllib3.connectionpool https://gcr.io:443 "GET /v2/ HTTP/1.1" 401 None
2022-11-03 08:17:23,535 DEBUG    google.auth.transport.requests Making request: GET http://metadata.google.internal/computeMetadata/v1/instance/service-accounts/554650739751-compute@developer.gserviceaccount.com/?recursive=true
2022-11-03 08:17:23,536 DEBUG    urllib3.connectionpool Starting new HTTP connection (1): metadata.google.internal:80
2022-11-03 08:17:23,538 DEBUG    urllib3.connectionpool http://metadata.google.internal:80 "GET /computeMetadata/v1/instance/service-accounts/554650739751-compute@developer.gserviceaccount.com/?recursive=true HTTP/1.1" 200 155
2022-11-03 08:17:23,539 DEBUG    google.auth.transport.requests Making request: GET http://metadata.google.internal/computeMetadata/v1/instance/service-accounts/554650739751-compute@developer.gserviceaccount.com/token
2022-11-03 08:17:23,543 DEBUG    urllib3.connectionpool http://metadata.google.internal:80 "GET /computeMetadata/v1/instance/service-accounts/554650739751-compute@developer.gserviceaccount.com/token HTTP/1.1" 200 268
2022-11-03 08:17:23,573 DEBUG    urllib3.connectionpool https://gcr.io:443 "GET /v2/token?scope=repository%3Ainsight-tool-321814%2Fdocker_test_insight%3Apull&service=gcr.io HTTP/1.1" 200 None
2022-11-03 08:17:23,679 DEBUG    urllib3.connectionpool https://gcr.io:443 "GET /v2/insight-tool-321814/docker_test_insight/tags/list HTTP/1.1" 200 None
2022-11-03 08:17:23,683 INFO     root            Display format: "table(name)"
2022-11-03 08:17:23,684 INFO     ___FILE_ONLY___ NAME
2022-11-03 08:17:23,684 INFO     ___FILE_ONLY___ 

2022-11-03 08:17:23,684 INFO     ___FILE_ONLY___ gcr.io/insight-tool-321814/docker_test_insight/house_test
2022-11-03 08:17:23,684 INFO     ___FILE_ONLY___ 

2022-11-03 08:17:23,685 INFO     ___FILE_ONLY___ gcr.io/insight-tool-321814/docker_test_insight/preprocessing
2022-11-03 08:17:23,685 INFO     ___FILE_ONLY___ 

2022-11-03 08:17:23,685 INFO     ___FILE_ONLY___ gcr.io/insight-tool-321814/docker_test_insight/training
2022-11-03 08:17:23,685 INFO     ___FILE_ONLY___ 

2022-11-03 08:17:23,685 DEBUG    root            SDK update checks are disabled.
