2022-11-03 08:12:34,812 DEBUG    root            Loaded Command Group: ['gcloud', 'auth']
2022-11-03 08:12:34,815 DEBUG    root            Loaded Command Group: ['gcloud', 'auth', 'docker_helper']
2022-11-03 08:12:34,817 DEBUG    root            Running [gcloud.auth.docker-helper] with arguments: [METHOD: "get"]
2022-11-03 08:12:34,825 DEBUG    google.auth.transport.requests Making request: GET http://metadata.google.internal/computeMetadata/v1/instance/service-accounts/554650739751-compute@developer.gserviceaccount.com/?recursive=true
2022-11-03 08:12:34,827 DEBUG    urllib3.connectionpool Starting new HTTP connection (1): metadata.google.internal:80
2022-11-03 08:12:34,829 DEBUG    urllib3.connectionpool http://metadata.google.internal:80 "GET /computeMetadata/v1/instance/service-accounts/554650739751-compute@developer.gserviceaccount.com/?recursive=true HTTP/1.1" 200 155
2022-11-03 08:12:34,830 DEBUG    google.auth.transport.requests Making request: GET http://metadata.google.internal/computeMetadata/v1/instance/service-accounts/554650739751-compute@developer.gserviceaccount.com/token
2022-11-03 08:12:34,833 DEBUG    urllib3.connectionpool http://metadata.google.internal:80 "GET /computeMetadata/v1/instance/service-accounts/554650739751-compute@developer.gserviceaccount.com/token HTTP/1.1" 200 267
2022-11-03 08:12:34,836 DEBUG    google.auth.transport.requests Making request: GET http://metadata.google.internal/computeMetadata/v1/instance/service-accounts/554650739751-compute@developer.gserviceaccount.com/?recursive=true
2022-11-03 08:12:34,838 DEBUG    urllib3.connectionpool Starting new HTTP connection (1): metadata.google.internal:80
2022-11-03 08:12:34,840 DEBUG    urllib3.connectionpool http://metadata.google.internal:80 "GET /computeMetadata/v1/instance/service-accounts/554650739751-compute@developer.gserviceaccount.com/?recursive=true HTTP/1.1" 200 155
2022-11-03 08:12:34,841 DEBUG    google.auth.transport.requests Making request: GET http://metadata.google.internal/computeMetadata/v1/instance/service-accounts/554650739751-compute@developer.gserviceaccount.com/token?scopes=https%3A%2F%2Fwww.googleapis.com%2Fauth%2Fcloud-platform%2Chttps%3A%2F%2Fwww.googleapis.com%2Fauth%2Fuserinfo.email
2022-11-03 08:12:34,844 DEBUG    urllib3.connectionpool http://metadata.google.internal:80 "GET /computeMetadata/v1/instance/service-accounts/554650739751-compute@developer.gserviceaccount.com/token?scopes=https%3A%2F%2Fwww.googleapis.com%2Fauth%2Fcloud-platform%2Chttps%3A%2F%2Fwww.googleapis.com%2Fauth%2Fuserinfo.email HTTP/1.1" 200 267
2022-11-03 08:12:34,847 INFO     root            Display format: "json"
2022-11-03 08:12:34,847 INFO     ___FILE_ONLY___ {
  "Secret": "ya29.c.b0AUFJQsGHCdZAi9Pt9zjU966zy70kO-0mh1v2b0lVcxyPPBLknNaYEroZoqi2ly9OlVV48nqEew4p6ZGvQAJBinKpP6bjNDBoY3F6waEYjQ2UXFq9BcTIfCosupv4jSvu4gAaY_U2BXCH_EU7hewpil3SLWQnu4ZUhTLT1_0kN-Ll_ukVLZRriLqPhAgzeT7D_6X0W4W8QmM............................................................................................................................................................................................................................................................................................................................................................................................................................................................................................................................................................................................................................................................................................................................................................................................................................................",
  "Username": "_dcgcloud_token"
}
2022-11-03 08:12:34,847 INFO     ___FILE_ONLY___ 

2022-11-03 08:12:34,848 DEBUG    root            SDK update checks are disabled.
