2022-11-03 08:30:05,862 DEBUG    root            Loaded Command Group: ['gcloud', 'auth']
2022-11-03 08:30:05,865 DEBUG    root            Loaded Command Group: ['gcloud', 'auth', 'docker_helper']
2022-11-03 08:30:05,867 DEBUG    root            Running [gcloud.auth.docker-helper] with arguments: [METHOD: "get"]
2022-11-03 08:30:05,878 DEBUG    google.auth.transport.requests Making request: GET http://metadata.google.internal/computeMetadata/v1/instance/service-accounts/554650739751-compute@developer.gserviceaccount.com/?recursive=true
2022-11-03 08:30:05,880 DEBUG    urllib3.connectionpool Starting new HTTP connection (1): metadata.google.internal:80
2022-11-03 08:30:05,882 DEBUG    urllib3.connectionpool http://metadata.google.internal:80 "GET /computeMetadata/v1/instance/service-accounts/554650739751-compute@developer.gserviceaccount.com/?recursive=true HTTP/1.1" 200 155
2022-11-03 08:30:05,883 DEBUG    google.auth.transport.requests Making request: GET http://metadata.google.internal/computeMetadata/v1/instance/service-accounts/554650739751-compute@developer.gserviceaccount.com/token
2022-11-03 08:30:05,885 DEBUG    urllib3.connectionpool http://metadata.google.internal:80 "GET /computeMetadata/v1/instance/service-accounts/554650739751-compute@developer.gserviceaccount.com/token HTTP/1.1" 200 266
2022-11-03 08:30:05,895 DEBUG    google.auth.transport.requests Making request: GET http://metadata.google.internal/computeMetadata/v1/instance/service-accounts/554650739751-compute@developer.gserviceaccount.com/?recursive=true
2022-11-03 08:30:05,896 DEBUG    urllib3.connectionpool Starting new HTTP connection (1): metadata.google.internal:80
2022-11-03 08:30:05,898 DEBUG    urllib3.connectionpool http://metadata.google.internal:80 "GET /computeMetadata/v1/instance/service-accounts/554650739751-compute@developer.gserviceaccount.com/?recursive=true HTTP/1.1" 200 155
2022-11-03 08:30:05,899 DEBUG    google.auth.transport.requests Making request: GET http://metadata.google.internal/computeMetadata/v1/instance/service-accounts/554650739751-compute@developer.gserviceaccount.com/token?scopes=https%3A%2F%2Fwww.googleapis.com%2Fauth%2Fcloud-platform%2Chttps%3A%2F%2Fwww.googleapis.com%2Fauth%2Fuserinfo.email
2022-11-03 08:30:05,903 DEBUG    urllib3.connectionpool http://metadata.google.internal:80 "GET /computeMetadata/v1/instance/service-accounts/554650739751-compute@developer.gserviceaccount.com/token?scopes=https%3A%2F%2Fwww.googleapis.com%2Fauth%2Fcloud-platform%2Chttps%3A%2F%2Fwww.googleapis.com%2Fauth%2Fuserinfo.email HTTP/1.1" 200 266
2022-11-03 08:30:05,906 INFO     root            Display format: "json"
2022-11-03 08:30:05,907 INFO     ___FILE_ONLY___ {
  "Secret": "ya29.c.b0AUFJQsHFlCFGXkos0do_LKb5LOp1tTmsFGFUCwD1kBRah-nKrUpbrUwH-RxfLodCR1UibQjvfRhpVuYQF1gJhAKND3aUs3mOhH_KhcXq3Knk-Y3ofPaRgTDQwCW-oHmDgVDdjbwVVKc6QQYeopX-Xoktwzs4rnZia2CQcy5y3DCYQ2ksfXjkrvtZUKM6UHMcIW-jHR9yD5o............................................................................................................................................................................................................................................................................................................................................................................................................................................................................................................................................................................................................................................................................................................................................................................................................................................",
  "Username": "_dcgcloud_token"
}
2022-11-03 08:30:05,907 INFO     ___FILE_ONLY___ 

2022-11-03 08:30:05,907 DEBUG    root            SDK update checks are disabled.
