2022-11-03 08:30:06,702 DEBUG    root            Loaded Command Group: ['gcloud', 'auth']
2022-11-03 08:30:06,705 DEBUG    root            Loaded Command Group: ['gcloud', 'auth', 'docker_helper']
2022-11-03 08:30:06,707 DEBUG    root            Running [gcloud.auth.docker-helper] with arguments: [METHOD: "get"]
2022-11-03 08:30:06,714 DEBUG    google.auth.transport.requests Making request: GET http://metadata.google.internal/computeMetadata/v1/instance/service-accounts/554650739751-compute@developer.gserviceaccount.com/?recursive=true
2022-11-03 08:30:06,716 DEBUG    urllib3.connectionpool Starting new HTTP connection (1): metadata.google.internal:80
2022-11-03 08:30:06,718 DEBUG    urllib3.connectionpool http://metadata.google.internal:80 "GET /computeMetadata/v1/instance/service-accounts/554650739751-compute@developer.gserviceaccount.com/?recursive=true HTTP/1.1" 200 155
2022-11-03 08:30:06,719 DEBUG    google.auth.transport.requests Making request: GET http://metadata.google.internal/computeMetadata/v1/instance/service-accounts/554650739751-compute@developer.gserviceaccount.com/token
2022-11-03 08:30:06,721 DEBUG    urllib3.connectionpool http://metadata.google.internal:80 "GET /computeMetadata/v1/instance/service-accounts/554650739751-compute@developer.gserviceaccount.com/token HTTP/1.1" 200 266
2022-11-03 08:30:06,725 DEBUG    google.auth.transport.requests Making request: GET http://metadata.google.internal/computeMetadata/v1/instance/service-accounts/554650739751-compute@developer.gserviceaccount.com/?recursive=true
2022-11-03 08:30:06,727 DEBUG    urllib3.connectionpool Starting new HTTP connection (1): metadata.google.internal:80
2022-11-03 08:30:06,729 DEBUG    urllib3.connectionpool http://metadata.google.internal:80 "GET /computeMetadata/v1/instance/service-accounts/554650739751-compute@developer.gserviceaccount.com/?recursive=true HTTP/1.1" 200 155
2022-11-03 08:30:06,730 DEBUG    google.auth.transport.requests Making request: GET http://metadata.google.internal/computeMetadata/v1/instance/service-accounts/554650739751-compute@developer.gserviceaccount.com/token?scopes=https%3A%2F%2Fwww.googleapis.com%2Fauth%2Fcloud-platform%2Chttps%3A%2F%2Fwww.googleapis.com%2Fauth%2Fuserinfo.email
2022-11-03 08:30:06,733 DEBUG    urllib3.connectionpool http://metadata.google.internal:80 "GET /computeMetadata/v1/instance/service-accounts/554650739751-compute@developer.gserviceaccount.com/token?scopes=https%3A%2F%2Fwww.googleapis.com%2Fauth%2Fcloud-platform%2Chttps%3A%2F%2Fwww.googleapis.com%2Fauth%2Fuserinfo.email HTTP/1.1" 200 266
2022-11-03 08:30:06,737 INFO     root            Display format: "json"
2022-11-03 08:30:06,737 INFO     ___FILE_ONLY___ {
  "Secret": "ya29.c.b0AUFJQsHFlCFGXkos0do_LKb5LOp1tTmsFGFUCwD1kBRah-nKrUpbrUwH-RxfLodCR1UibQjvfRhpVuYQF1gJhAKND3aUs3mOhH_KhcXq3Knk-Y3ofPaRgTDQwCW-oHmDgVDdjbwVVKc6QQYeopX-Xoktwzs4rnZia2CQcy5y3DCYQ2ksfXjkrvtZUKM6UHMcIW-jHR9yD5o............................................................................................................................................................................................................................................................................................................................................................................................................................................................................................................................................................................................................................................................................................................................................................................................................................................",
  "Username": "_dcgcloud_token"
}
2022-11-03 08:30:06,738 INFO     ___FILE_ONLY___ 

2022-11-03 08:30:06,738 DEBUG    root            SDK update checks are disabled.
