2022-11-03 08:51:36,631 DEBUG    root            Loaded Command Group: ['gcloud', 'container', 'images']
2022-11-03 08:51:36,648 DEBUG    root            Loaded Command Group: ['gcloud', 'container', 'images', 'list']
2022-11-03 08:51:36,660 DEBUG    google.auth.transport.requests Making request: GET http://metadata.google.internal/computeMetadata/v1/instance/service-accounts/554650739751-compute@developer.gserviceaccount.com/?recursive=true
2022-11-03 08:51:36,662 DEBUG    urllib3.connectionpool Starting new HTTP connection (1): metadata.google.internal:80
2022-11-03 08:51:36,664 DEBUG    urllib3.connectionpool http://metadata.google.internal:80 "GET /computeMetadata/v1/instance/service-accounts/554650739751-compute@developer.gserviceaccount.com/?recursive=true HTTP/1.1" 200 155
2022-11-03 08:51:36,665 DEBUG    google.auth.transport.requests Making request: GET http://metadata.google.internal/computeMetadata/v1/instance/service-accounts/554650739751-compute@developer.gserviceaccount.com/token
2022-11-03 08:51:36,668 DEBUG    urllib3.connectionpool http://metadata.google.internal:80 "GET /computeMetadata/v1/instance/service-accounts/554650739751-compute@developer.gserviceaccount.com/token HTTP/1.1" 200 268
2022-11-03 08:51:36,683 DEBUG    google.auth.transport.requests Making request: GET http://metadata.google.internal/computeMetadata/v1/instance/service-accounts/554650739751-compute@developer.gserviceaccount.com/?recursive=true
2022-11-03 08:51:36,685 DEBUG    urllib3.connectionpool Starting new HTTP connection (1): metadata.google.internal:80
2022-11-03 08:51:36,687 DEBUG    urllib3.connectionpool http://metadata.google.internal:80 "GET /computeMetadata/v1/instance/service-accounts/554650739751-compute@developer.gserviceaccount.com/?recursive=true HTTP/1.1" 200 155
2022-11-03 08:51:36,688 DEBUG    google.auth.transport.requests Making request: GET http://metadata.google.internal/computeMetadata/v1/instance/service-accounts/554650739751-compute@developer.gserviceaccount.com/token
2022-11-03 08:51:36,691 DEBUG    urllib3.connectionpool http://metadata.google.internal:80 "GET /computeMetadata/v1/instance/service-accounts/554650739751-compute@developer.gserviceaccount.com/token HTTP/1.1" 200 268
2022-11-03 08:51:36,720 DEBUG    root            Running [gcloud.container.images.list] with arguments: [--repository: "gcr.io/insight-tool-321814/docker_test_insight"]
2022-11-03 08:51:36,724 DEBUG    urllib3.connectionpool Starting new HTTPS connection (1): gcr.io:443
2022-11-03 08:51:36,740 DEBUG    urllib3.connectionpool https://gcr.io:443 "GET /v2/ HTTP/1.1" 401 None
2022-11-03 08:51:36,747 DEBUG    google.auth.transport.requests Making request: GET http://metadata.google.internal/computeMetadata/v1/instance/service-accounts/554650739751-compute@developer.gserviceaccount.com/?recursive=true
2022-11-03 08:51:36,748 DEBUG    urllib3.connectionpool Starting new HTTP connection (1): metadata.google.internal:80
2022-11-03 08:51:36,750 DEBUG    urllib3.connectionpool http://metadata.google.internal:80 "GET /computeMetadata/v1/instance/service-accounts/554650739751-compute@developer.gserviceaccount.com/?recursive=true HTTP/1.1" 200 155
2022-11-03 08:51:36,751 DEBUG    google.auth.transport.requests Making request: GET http://metadata.google.internal/computeMetadata/v1/instance/service-accounts/554650739751-compute@developer.gserviceaccount.com/token
2022-11-03 08:51:36,754 DEBUG    urllib3.connectionpool http://metadata.google.internal:80 "GET /computeMetadata/v1/instance/service-accounts/554650739751-compute@developer.gserviceaccount.com/token HTTP/1.1" 200 268
2022-11-03 08:51:36,783 DEBUG    urllib3.connectionpool https://gcr.io:443 "GET /v2/token?scope=repository%3Ainsight-tool-321814%2Fdocker_test_insight%3Apull&service=gcr.io HTTP/1.1" 200 None
2022-11-03 08:51:36,899 DEBUG    urllib3.connectionpool https://gcr.io:443 "GET /v2/insight-tool-321814/docker_test_insight/tags/list HTTP/1.1" 200 None
2022-11-03 08:51:36,902 INFO     root            Display format: "table(name)"
2022-11-03 08:51:36,903 INFO     ___FILE_ONLY___ NAME
2022-11-03 08:51:36,903 INFO     ___FILE_ONLY___ 

2022-11-03 08:51:36,903 INFO     ___FILE_ONLY___ gcr.io/insight-tool-321814/docker_test_insight/house_test
2022-11-03 08:51:36,904 INFO     ___FILE_ONLY___ 

2022-11-03 08:51:36,904 INFO     ___FILE_ONLY___ gcr.io/insight-tool-321814/docker_test_insight/prediction
2022-11-03 08:51:36,904 INFO     ___FILE_ONLY___ 

2022-11-03 08:51:36,904 INFO     ___FILE_ONLY___ gcr.io/insight-tool-321814/docker_test_insight/preprocessing
2022-11-03 08:51:36,904 INFO     ___FILE_ONLY___ 

2022-11-03 08:51:36,904 INFO     ___FILE_ONLY___ gcr.io/insight-tool-321814/docker_test_insight/training
2022-11-03 08:51:36,904 INFO     ___FILE_ONLY___ 

2022-11-03 08:51:36,905 DEBUG    root            SDK update checks are disabled.
