2022-11-21 15:53:19,721 DEBUG    root            Loaded Command Group: ['gcloud', 'auth']
2022-11-21 15:53:19,724 DEBUG    root            Loaded Command Group: ['gcloud', 'auth', 'docker_helper']
2022-11-21 15:53:19,726 DEBUG    root            Running [gcloud.auth.docker-helper] with arguments: [METHOD: "get"]
2022-11-21 15:53:19,757 DEBUG    google.auth.transport.requests Making request: GET http://metadata.google.internal/computeMetadata/v1/instance/service-accounts/554650739751-compute@developer.gserviceaccount.com/?recursive=true
2022-11-21 15:53:19,760 DEBUG    urllib3.connectionpool Starting new HTTP connection (1): metadata.google.internal:80
2022-11-21 15:53:19,762 DEBUG    urllib3.connectionpool http://metadata.google.internal:80 "GET /computeMetadata/v1/instance/service-accounts/554650739751-compute@developer.gserviceaccount.com/?recursive=true HTTP/1.1" 200 155
2022-11-21 15:53:19,762 DEBUG    google.auth.transport.requests Making request: GET http://metadata.google.internal/computeMetadata/v1/instance/service-accounts/554650739751-compute@developer.gserviceaccount.com/token
2022-11-21 15:53:19,766 DEBUG    urllib3.connectionpool http://metadata.google.internal:80 "GET /computeMetadata/v1/instance/service-accounts/554650739751-compute@developer.gserviceaccount.com/token HTTP/1.1" 200 269
2022-11-21 15:53:19,776 DEBUG    google.auth.transport.requests Making request: GET http://metadata.google.internal/computeMetadata/v1/instance/service-accounts/554650739751-compute@developer.gserviceaccount.com/?recursive=true
2022-11-21 15:53:19,777 DEBUG    urllib3.connectionpool Starting new HTTP connection (1): metadata.google.internal:80
2022-11-21 15:53:19,779 DEBUG    urllib3.connectionpool http://metadata.google.internal:80 "GET /computeMetadata/v1/instance/service-accounts/554650739751-compute@developer.gserviceaccount.com/?recursive=true HTTP/1.1" 200 155
2022-11-21 15:53:19,780 DEBUG    google.auth.transport.requests Making request: GET http://metadata.google.internal/computeMetadata/v1/instance/service-accounts/554650739751-compute@developer.gserviceaccount.com/token?scopes=https%3A%2F%2Fwww.googleapis.com%2Fauth%2Fcloud-platform%2Chttps%3A%2F%2Fwww.googleapis.com%2Fauth%2Fuserinfo.email
2022-11-21 15:53:19,783 DEBUG    urllib3.connectionpool http://metadata.google.internal:80 "GET /computeMetadata/v1/instance/service-accounts/554650739751-compute@developer.gserviceaccount.com/token?scopes=https%3A%2F%2Fwww.googleapis.com%2Fauth%2Fcloud-platform%2Chttps%3A%2F%2Fwww.googleapis.com%2Fauth%2Fuserinfo.email HTTP/1.1" 200 269
2022-11-21 15:53:19,787 INFO     root            Display format: "json"
2022-11-21 15:53:19,787 INFO     ___FILE_ONLY___ {
  "Secret": "ya29.c.b0Aa9Vdynd7m6kdD5vuq5A3vaqURSFhuMNC7DAk9W44lwt-XGVYMv4tYJlLypVd39qHumvQ6RLclf699FrxEw6vSi36oPshtzQUKfnzk5XY_2ByJ1FfX2_Fe4KpXy4unUarIYZzb7TwVZPSKMHwFeMqRu_Gg59la-k13NquUIkJOyyGvtZJtyGCiDJ3JBjASOX5mU0UFj_dTQ............................................................................................................................................................................................................................................................................................................................................................................................................................................................................................................................................................................................................................................................................................................................................................................................................................................",
  "Username": "_dcgcloud_token"
}
2022-11-21 15:53:19,787 INFO     ___FILE_ONLY___ 

2022-11-21 15:53:19,788 DEBUG    root            SDK update checks are disabled.
