2022-11-21 15:56:01,739 DEBUG    root            Loaded Command Group: ['gcloud', 'container', 'images']
2022-11-21 15:56:01,771 DEBUG    root            Loaded Command Group: ['gcloud', 'container', 'images', 'list']
2022-11-21 15:56:01,790 DEBUG    google.auth.transport.requests Making request: GET http://metadata.google.internal/computeMetadata/v1/instance/service-accounts/554650739751-compute@developer.gserviceaccount.com/?recursive=true
2022-11-21 15:56:01,795 DEBUG    urllib3.connectionpool Starting new HTTP connection (1): metadata.google.internal:80
2022-11-21 15:56:01,800 DEBUG    urllib3.connectionpool http://metadata.google.internal:80 "GET /computeMetadata/v1/instance/service-accounts/554650739751-compute@developer.gserviceaccount.com/?recursive=true HTTP/1.1" 200 155
2022-11-21 15:56:01,801 DEBUG    google.auth.transport.requests Making request: GET http://metadata.google.internal/computeMetadata/v1/instance/service-accounts/554650739751-compute@developer.gserviceaccount.com/token
2022-11-21 15:56:01,806 DEBUG    urllib3.connectionpool http://metadata.google.internal:80 "GET /computeMetadata/v1/instance/service-accounts/554650739751-compute@developer.gserviceaccount.com/token HTTP/1.1" 200 269
2022-11-21 15:56:01,822 DEBUG    google.auth.transport.requests Making request: GET http://metadata.google.internal/computeMetadata/v1/instance/service-accounts/554650739751-compute@developer.gserviceaccount.com/?recursive=true
2022-11-21 15:56:01,825 DEBUG    urllib3.connectionpool Starting new HTTP connection (1): metadata.google.internal:80
2022-11-21 15:56:01,832 DEBUG    urllib3.connectionpool http://metadata.google.internal:80 "GET /computeMetadata/v1/instance/service-accounts/554650739751-compute@developer.gserviceaccount.com/?recursive=true HTTP/1.1" 200 155
2022-11-21 15:56:01,833 DEBUG    google.auth.transport.requests Making request: GET http://metadata.google.internal/computeMetadata/v1/instance/service-accounts/554650739751-compute@developer.gserviceaccount.com/token
2022-11-21 15:56:01,837 DEBUG    urllib3.connectionpool http://metadata.google.internal:80 "GET /computeMetadata/v1/instance/service-accounts/554650739751-compute@developer.gserviceaccount.com/token HTTP/1.1" 200 269
2022-11-21 15:56:02,096 DEBUG    root            Running [gcloud.container.images.list] with arguments: [--repository: "gcr.io/insight-tool-321814/docker_test_insight"]
2022-11-21 15:56:02,103 DEBUG    urllib3.connectionpool Starting new HTTPS connection (1): gcr.io:443
2022-11-21 15:56:02,368 DEBUG    urllib3.connectionpool https://gcr.io:443 "GET /v2/ HTTP/1.1" 401 None
2022-11-21 15:56:02,375 DEBUG    google.auth.transport.requests Making request: GET http://metadata.google.internal/computeMetadata/v1/instance/service-accounts/554650739751-compute@developer.gserviceaccount.com/?recursive=true
2022-11-21 15:56:02,378 DEBUG    urllib3.connectionpool Starting new HTTP connection (1): metadata.google.internal:80
2022-11-21 15:56:02,381 DEBUG    urllib3.connectionpool http://metadata.google.internal:80 "GET /computeMetadata/v1/instance/service-accounts/554650739751-compute@developer.gserviceaccount.com/?recursive=true HTTP/1.1" 200 155
2022-11-21 15:56:02,382 DEBUG    google.auth.transport.requests Making request: GET http://metadata.google.internal/computeMetadata/v1/instance/service-accounts/554650739751-compute@developer.gserviceaccount.com/token
2022-11-21 15:56:02,387 DEBUG    urllib3.connectionpool http://metadata.google.internal:80 "GET /computeMetadata/v1/instance/service-accounts/554650739751-compute@developer.gserviceaccount.com/token HTTP/1.1" 200 269
2022-11-21 15:56:02,415 DEBUG    urllib3.connectionpool https://gcr.io:443 "GET /v2/token?scope=repository%3Ainsight-tool-321814%2Fdocker_test_insight%3Apull&service=gcr.io HTTP/1.1" 200 None
2022-11-21 15:56:02,558 DEBUG    urllib3.connectionpool https://gcr.io:443 "GET /v2/insight-tool-321814/docker_test_insight/tags/list HTTP/1.1" 200 None
2022-11-21 15:56:02,560 INFO     root            Display format: "table(name)"
2022-11-21 15:56:02,564 INFO     ___FILE_ONLY___ NAME
2022-11-21 15:56:02,565 INFO     ___FILE_ONLY___ 

2022-11-21 15:56:02,565 INFO     ___FILE_ONLY___ gcr.io/insight-tool-321814/docker_test_insight/common_container
2022-11-21 15:56:02,566 INFO     ___FILE_ONLY___ 

2022-11-21 15:56:02,566 INFO     ___FILE_ONLY___ gcr.io/insight-tool-321814/docker_test_insight/house_test
2022-11-21 15:56:02,566 INFO     ___FILE_ONLY___ 

2022-11-21 15:56:02,567 INFO     ___FILE_ONLY___ gcr.io/insight-tool-321814/docker_test_insight/prediction
2022-11-21 15:56:02,567 INFO     ___FILE_ONLY___ 

2022-11-21 15:56:02,570 INFO     ___FILE_ONLY___ gcr.io/insight-tool-321814/docker_test_insight/prediction_cloudbuild_test_2
2022-11-21 15:56:02,571 INFO     ___FILE_ONLY___ 

2022-11-21 15:56:02,571 INFO     ___FILE_ONLY___ gcr.io/insight-tool-321814/docker_test_insight/prediction_cloudbuild_test_4
2022-11-21 15:56:02,572 INFO     ___FILE_ONLY___ 

2022-11-21 15:56:02,572 INFO     ___FILE_ONLY___ gcr.io/insight-tool-321814/docker_test_insight/preprocessing
2022-11-21 15:56:02,572 INFO     ___FILE_ONLY___ 

2022-11-21 15:56:02,573 INFO     ___FILE_ONLY___ gcr.io/insight-tool-321814/docker_test_insight/preprocessing_cloudbuild_test
2022-11-21 15:56:02,573 INFO     ___FILE_ONLY___ 

2022-11-21 15:56:02,574 INFO     ___FILE_ONLY___ gcr.io/insight-tool-321814/docker_test_insight/preprocessing_cloudbuild_test_2
2022-11-21 15:56:02,574 INFO     ___FILE_ONLY___ 

2022-11-21 15:56:02,574 INFO     ___FILE_ONLY___ gcr.io/insight-tool-321814/docker_test_insight/preprocessing_cloudbuild_test_4
2022-11-21 15:56:02,574 INFO     ___FILE_ONLY___ 

2022-11-21 15:56:02,575 INFO     ___FILE_ONLY___ gcr.io/insight-tool-321814/docker_test_insight/training
2022-11-21 15:56:02,575 INFO     ___FILE_ONLY___ 

2022-11-21 15:56:02,576 INFO     ___FILE_ONLY___ gcr.io/insight-tool-321814/docker_test_insight/training_cloudbuild_test
2022-11-21 15:56:02,576 INFO     ___FILE_ONLY___ 

2022-11-21 15:56:02,576 INFO     ___FILE_ONLY___ gcr.io/insight-tool-321814/docker_test_insight/training_cloudbuild_test_2
2022-11-21 15:56:02,577 INFO     ___FILE_ONLY___ 

2022-11-21 15:56:02,577 INFO     ___FILE_ONLY___ gcr.io/insight-tool-321814/docker_test_insight/training_cloudbuild_test_4
2022-11-21 15:56:02,578 INFO     ___FILE_ONLY___ 

2022-11-21 15:56:02,579 DEBUG    root            SDK update checks are disabled.
2022-11-21 15:56:02,582 INFO     ___FILE_ONLY___ 

To take a quick anonymous survey, run:
  $ gcloud survey


