2022-11-15 06:25:00,998 DEBUG    root            Loaded Command Group: ['gcloud', 'container', 'images']
2022-11-15 06:25:01,014 DEBUG    root            Loaded Command Group: ['gcloud', 'container', 'images', 'list']
2022-11-15 06:25:01,023 DEBUG    google.auth.transport.requests Making request: GET http://metadata.google.internal/computeMetadata/v1/instance/service-accounts/554650739751-compute@developer.gserviceaccount.com/?recursive=true
2022-11-15 06:25:01,025 DEBUG    urllib3.connectionpool Starting new HTTP connection (1): metadata.google.internal:80
2022-11-15 06:25:01,027 DEBUG    urllib3.connectionpool http://metadata.google.internal:80 "GET /computeMetadata/v1/instance/service-accounts/554650739751-compute@developer.gserviceaccount.com/?recursive=true HTTP/1.1" 200 155
2022-11-15 06:25:01,028 DEBUG    google.auth.transport.requests Making request: GET http://metadata.google.internal/computeMetadata/v1/instance/service-accounts/554650739751-compute@developer.gserviceaccount.com/token
2022-11-15 06:25:01,031 DEBUG    urllib3.connectionpool http://metadata.google.internal:80 "GET /computeMetadata/v1/instance/service-accounts/554650739751-compute@developer.gserviceaccount.com/token HTTP/1.1" 200 267
2022-11-15 06:25:01,043 DEBUG    google.auth.transport.requests Making request: GET http://metadata.google.internal/computeMetadata/v1/instance/service-accounts/554650739751-compute@developer.gserviceaccount.com/?recursive=true
2022-11-15 06:25:01,044 DEBUG    urllib3.connectionpool Starting new HTTP connection (1): metadata.google.internal:80
2022-11-15 06:25:01,046 DEBUG    urllib3.connectionpool http://metadata.google.internal:80 "GET /computeMetadata/v1/instance/service-accounts/554650739751-compute@developer.gserviceaccount.com/?recursive=true HTTP/1.1" 200 155
2022-11-15 06:25:01,047 DEBUG    google.auth.transport.requests Making request: GET http://metadata.google.internal/computeMetadata/v1/instance/service-accounts/554650739751-compute@developer.gserviceaccount.com/token
2022-11-15 06:25:01,049 DEBUG    urllib3.connectionpool http://metadata.google.internal:80 "GET /computeMetadata/v1/instance/service-accounts/554650739751-compute@developer.gserviceaccount.com/token HTTP/1.1" 200 267
2022-11-15 06:25:01,074 DEBUG    root            Running [gcloud.container.images.list] with arguments: [--repository: "gcr.io/insight-tool-321814/docker_test_insight"]
2022-11-15 06:25:01,077 DEBUG    urllib3.connectionpool Starting new HTTPS connection (1): gcr.io:443
2022-11-15 06:25:01,095 DEBUG    urllib3.connectionpool https://gcr.io:443 "GET /v2/ HTTP/1.1" 401 None
2022-11-15 06:25:01,099 DEBUG    google.auth.transport.requests Making request: GET http://metadata.google.internal/computeMetadata/v1/instance/service-accounts/554650739751-compute@developer.gserviceaccount.com/?recursive=true
2022-11-15 06:25:01,101 DEBUG    urllib3.connectionpool Starting new HTTP connection (1): metadata.google.internal:80
2022-11-15 06:25:01,103 DEBUG    urllib3.connectionpool http://metadata.google.internal:80 "GET /computeMetadata/v1/instance/service-accounts/554650739751-compute@developer.gserviceaccount.com/?recursive=true HTTP/1.1" 200 155
2022-11-15 06:25:01,103 DEBUG    google.auth.transport.requests Making request: GET http://metadata.google.internal/computeMetadata/v1/instance/service-accounts/554650739751-compute@developer.gserviceaccount.com/token
2022-11-15 06:25:01,106 DEBUG    urllib3.connectionpool http://metadata.google.internal:80 "GET /computeMetadata/v1/instance/service-accounts/554650739751-compute@developer.gserviceaccount.com/token HTTP/1.1" 200 267
2022-11-15 06:25:01,134 DEBUG    urllib3.connectionpool https://gcr.io:443 "GET /v2/token?scope=repository%3Ainsight-tool-321814%2Fdocker_test_insight%3Apull&service=gcr.io HTTP/1.1" 200 None
2022-11-15 06:25:01,259 DEBUG    urllib3.connectionpool https://gcr.io:443 "GET /v2/insight-tool-321814/docker_test_insight/tags/list HTTP/1.1" 200 None
2022-11-15 06:25:01,261 INFO     root            Display format: "table(name)"
2022-11-15 06:25:01,263 INFO     ___FILE_ONLY___ NAME
2022-11-15 06:25:01,264 INFO     ___FILE_ONLY___ 

2022-11-15 06:25:01,264 INFO     ___FILE_ONLY___ gcr.io/insight-tool-321814/docker_test_insight/house_test
2022-11-15 06:25:01,264 INFO     ___FILE_ONLY___ 

2022-11-15 06:25:01,264 INFO     ___FILE_ONLY___ gcr.io/insight-tool-321814/docker_test_insight/prediction
2022-11-15 06:25:01,265 INFO     ___FILE_ONLY___ 

2022-11-15 06:25:01,265 INFO     ___FILE_ONLY___ gcr.io/insight-tool-321814/docker_test_insight/prediction_cloudbuild_test_2
2022-11-15 06:25:01,265 INFO     ___FILE_ONLY___ 

2022-11-15 06:25:01,265 INFO     ___FILE_ONLY___ gcr.io/insight-tool-321814/docker_test_insight/prediction_cloudbuild_test_4
2022-11-15 06:25:01,266 INFO     ___FILE_ONLY___ 

2022-11-15 06:25:01,266 INFO     ___FILE_ONLY___ gcr.io/insight-tool-321814/docker_test_insight/preprocessing
2022-11-15 06:25:01,266 INFO     ___FILE_ONLY___ 

2022-11-15 06:25:01,266 INFO     ___FILE_ONLY___ gcr.io/insight-tool-321814/docker_test_insight/preprocessing_cloudbuild_test
2022-11-15 06:25:01,267 INFO     ___FILE_ONLY___ 

2022-11-15 06:25:01,267 INFO     ___FILE_ONLY___ gcr.io/insight-tool-321814/docker_test_insight/preprocessing_cloudbuild_test_2
2022-11-15 06:25:01,267 INFO     ___FILE_ONLY___ 

2022-11-15 06:25:01,267 INFO     ___FILE_ONLY___ gcr.io/insight-tool-321814/docker_test_insight/preprocessing_cloudbuild_test_4
2022-11-15 06:25:01,267 INFO     ___FILE_ONLY___ 

2022-11-15 06:25:01,267 INFO     ___FILE_ONLY___ gcr.io/insight-tool-321814/docker_test_insight/training
2022-11-15 06:25:01,268 INFO     ___FILE_ONLY___ 

2022-11-15 06:25:01,268 INFO     ___FILE_ONLY___ gcr.io/insight-tool-321814/docker_test_insight/training_cloudbuild_test
2022-11-15 06:25:01,268 INFO     ___FILE_ONLY___ 

2022-11-15 06:25:01,268 INFO     ___FILE_ONLY___ gcr.io/insight-tool-321814/docker_test_insight/training_cloudbuild_test_2
2022-11-15 06:25:01,269 INFO     ___FILE_ONLY___ 

2022-11-15 06:25:01,269 INFO     ___FILE_ONLY___ gcr.io/insight-tool-321814/docker_test_insight/training_cloudbuild_test_4
2022-11-15 06:25:01,269 INFO     ___FILE_ONLY___ 

2022-11-15 06:25:01,269 DEBUG    root            SDK update checks are disabled.
