2022-11-25 02:27:03,286 DEBUG    root            Loaded Command Group: ['gcloud', 'container', 'clusters']
2022-11-25 02:27:03,339 DEBUG    root            Loaded Command Group: ['gcloud', 'container', 'clusters', 'get_credentials']
2022-11-25 02:27:03,359 DEBUG    google.auth.transport.requests Making request: GET http://metadata.google.internal/computeMetadata/v1/instance/service-accounts/554650739751-compute@developer.gserviceaccount.com/?recursive=true
2022-11-25 02:27:03,363 DEBUG    urllib3.connectionpool Starting new HTTP connection (1): metadata.google.internal:80
2022-11-25 02:27:03,366 DEBUG    urllib3.connectionpool http://metadata.google.internal:80 "GET /computeMetadata/v1/instance/service-accounts/554650739751-compute@developer.gserviceaccount.com/?recursive=true HTTP/1.1" 200 155
2022-11-25 02:27:03,367 DEBUG    google.auth.transport.requests Making request: GET http://metadata.google.internal/computeMetadata/v1/instance/service-accounts/554650739751-compute@developer.gserviceaccount.com/token
2022-11-25 02:27:03,371 DEBUG    urllib3.connectionpool http://metadata.google.internal:80 "GET /computeMetadata/v1/instance/service-accounts/554650739751-compute@developer.gserviceaccount.com/token HTTP/1.1" 200 269
2022-11-25 02:27:03,387 DEBUG    google.auth.transport.requests Making request: GET http://metadata.google.internal/computeMetadata/v1/instance/service-accounts/554650739751-compute@developer.gserviceaccount.com/?recursive=true
2022-11-25 02:27:03,391 DEBUG    urllib3.connectionpool Starting new HTTP connection (1): metadata.google.internal:80
2022-11-25 02:27:03,393 DEBUG    urllib3.connectionpool http://metadata.google.internal:80 "GET /computeMetadata/v1/instance/service-accounts/554650739751-compute@developer.gserviceaccount.com/?recursive=true HTTP/1.1" 200 155
2022-11-25 02:27:03,394 DEBUG    google.auth.transport.requests Making request: GET http://metadata.google.internal/computeMetadata/v1/instance/service-accounts/554650739751-compute@developer.gserviceaccount.com/token
2022-11-25 02:27:03,398 DEBUG    urllib3.connectionpool http://metadata.google.internal:80 "GET /computeMetadata/v1/instance/service-accounts/554650739751-compute@developer.gserviceaccount.com/token HTTP/1.1" 200 269
2022-11-25 02:27:03,442 DEBUG    root            Running [gcloud.container.clusters.get-credentials] with arguments: [--project: "insight-tool-321814", --zone: "asia-south1-a", NAME: "cluster-1"]
2022-11-25 02:27:03,455 INFO     ___FILE_ONLY___ Fetching cluster endpoint and auth data.

2022-11-25 02:27:03,460 DEBUG    urllib3.connectionpool Starting new HTTPS connection (1): container.googleapis.com:443
2022-11-25 02:27:03,749 DEBUG    urllib3.connectionpool https://container.googleapis.com:443 "GET /v1/projects/insight-tool-321814/locations/asia-south1-a/clusters/cluster-1?alt=json HTTP/1.1" 200 None
2022-11-25 02:27:03,757 DEBUG    root            unable to load default kubeconfig: unable to load kubeconfig for /home/jupyter/.kube/config: Unable to read file [/home/jupyter/.kube/config]: [Errno 2] No such file or directory: '/home/jupyter/.kube/config'; recreating /home/jupyter/.kube/config
2022-11-25 02:27:03,763 CRITICAL root            ACTION REQUIRED: gke-gcloud-auth-plugin, which is needed for continued use of kubectl, was not found or is not executable. Install gke-gcloud-auth-plugin for use with kubectl by following https://cloud.google.com/blog/products/containers-kubernetes/kubectl-auth-changes-in-gke
2022-11-25 02:27:03,771 DEBUG    root            Saved kubeconfig to /home/jupyter/.kube/config
2022-11-25 02:27:03,772 INFO     ___FILE_ONLY___ kubeconfig entry generated for cluster-1.

2022-11-25 02:27:03,773 INFO     root            Display format: "default"
2022-11-25 02:27:03,774 DEBUG    root            SDK update checks are disabled.
