2022-11-25 03:38:26,462 DEBUG    root            No implementation for release track [GA] for element: [/usr/lib/google-cloud-sdk/lib/surface/commerce_procurement]
2022-11-25 03:38:26,463 DEBUG    root            Loaded Command Group: ['gcloud', 'organizations']
2022-11-25 03:38:26,479 DEBUG    root            No implementation for release track [GA] for element: [/usr/lib/google-cloud-sdk/lib/surface/events]
2022-11-25 03:38:26,480 DEBUG    root            No implementation for release track [GA] for element: [/usr/lib/google-cloud-sdk/lib/surface/remote_build_execution]
2022-11-25 03:38:26,480 DEBUG    root            Loaded Command Group: ['gcloud', 'endpoints']
2022-11-25 03:38:26,484 DEBUG    root            Loaded Command Group: ['gcloud', 'info']
2022-11-25 03:38:26,486 DEBUG    root            Loaded Command Group: ['gcloud', 'storage']
2022-11-25 03:38:26,487 DEBUG    root            Loaded Command Group: ['gcloud', 'deploy']
2022-11-25 03:38:26,489 DEBUG    root            Loaded Command Group: ['gcloud', 'dataflow']
2022-11-25 03:38:26,490 DEBUG    root            Loaded Command Group: ['gcloud', 'asset']
2022-11-25 03:38:26,492 DEBUG    root            Loaded Command Group: ['gcloud', 'org_policies']
2022-11-25 03:38:26,493 DEBUG    root            Loaded Command Group: ['gcloud', 'workflows']
2022-11-25 03:38:26,495 DEBUG    root            No implementation for release track [GA] for element: [/usr/lib/google-cloud-sdk/lib/surface/error_reporting]
2022-11-25 03:38:26,495 DEBUG    root            Loaded Command Group: ['gcloud', 'redis']
2022-11-25 03:38:26,496 DEBUG    root            Loaded Command Group: ['gcloud', 'service_directory']
2022-11-25 03:38:26,501 DEBUG    root            Loaded Command Group: ['gcloud', 'survey']
2022-11-25 03:38:26,502 DEBUG    root            Loaded Command Group: ['gcloud', 'network_services']
2022-11-25 03:38:26,504 DEBUG    root            Loaded Command Group: ['gcloud', 'recaptcha']
2022-11-25 03:38:26,505 DEBUG    root            No implementation for release track [GA] for element: [/usr/lib/google-cloud-sdk/lib/surface/workstations]
2022-11-25 03:38:26,521 DEBUG    root            Loaded Command Group: ['gcloud', 'ml_engine']
2022-11-25 03:38:26,524 DEBUG    root            Loaded Command Group: ['gcloud', 'docker']
2022-11-25 03:38:26,525 DEBUG    root            Loaded Command Group: ['gcloud', 'access_approval']
2022-11-25 03:38:26,527 DEBUG    root            No implementation for release track [GA] for element: [/usr/lib/google-cloud-sdk/lib/surface/datapipelines]
2022-11-25 03:38:26,527 DEBUG    root            Loaded Command Group: ['gcloud', 'version']
2022-11-25 03:38:26,528 DEBUG    root            Loaded Command Group: ['gcloud', 'sql']
2022-11-25 03:38:26,530 DEBUG    root            Loaded Command Group: ['gcloud', 'dataproc']
2022-11-25 03:38:26,531 DEBUG    root            Loaded Command Group: ['gcloud', 'debug']
2022-11-25 03:38:26,533 DEBUG    root            Loaded Command Group: ['gcloud', 'vmware']
2022-11-25 03:38:26,534 DEBUG    root            Loaded Command Group: ['gcloud', 'network_security']
2022-11-25 03:38:26,535 DEBUG    root            Loaded Command Group: ['gcloud', 'pubsub']
2022-11-25 03:38:26,537 DEBUG    root            No implementation for release track [GA] for element: [/usr/lib/google-cloud-sdk/lib/surface/microservices]
2022-11-25 03:38:26,537 DEBUG    root            Loaded Command Group: ['gcloud', 'iam']
2022-11-25 03:38:26,540 DEBUG    root            Loaded Command Group: ['gcloud', 'init']
2022-11-25 03:38:26,541 DEBUG    root            Loaded Command Group: ['gcloud', 'secrets']
2022-11-25 03:38:26,543 DEBUG    root            Loaded Command Group: ['gcloud', 'assured']
2022-11-25 03:38:26,544 DEBUG    root            Loaded Command Group: ['gcloud', 'metastore']
2022-11-25 03:38:26,546 DEBUG    root            Loaded Command Group: ['gcloud', 'network_connectivity']
2022-11-25 03:38:26,547 DEBUG    root            No implementation for release track [GA] for element: [/usr/lib/google-cloud-sdk/lib/surface/blueprints]
2022-11-25 03:38:26,547 DEBUG    root            Loaded Command Group: ['gcloud', 'eventarc']
2022-11-25 03:38:26,549 DEBUG    root            Loaded Command Group: ['gcloud', 'bigtable']
2022-11-25 03:38:26,551 DEBUG    root            Loaded Command Group: ['gcloud', 'api_gateway']
2022-11-25 03:38:26,553 DEBUG    root            Loaded Command Group: ['gcloud', 'kms']
2022-11-25 03:38:26,554 DEBUG    root            No implementation for release track [GA] for element: [/usr/lib/google-cloud-sdk/lib/surface/beyondcorp]
2022-11-25 03:38:26,554 DEBUG    root            Loaded Command Group: ['gcloud', 'iap']
2022-11-25 03:38:26,558 DEBUG    root            Loaded Command Group: ['gcloud', 'help']
2022-11-25 03:38:26,560 DEBUG    root            Loaded Command Group: ['gcloud', 'policy_intelligence']
2022-11-25 03:38:26,561 DEBUG    root            Loaded Command Group: ['gcloud', 'firebase']
2022-11-25 03:38:26,563 DEBUG    root            Loaded Command Group: ['gcloud', 'dns']
2022-11-25 03:38:26,564 DEBUG    root            Loaded Command Group: ['gcloud', 'monitoring']
2022-11-25 03:38:26,565 DEBUG    root            Loaded Command Group: ['gcloud', 'dataplex']
2022-11-25 03:38:26,567 DEBUG    root            Loaded Command Group: ['gcloud', 'billing']
2022-11-25 03:38:26,568 DEBUG    root            Loaded Command Group: ['gcloud', 'bms']
2022-11-25 03:38:26,569 DEBUG    root            Loaded Command Group: ['gcloud', 'auth']
2022-11-25 03:38:26,571 DEBUG    root            No implementation for release track [GA] for element: [/usr/lib/google-cloud-sdk/lib/surface/source_manager]
2022-11-25 03:38:26,571 DEBUG    root            No implementation for release track [GA] for element: [/usr/lib/google-cloud-sdk/lib/surface/terraform]
2022-11-25 03:38:26,572 DEBUG    root            Loaded Command Group: ['gcloud', 'ids']
2022-11-25 03:38:26,573 DEBUG    root            Loaded Command Group: ['gcloud', 'projects']
2022-11-25 03:38:26,574 DEBUG    root            Loaded Command Group: ['gcloud', 'scc']
2022-11-25 03:38:26,576 DEBUG    root            No implementation for release track [GA] for element: [/usr/lib/google-cloud-sdk/lib/surface/bq]
2022-11-25 03:38:26,576 DEBUG    root            Loaded Command Group: ['gcloud', 'access_context_manager']
2022-11-25 03:38:26,578 DEBUG    root            Loaded Command Group: ['gcloud', 'ai_platform']
2022-11-25 03:38:26,579 DEBUG    root            Loaded Command Group: ['gcloud', 'datastore']
2022-11-25 03:38:26,580 DEBUG    root            Loaded Command Group: ['gcloud', 'source']
2022-11-25 03:38:26,582 DEBUG    root            Loaded Command Group: ['gcloud', 'healthcare']
2022-11-25 03:38:26,583 DEBUG    root            Loaded Command Group: ['gcloud', 'iot']
2022-11-25 03:38:26,584 DEBUG    root            Loaded Command Group: ['gcloud', 'edge_cache']
2022-11-25 03:38:26,586 DEBUG    root            Loaded Command Group: ['gcloud', 'components']
2022-11-25 03:38:26,587 DEBUG    root            Loaded Command Group: ['gcloud', 'ai']
2022-11-25 03:38:26,609 DEBUG    root            Loaded Command Group: ['gcloud', 'compute']
2022-11-25 03:38:26,612 DEBUG    root            No implementation for release track [GA] for element: [/usr/lib/google-cloud-sdk/lib/surface/genomics]
2022-11-25 03:38:26,612 DEBUG    root            Loaded Command Group: ['gcloud', 'edge_cloud']
2022-11-25 03:38:26,613 DEBUG    root            Loaded Command Group: ['gcloud', 'network_management']
2022-11-25 03:38:26,614 DEBUG    root            Loaded Command Group: ['gcloud', 'recommender']
2022-11-25 03:38:26,616 DEBUG    root            Loaded Command Group: ['gcloud', 'resource_settings']
2022-11-25 03:38:26,618 DEBUG    root            Loaded Command Group: ['gcloud', 'builds']
2022-11-25 03:38:26,619 DEBUG    root            Loaded Command Group: ['gcloud', 'database_migration']
2022-11-25 03:38:26,620 DEBUG    root            Loaded Command Group: ['gcloud', 'firestore']
2022-11-25 03:38:26,622 DEBUG    root            No implementation for release track [GA] for element: [/usr/lib/google-cloud-sdk/lib/surface/trace]
2022-11-25 03:38:26,622 DEBUG    root            No implementation for release track [GA] for element: [/usr/lib/google-cloud-sdk/lib/surface/kuberun]
2022-11-25 03:38:26,623 DEBUG    root            Loaded Command Group: ['gcloud', 'data_catalog']
2022-11-25 03:38:26,624 DEBUG    root            Loaded Command Group: ['gcloud', 'composer']
2022-11-25 03:38:26,625 DEBUG    root            No implementation for release track [GA] for element: [/usr/lib/google-cloud-sdk/lib/surface/dlp]
2022-11-25 03:38:26,626 DEBUG    root            Loaded Command Group: ['gcloud', 'domains']
2022-11-25 03:38:26,627 DEBUG    root            Loaded Command Group: ['gcloud', 'filestore']
2022-11-25 03:38:26,628 DEBUG    root            Loaded Command Group: ['gcloud', 'meta']
2022-11-25 03:38:26,630 DEBUG    root            No implementation for release track [GA] for element: [/usr/lib/google-cloud-sdk/lib/surface/publicca]
2022-11-25 03:38:26,630 DEBUG    root            Loaded Command Group: ['gcloud', 'active_directory']
2022-11-25 03:38:26,632 DEBUG    root            Loaded Command Group: ['gcloud', 'tasks']
2022-11-25 03:38:26,633 DEBUG    root            Loaded Command Group: ['gcloud', 'policy_troubleshoot']
2022-11-25 03:38:26,634 DEBUG    root            Loaded Command Group: ['gcloud', 'notebooks']
2022-11-25 03:38:26,636 DEBUG    root            Loaded Command Group: ['gcloud', 'essential_contacts']
2022-11-25 03:38:26,637 DEBUG    root            Loaded Command Group: ['gcloud', 'apigee']
2022-11-25 03:38:26,638 DEBUG    root            No implementation for release track [GA] for element: [/usr/lib/google-cloud-sdk/lib/surface/resource_config]
2022-11-25 03:38:26,724 DEBUG    root            No implementation for release track [GA] for element: [/usr/lib/google-cloud-sdk/lib/surface/interactive]
2022-11-25 03:38:26,724 DEBUG    root            Loaded Command Group: ['gcloud', 'anthos']
2022-11-25 03:38:26,726 DEBUG    root            Loaded Command Group: ['gcloud', 'logging']
2022-11-25 03:38:26,727 DEBUG    root            No implementation for release track [GA] for element: [/usr/lib/google-cloud-sdk/lib/surface/dialogflow]
2022-11-25 03:38:26,728 DEBUG    root            Loaded Command Group: ['gcloud', 'spanner']
2022-11-25 03:38:26,729 DEBUG    root            No implementation for release track [GA] for element: [/usr/lib/google-cloud-sdk/lib/surface/alloydb]
2022-11-25 03:38:26,730 DEBUG    root            Loaded Command Group: ['gcloud', 'transfer']
2022-11-25 03:38:26,731 DEBUG    root            No implementation for release track [GA] for element: [/usr/lib/google-cloud-sdk/lib/surface/immersive_stream]
2022-11-25 03:38:26,731 DEBUG    root            Loaded Command Group: ['gcloud', 'emulators']
2022-11-25 03:38:26,733 DEBUG    root            No implementation for release track [GA] for element: [/usr/lib/google-cloud-sdk/lib/surface/network_actions]
2022-11-25 03:38:26,733 DEBUG    root            Loaded Command Group: ['gcloud', 'datastream']
2022-11-25 03:38:26,734 DEBUG    root            Loaded Command Group: ['gcloud', 'app']
2022-11-25 03:38:26,736 DEBUG    root            Loaded Command Group: ['gcloud', 'transcoder']
2022-11-25 03:38:26,737 DEBUG    root            Loaded Command Group: ['gcloud', 'workspace_add_ons']
2022-11-25 03:38:26,740 DEBUG    root            Loaded Command Group: ['gcloud', 'functions']
2022-11-25 03:38:26,742 DEBUG    root            Loaded Command Group: ['gcloud', 'config']
2022-11-25 03:38:26,744 DEBUG    root            Loaded Command Group: ['gcloud', 'cloud_shell']
2022-11-25 03:38:26,746 DEBUG    root            No implementation for release track [GA] for element: [/usr/lib/google-cloud-sdk/lib/surface/code]
2022-11-25 03:38:26,746 DEBUG    root            No implementation for release track [GA] for element: [/usr/lib/google-cloud-sdk/lib/surface/web_security_scanner]
2022-11-25 03:38:26,747 DEBUG    root            Loaded Command Group: ['gcloud', 'feedback']
2022-11-25 03:38:26,748 DEBUG    root            Loaded Command Group: ['gcloud', 'game']
2022-11-25 03:38:26,750 DEBUG    root            Loaded Command Group: ['gcloud', 'memcache']
2022-11-25 03:38:26,751 DEBUG    root            No implementation for release track [GA] for element: [/usr/lib/google-cloud-sdk/lib/surface/data_fusion]
2022-11-25 03:38:26,751 DEBUG    root            Loaded Command Group: ['gcloud', 'topic']
2022-11-25 03:38:26,753 DEBUG    root            Loaded Command Group: ['gcloud', 'batch']
2022-11-25 03:38:26,754 DEBUG    root            Loaded Command Group: ['gcloud', 'resource_manager']
2022-11-25 03:38:26,756 DEBUG    root            Loaded Command Group: ['gcloud', 'artifacts']
2022-11-25 03:38:26,757 DEBUG    root            Loaded Command Group: ['gcloud', 'run']
2022-11-25 03:38:26,759 DEBUG    root            Loaded Command Group: ['gcloud', 'cheat_sheet']
2022-11-25 03:38:26,761 DEBUG    root            Loaded Command Group: ['gcloud', 'privateca']
2022-11-25 03:38:26,762 DEBUG    root            Loaded Command Group: ['gcloud', 'deployment_manager']
2022-11-25 03:38:26,763 DEBUG    root            Loaded Command Group: ['gcloud', 'ml']
2022-11-25 03:38:26,765 DEBUG    root            Loaded Command Group: ['gcloud', 'certificate_manager']
2022-11-25 03:38:26,766 DEBUG    root            No implementation for release track [GA] for element: [/usr/lib/google-cloud-sdk/lib/surface/media]
2022-11-25 03:38:26,766 DEBUG    root            Loaded Command Group: ['gcloud', 'services']
2022-11-25 03:38:26,768 DEBUG    root            Loaded Command Group: ['gcloud', 'scheduler']
2022-11-25 03:38:26,769 DEBUG    root            Loaded Command Group: ['gcloud', 'identity']
2022-11-25 03:38:26,771 DEBUG    root            No implementation for release track [GA] for element: [/usr/lib/google-cloud-sdk/lib/surface/runtime_config]
2022-11-25 03:38:26,771 DEBUG    root            No implementation for release track [GA] for element: [/usr/lib/google-cloud-sdk/lib/surface/lifesciences]
2022-11-25 03:38:26,772 ERROR    root            (gcloud) Invalid choice: 'kubectl'.
