2022-11-25 03:38:41,916 DEBUG    root            Loaded Command Group: ['gcloud', 'config']
2022-11-25 03:38:41,918 DEBUG    root            Loaded Command Group: ['gcloud', 'config', 'config_helper']
2022-11-25 03:38:41,921 DEBUG    root            Running [gcloud.config.config-helper] with arguments: [--format: "json"]
2022-11-25 03:38:41,926 DEBUG    google.auth.transport.requests Making request: GET http://metadata.google.internal/computeMetadata/v1/instance/service-accounts/554650739751-compute@developer.gserviceaccount.com/?recursive=true
2022-11-25 03:38:41,929 DEBUG    urllib3.connectionpool Starting new HTTP connection (1): metadata.google.internal:80
2022-11-25 03:38:41,931 DEBUG    urllib3.connectionpool http://metadata.google.internal:80 "GET /computeMetadata/v1/instance/service-accounts/554650739751-compute@developer.gserviceaccount.com/?recursive=true HTTP/1.1" 200 155
2022-11-25 03:38:41,932 DEBUG    google.auth.transport.requests Making request: GET http://metadata.google.internal/computeMetadata/v1/instance/service-accounts/554650739751-compute@developer.gserviceaccount.com/token
2022-11-25 03:38:41,935 DEBUG    urllib3.connectionpool http://metadata.google.internal:80 "GET /computeMetadata/v1/instance/service-accounts/554650739751-compute@developer.gserviceaccount.com/token HTTP/1.1" 200 268
2022-11-25 03:38:41,949 INFO     root            Display format: "default json"
2022-11-25 03:38:41,949 INFO     ___FILE_ONLY___ {
  "configuration": {
    "active_configuration": "default",
    "properties": {
      "core": {
        "account": "554650739751-compute@developer.gserviceaccount.com",
        "disable_usage_reporting": "True",
        "project": "insight-tool-321814"
      }
    }
  },
  "credential": {
    "access_token": "ya29.c.b0Aa9VdykvUPldsDimYlFFoPXU6s8f4-rRoAF7J6ppnUuNMblw4O30e7B0PYX8zCduPcqQwwdSyTAEZxTV5JdD4PhSQ9qTvy1TvcX-eyT7hKVIo3RamQjbrDZ0WZWBbgUGcSa9KlbC7hbqc4dsRC4SzteFSeiYZogNR3wT3bgPUkNhOmnJw5PLrwF5tQMDAyTpdTBv9ch0pEc............................................................................................................................................................................................................................................................................................................................................................................................................................................................................................................................................................................................................................................................................................................................................................................................................................................",
    "id_token": "eyJhbGciOiJSUzI1NiIsImtpZCI6IjI3Yjg2ZGM2OTM4ZGMzMjdiMjA0MzMzYTI1MGViYjQzYjMyZTRiM2MiLCJ0eXAiOiJKV1QifQ.eyJhdWQiOiIzMjU1NTk0MDU1OS5hcHBzLmdvb2dsZXVzZXJjb250ZW50LmNvbSIsImF6cCI6IjExMDEyNTM2MjY1MDE5OTI1NTg1NSIsImV4cCI6MTY2OTM1MTEyMSwiaWF0IjoxNjY5MzQ3NTIxLCJpc3MiOiJodHRwczovL2FjY291bnRzLmdvb2dsZS5jb20iLCJzdWIiOiIxMTAxMjUzNjI2NTAxOTkyNTU4NTUifQ.OZcRHRfw51QPV5XfOmvi2bAIbgrCutACxDRtFU-cyxa-xpxcYdGpiD5IYTF3UDWv0dBsoa57ESzExEJpRvhfutMqQgrxpcEbwufFsazgcZRwgTG9bWFWA-NjOqao77HZp5fRbHGHQVSzIGjlSUhdqt8Gh2CdvcQYWGCSTQoNV7DzGC4bzWoR1gpqZqOxkS6u1-7AuRGZT_DZY_tQ8xhWEOKMCOZTYEvCZ-uGaCiz0u42kd_7IuN8KJTZHK0mWBAeNsxyuN0GiLiWQG35nCZovCSaRXyj_fIp_xEAHhd3aFH0q4t8EumFEbgIjuH8kELe-ZtM4GIti-tJh7P6o-eeYw",
    "token_expiry": "2022-11-25T04:04:45Z"
  },
  "sentinels": {
    "config_sentinel": "/home/jupyter/.config/gcloud/config_sentinel"
  }
}
2022-11-25 03:38:41,949 INFO     ___FILE_ONLY___ 

2022-11-25 03:38:41,950 DEBUG    root            SDK update checks are disabled.
