2022-11-25 03:38:39,410 DEBUG    root            Loaded Command Group: ['gcloud', 'config']
2022-11-25 03:38:39,516 DEBUG    root            Loaded Command Group: ['gcloud', 'config', 'config_helper']
2022-11-25 03:38:39,519 DEBUG    root            Running [gcloud.config.config-helper] with arguments: [--format: "json"]
2022-11-25 03:38:39,527 DEBUG    google.auth.transport.requests Making request: GET http://metadata.google.internal/computeMetadata/v1/instance/service-accounts/554650739751-compute@developer.gserviceaccount.com/?recursive=true
2022-11-25 03:38:39,529 DEBUG    urllib3.connectionpool Starting new HTTP connection (1): metadata.google.internal:80
2022-11-25 03:38:39,531 DEBUG    urllib3.connectionpool http://metadata.google.internal:80 "GET /computeMetadata/v1/instance/service-accounts/554650739751-compute@developer.gserviceaccount.com/?recursive=true HTTP/1.1" 200 155
2022-11-25 03:38:39,532 DEBUG    google.auth.transport.requests Making request: GET http://metadata.google.internal/computeMetadata/v1/instance/service-accounts/554650739751-compute@developer.gserviceaccount.com/token
2022-11-25 03:38:39,534 DEBUG    urllib3.connectionpool http://metadata.google.internal:80 "GET /computeMetadata/v1/instance/service-accounts/554650739751-compute@developer.gserviceaccount.com/token HTTP/1.1" 200 268
2022-11-25 03:38:39,594 INFO     root            Display format: "default json"
2022-11-25 03:38:39,595 INFO     ___FILE_ONLY___ {
  "configuration": {
    "active_configuration": "default",
    "properties": {
      "core": {
        "account": "554650739751-compute@developer.gserviceaccount.com",
        "disable_usage_reporting": "True",
        "project": "insight-tool-321814"
      }
    }
  },
  "credential": {
    "access_token": "ya29.c.b0Aa9VdykvUPldsDimYlFFoPXU6s8f4-rRoAF7J6ppnUuNMblw4O30e7B0PYX8zCduPcqQwwdSyTAEZxTV5JdD4PhSQ9qTvy1TvcX-eyT7hKVIo3RamQjbrDZ0WZWBbgUGcSa9KlbC7hbqc4dsRC4SzteFSeiYZogNR3wT3bgPUkNhOmnJw5PLrwF5tQMDAyTpdTBv9ch0pEc............................................................................................................................................................................................................................................................................................................................................................................................................................................................................................................................................................................................................................................................................................................................................................................................................................................",
    "id_token": "eyJhbGciOiJSUzI1NiIsImtpZCI6IjI3Yjg2ZGM2OTM4ZGMzMjdiMjA0MzMzYTI1MGViYjQzYjMyZTRiM2MiLCJ0eXAiOiJKV1QifQ.eyJhdWQiOiIzMjU1NTk0MDU1OS5hcHBzLmdvb2dsZXVzZXJjb250ZW50LmNvbSIsImF6cCI6IjExMDEyNTM2MjY1MDE5OTI1NTg1NSIsImV4cCI6MTY2OTM1MTExOSwiaWF0IjoxNjY5MzQ3NTE5LCJpc3MiOiJodHRwczovL2FjY291bnRzLmdvb2dsZS5jb20iLCJzdWIiOiIxMTAxMjUzNjI2NTAxOTkyNTU4NTUifQ.utf7M8bcaVcgLn_MvRYDkXk1JbV29ehg0yYKsQn3pVa0OEoXqpBig5Sjp6yShbFKyRzsIc6sTz5i-XccOlFDfgUH992hM_senSUc2gJpn0bJ53-XbxJt__scZlg9_xtXRnlLXxWZjD-6d7nJMMT8VN1YzOYPx2iYIrcWHQqHHK0iPbbwV16oeMfns20Xt0r6_BujMofVFGeJfqCm3P2V7ixDP5mqfP7rF_3PG16ska7ODOxzi18MXuFzj-3VwR_-F9WinlAW7czgu6_ok1YWARzmSPwtpNjhGdbudgK7SL-XGWPfOK582wNXC7VPpz-tzV6uZJbl_FX1ZmJv0opIRA",
    "token_expiry": "2022-11-25T04:04:45Z"
  },
  "sentinels": {
    "config_sentinel": "/home/jupyter/.config/gcloud/config_sentinel"
  }
}
2022-11-25 03:38:39,595 INFO     ___FILE_ONLY___ 

2022-11-25 03:38:39,595 DEBUG    root            SDK update checks are disabled.
