2022-11-25 14:19:43,047 DEBUG    root            Loaded Command Group: ['gcloud', 'auth']
2022-11-25 14:19:43,050 DEBUG    root            Loaded Command Group: ['gcloud', 'auth', 'docker_helper']
2022-11-25 14:19:43,052 DEBUG    root            Running [gcloud.auth.docker-helper] with arguments: [METHOD: "get"]
2022-11-25 14:19:43,057 DEBUG    google.auth.transport.requests Making request: GET http://metadata.google.internal/computeMetadata/v1/instance/service-accounts/554650739751-compute@developer.gserviceaccount.com/?recursive=true
2022-11-25 14:19:43,059 DEBUG    urllib3.connectionpool Starting new HTTP connection (1): metadata.google.internal:80
2022-11-25 14:19:43,061 DEBUG    urllib3.connectionpool http://metadata.google.internal:80 "GET /computeMetadata/v1/instance/service-accounts/554650739751-compute@developer.gserviceaccount.com/?recursive=true HTTP/1.1" 200 155
2022-11-25 14:19:43,061 DEBUG    google.auth.transport.requests Making request: GET http://metadata.google.internal/computeMetadata/v1/instance/service-accounts/554650739751-compute@developer.gserviceaccount.com/token
2022-11-25 14:19:43,064 DEBUG    urllib3.connectionpool http://metadata.google.internal:80 "GET /computeMetadata/v1/instance/service-accounts/554650739751-compute@developer.gserviceaccount.com/token HTTP/1.1" 200 267
2022-11-25 14:19:43,068 DEBUG    google.auth.transport.requests Making request: GET http://metadata.google.internal/computeMetadata/v1/instance/service-accounts/554650739751-compute@developer.gserviceaccount.com/?recursive=true
2022-11-25 14:19:43,069 DEBUG    urllib3.connectionpool Starting new HTTP connection (1): metadata.google.internal:80
2022-11-25 14:19:43,071 DEBUG    urllib3.connectionpool http://metadata.google.internal:80 "GET /computeMetadata/v1/instance/service-accounts/554650739751-compute@developer.gserviceaccount.com/?recursive=true HTTP/1.1" 200 155
2022-11-25 14:19:43,071 DEBUG    google.auth.transport.requests Making request: GET http://metadata.google.internal/computeMetadata/v1/instance/service-accounts/554650739751-compute@developer.gserviceaccount.com/token?scopes=https%3A%2F%2Fwww.googleapis.com%2Fauth%2Fcloud-platform%2Chttps%3A%2F%2Fwww.googleapis.com%2Fauth%2Fuserinfo.email
2022-11-25 14:19:43,074 DEBUG    urllib3.connectionpool http://metadata.google.internal:80 "GET /computeMetadata/v1/instance/service-accounts/554650739751-compute@developer.gserviceaccount.com/token?scopes=https%3A%2F%2Fwww.googleapis.com%2Fauth%2Fcloud-platform%2Chttps%3A%2F%2Fwww.googleapis.com%2Fauth%2Fuserinfo.email HTTP/1.1" 200 267
2022-11-25 14:19:43,077 INFO     root            Display format: "json"
2022-11-25 14:19:43,077 INFO     ___FILE_ONLY___ {
  "Secret": "ya29.c.b0Aa9VdylNrADCzEtmKc-XlAj2ovgp2DSJl9DPcvA9SOdEqPtyYkkhy-BOqqbThKAbsspg7H5YpjHiIJLx2EUUT3pOtgcDQXUpr1MN3-9erWOk7g0InXgDy1N3RqDptBXlXDu_luV_gw4RtG2jBF9BVJmvax_aWUjNl_nwNc2UITlfE-lhSOEe4HxR0YGqa94dD-rPQysMZlQ............................................................................................................................................................................................................................................................................................................................................................................................................................................................................................................................................................................................................................................................................................................................................................................................................................................",
  "Username": "_dcgcloud_token"
}
2022-11-25 14:19:43,078 INFO     ___FILE_ONLY___ 

2022-11-25 14:19:43,078 DEBUG    root            SDK update checks are disabled.
