2022-11-25 14:35:35,576 DEBUG    root            Loaded Command Group: ['gcloud', 'run']
2022-11-25 14:35:36,068 DEBUG    root            Loaded Command Group: ['gcloud', 'run', 'deploy']
2022-11-25 14:35:36,126 DEBUG    root            Running [gcloud.run.deploy] with arguments: [--image: "gcr.io/insight-tool-321814/docker_test_insight/flask", --platform: "managed"]
2022-11-25 14:35:47,847 DEBUG    google.auth.transport.requests Making request: GET http://metadata.google.internal/computeMetadata/v1/instance/service-accounts/554650739751-compute@developer.gserviceaccount.com/?recursive=true
2022-11-25 14:35:47,850 DEBUG    urllib3.connectionpool Starting new HTTP connection (1): metadata.google.internal:80
2022-11-25 14:35:47,852 DEBUG    urllib3.connectionpool http://metadata.google.internal:80 "GET /computeMetadata/v1/instance/service-accounts/554650739751-compute@developer.gserviceaccount.com/?recursive=true HTTP/1.1" 200 155
2022-11-25 14:35:47,853 DEBUG    google.auth.transport.requests Making request: GET http://metadata.google.internal/computeMetadata/v1/instance/service-accounts/554650739751-compute@developer.gserviceaccount.com/token
2022-11-25 14:35:47,855 DEBUG    urllib3.connectionpool http://metadata.google.internal:80 "GET /computeMetadata/v1/instance/service-accounts/554650739751-compute@developer.gserviceaccount.com/token HTTP/1.1" 200 267
2022-11-25 14:35:47,868 DEBUG    google.auth.transport.requests Making request: GET http://metadata.google.internal/computeMetadata/v1/instance/service-accounts/554650739751-compute@developer.gserviceaccount.com/?recursive=true
2022-11-25 14:35:47,869 DEBUG    urllib3.connectionpool Starting new HTTP connection (1): metadata.google.internal:80
2022-11-25 14:35:47,871 DEBUG    urllib3.connectionpool http://metadata.google.internal:80 "GET /computeMetadata/v1/instance/service-accounts/554650739751-compute@developer.gserviceaccount.com/?recursive=true HTTP/1.1" 200 155
2022-11-25 14:35:47,872 DEBUG    google.auth.transport.requests Making request: GET http://metadata.google.internal/computeMetadata/v1/instance/service-accounts/554650739751-compute@developer.gserviceaccount.com/token
2022-11-25 14:35:47,875 DEBUG    urllib3.connectionpool http://metadata.google.internal:80 "GET /computeMetadata/v1/instance/service-accounts/554650739751-compute@developer.gserviceaccount.com/token HTTP/1.1" 200 267
2022-11-25 14:35:47,937 DEBUG    urllib3.connectionpool Starting new HTTPS connection (1): run.googleapis.com:443
2022-11-25 14:35:48,066 DEBUG    urllib3.connectionpool https://run.googleapis.com:443 "GET /v1/projects/insight-tool-321814/locations?alt=json&pageSize=100 HTTP/1.1" 200 None
2022-11-25 14:35:59,517 INFO     ___FILE_ONLY___ To make this the default region, run `gcloud config set run/region asia-south1`.


2022-11-25 14:35:59,522 DEBUG    google.auth.transport.requests Making request: GET http://metadata.google.internal/computeMetadata/v1/instance/service-accounts/554650739751-compute@developer.gserviceaccount.com/?recursive=true
2022-11-25 14:35:59,524 DEBUG    urllib3.connectionpool Starting new HTTP connection (1): metadata.google.internal:80
2022-11-25 14:35:59,526 DEBUG    urllib3.connectionpool http://metadata.google.internal:80 "GET /computeMetadata/v1/instance/service-accounts/554650739751-compute@developer.gserviceaccount.com/?recursive=true HTTP/1.1" 200 155
2022-11-25 14:35:59,527 DEBUG    google.auth.transport.requests Making request: GET http://metadata.google.internal/computeMetadata/v1/instance/service-accounts/554650739751-compute@developer.gserviceaccount.com/token
2022-11-25 14:35:59,530 DEBUG    urllib3.connectionpool http://metadata.google.internal:80 "GET /computeMetadata/v1/instance/service-accounts/554650739751-compute@developer.gserviceaccount.com/token HTTP/1.1" 200 268
2022-11-25 14:35:59,595 DEBUG    google.auth.transport.requests Making request: GET http://metadata.google.internal/computeMetadata/v1/instance/service-accounts/554650739751-compute@developer.gserviceaccount.com/?recursive=true
2022-11-25 14:35:59,597 DEBUG    urllib3.connectionpool Starting new HTTP connection (1): metadata.google.internal:80
2022-11-25 14:35:59,599 DEBUG    urllib3.connectionpool http://metadata.google.internal:80 "GET /computeMetadata/v1/instance/service-accounts/554650739751-compute@developer.gserviceaccount.com/?recursive=true HTTP/1.1" 200 155
2022-11-25 14:35:59,600 DEBUG    google.auth.transport.requests Making request: GET http://metadata.google.internal/computeMetadata/v1/instance/service-accounts/554650739751-compute@developer.gserviceaccount.com/token
2022-11-25 14:35:59,603 DEBUG    urllib3.connectionpool http://metadata.google.internal:80 "GET /computeMetadata/v1/instance/service-accounts/554650739751-compute@developer.gserviceaccount.com/token HTTP/1.1" 200 268
2022-11-25 14:35:59,613 DEBUG    google.auth.transport.requests Making request: GET http://metadata.google.internal/computeMetadata/v1/instance/service-accounts/554650739751-compute@developer.gserviceaccount.com/?recursive=true
2022-11-25 14:35:59,614 DEBUG    urllib3.connectionpool Starting new HTTP connection (1): metadata.google.internal:80
2022-11-25 14:35:59,616 DEBUG    urllib3.connectionpool http://metadata.google.internal:80 "GET /computeMetadata/v1/instance/service-accounts/554650739751-compute@developer.gserviceaccount.com/?recursive=true HTTP/1.1" 200 155
2022-11-25 14:35:59,617 DEBUG    google.auth.transport.requests Making request: GET http://metadata.google.internal/computeMetadata/v1/instance/service-accounts/554650739751-compute@developer.gserviceaccount.com/token
2022-11-25 14:35:59,620 DEBUG    urllib3.connectionpool http://metadata.google.internal:80 "GET /computeMetadata/v1/instance/service-accounts/554650739751-compute@developer.gserviceaccount.com/token HTTP/1.1" 200 268
2022-11-25 14:35:59,626 DEBUG    google.auth.transport.requests Making request: GET http://metadata.google.internal/computeMetadata/v1/instance/service-accounts/554650739751-compute@developer.gserviceaccount.com/?recursive=true
2022-11-25 14:35:59,627 DEBUG    urllib3.connectionpool Starting new HTTP connection (1): metadata.google.internal:80
2022-11-25 14:35:59,629 DEBUG    urllib3.connectionpool http://metadata.google.internal:80 "GET /computeMetadata/v1/instance/service-accounts/554650739751-compute@developer.gserviceaccount.com/?recursive=true HTTP/1.1" 200 155
2022-11-25 14:35:59,630 DEBUG    google.auth.transport.requests Making request: GET http://metadata.google.internal/computeMetadata/v1/instance/service-accounts/554650739751-compute@developer.gserviceaccount.com/token
2022-11-25 14:35:59,633 DEBUG    urllib3.connectionpool http://metadata.google.internal:80 "GET /computeMetadata/v1/instance/service-accounts/554650739751-compute@developer.gserviceaccount.com/token HTTP/1.1" 200 268
2022-11-25 14:35:59,639 DEBUG    urllib3.connectionpool Starting new HTTPS connection (1): asia-south1-run.googleapis.com:443
2022-11-25 14:36:01,048 DEBUG    urllib3.connectionpool https://asia-south1-run.googleapis.com:443 "GET /apis/serving.knative.dev/v1/namespaces/insight-tool-321814/services/flask1?alt=json HTTP/1.1" 404 None
2022-11-25 14:36:01,053 DEBUG    urllib3.connectionpool Starting new HTTPS connection (1): asia-south1-run.googleapis.com:443
2022-11-25 14:36:02,797 DEBUG    urllib3.connectionpool https://asia-south1-run.googleapis.com:443 "POST /v1/projects/insight-tool-321814/locations/asia-south1/services/flask1:testIamPermissions?alt=json HTTP/1.1" 200 None
2022-11-25 14:36:02,801 INFO     ___FILE_ONLY___ This service will require authentication to be invoked.

2022-11-25 14:36:02,803 INFO     ___FILE_ONLY___ Deploying container to Cloud Run service [[1mflask1[m] in project [[1minsight-tool-321814[m] region [[1masia-south1[m]

2022-11-25 14:36:02,804 INFO     ___FILE_ONLY___ Deploying new service...
2022-11-25 14:36:02,819 DEBUG    urllib3.connectionpool Starting new HTTPS connection (1): asia-south1-run.googleapis.com:443
2022-11-25 14:36:04,617 DEBUG    urllib3.connectionpool https://asia-south1-run.googleapis.com:443 "POST /apis/serving.knative.dev/v1/namespaces/insight-tool-321814/services?alt=json HTTP/1.1" 200 None
2022-11-25 14:36:04,625 DEBUG    urllib3.connectionpool Starting new HTTPS connection (1): asia-south1-run.googleapis.com:443
2022-11-25 14:36:06,003 DEBUG    urllib3.connectionpool https://asia-south1-run.googleapis.com:443 "GET /apis/serving.knative.dev/v1/namespaces/insight-tool-321814/services/flask1?alt=json HTTP/1.1" 200 None
2022-11-25 14:36:07,012 DEBUG    urllib3.connectionpool Starting new HTTPS connection (1): asia-south1-run.googleapis.com:443
2022-11-25 14:36:08,367 DEBUG    urllib3.connectionpool https://asia-south1-run.googleapis.com:443 "GET /apis/serving.knative.dev/v1/namespaces/insight-tool-321814/services/flask1?alt=json HTTP/1.1" 200 None
2022-11-25 14:36:09,376 DEBUG    urllib3.connectionpool Starting new HTTPS connection (1): asia-south1-run.googleapis.com:443
2022-11-25 14:36:10,754 DEBUG    urllib3.connectionpool https://asia-south1-run.googleapis.com:443 "GET /apis/serving.knative.dev/v1/namespaces/insight-tool-321814/services/flask1?alt=json HTTP/1.1" 200 None
2022-11-25 14:36:11,763 DEBUG    urllib3.connectionpool Starting new HTTPS connection (1): asia-south1-run.googleapis.com:443
2022-11-25 14:36:13,145 DEBUG    urllib3.connectionpool https://asia-south1-run.googleapis.com:443 "GET /apis/serving.knative.dev/v1/namespaces/insight-tool-321814/services/flask1?alt=json HTTP/1.1" 200 None
2022-11-25 14:36:14,154 DEBUG    urllib3.connectionpool Starting new HTTPS connection (1): asia-south1-run.googleapis.com:443
2022-11-25 14:36:15,533 DEBUG    urllib3.connectionpool https://asia-south1-run.googleapis.com:443 "GET /apis/serving.knative.dev/v1/namespaces/insight-tool-321814/services/flask1?alt=json HTTP/1.1" 200 None
2022-11-25 14:36:16,542 DEBUG    urllib3.connectionpool Starting new HTTPS connection (1): asia-south1-run.googleapis.com:443
2022-11-25 14:36:17,912 DEBUG    urllib3.connectionpool https://asia-south1-run.googleapis.com:443 "GET /apis/serving.knative.dev/v1/namespaces/insight-tool-321814/services/flask1?alt=json HTTP/1.1" 200 None
2022-11-25 14:36:18,921 DEBUG    urllib3.connectionpool Starting new HTTPS connection (1): asia-south1-run.googleapis.com:443
2022-11-25 14:36:20,312 DEBUG    urllib3.connectionpool https://asia-south1-run.googleapis.com:443 "GET /apis/serving.knative.dev/v1/namespaces/insight-tool-321814/services/flask1?alt=json HTTP/1.1" 200 None
2022-11-25 14:36:21,320 DEBUG    urllib3.connectionpool Starting new HTTPS connection (1): asia-south1-run.googleapis.com:443
2022-11-25 14:36:22,718 DEBUG    urllib3.connectionpool https://asia-south1-run.googleapis.com:443 "GET /apis/serving.knative.dev/v1/namespaces/insight-tool-321814/services/flask1?alt=json HTTP/1.1" 200 None
2022-11-25 14:36:23,727 DEBUG    urllib3.connectionpool Starting new HTTPS connection (1): asia-south1-run.googleapis.com:443
2022-11-25 14:36:25,119 DEBUG    urllib3.connectionpool https://asia-south1-run.googleapis.com:443 "GET /apis/serving.knative.dev/v1/namespaces/insight-tool-321814/services/flask1?alt=json HTTP/1.1" 200 None
2022-11-25 14:36:26,128 DEBUG    urllib3.connectionpool Starting new HTTPS connection (1): asia-south1-run.googleapis.com:443
2022-11-25 14:36:27,501 DEBUG    urllib3.connectionpool https://asia-south1-run.googleapis.com:443 "GET /apis/serving.knative.dev/v1/namespaces/insight-tool-321814/services/flask1?alt=json HTTP/1.1" 200 None
2022-11-25 14:36:28,510 DEBUG    urllib3.connectionpool Starting new HTTPS connection (1): asia-south1-run.googleapis.com:443
2022-11-25 14:36:29,887 DEBUG    urllib3.connectionpool https://asia-south1-run.googleapis.com:443 "GET /apis/serving.knative.dev/v1/namespaces/insight-tool-321814/services/flask1?alt=json HTTP/1.1" 200 None
2022-11-25 14:36:30,896 DEBUG    urllib3.connectionpool Starting new HTTPS connection (1): asia-south1-run.googleapis.com:443
2022-11-25 14:36:32,270 DEBUG    urllib3.connectionpool https://asia-south1-run.googleapis.com:443 "GET /apis/serving.knative.dev/v1/namespaces/insight-tool-321814/services/flask1?alt=json HTTP/1.1" 200 None
2022-11-25 14:36:33,279 DEBUG    urllib3.connectionpool Starting new HTTPS connection (1): asia-south1-run.googleapis.com:443
2022-11-25 14:36:34,640 DEBUG    urllib3.connectionpool https://asia-south1-run.googleapis.com:443 "GET /apis/serving.knative.dev/v1/namespaces/insight-tool-321814/services/flask1?alt=json HTTP/1.1" 200 None
2022-11-25 14:36:35,648 DEBUG    urllib3.connectionpool Starting new HTTPS connection (1): asia-south1-run.googleapis.com:443
2022-11-25 14:36:37,015 DEBUG    urllib3.connectionpool https://asia-south1-run.googleapis.com:443 "GET /apis/serving.knative.dev/v1/namespaces/insight-tool-321814/services/flask1?alt=json HTTP/1.1" 200 None
2022-11-25 14:36:38,024 DEBUG    urllib3.connectionpool Starting new HTTPS connection (1): asia-south1-run.googleapis.com:443
2022-11-25 14:36:39,397 DEBUG    urllib3.connectionpool https://asia-south1-run.googleapis.com:443 "GET /apis/serving.knative.dev/v1/namespaces/insight-tool-321814/services/flask1?alt=json HTTP/1.1" 200 None
2022-11-25 14:36:40,406 DEBUG    urllib3.connectionpool Starting new HTTPS connection (1): asia-south1-run.googleapis.com:443
2022-11-25 14:36:41,772 DEBUG    urllib3.connectionpool https://asia-south1-run.googleapis.com:443 "GET /apis/serving.knative.dev/v1/namespaces/insight-tool-321814/services/flask1?alt=json HTTP/1.1" 200 None
2022-11-25 14:36:42,781 DEBUG    urllib3.connectionpool Starting new HTTPS connection (1): asia-south1-run.googleapis.com:443
2022-11-25 14:36:44,104 DEBUG    urllib3.connectionpool https://asia-south1-run.googleapis.com:443 "GET /apis/serving.knative.dev/v1/namespaces/insight-tool-321814/services/flask1?alt=json HTTP/1.1" 200 None
2022-11-25 14:36:45,113 DEBUG    urllib3.connectionpool Starting new HTTPS connection (1): asia-south1-run.googleapis.com:443
2022-11-25 14:36:46,505 DEBUG    urllib3.connectionpool https://asia-south1-run.googleapis.com:443 "GET /apis/serving.knative.dev/v1/namespaces/insight-tool-321814/services/flask1?alt=json HTTP/1.1" 200 None
2022-11-25 14:36:47,514 DEBUG    urllib3.connectionpool Starting new HTTPS connection (1): asia-south1-run.googleapis.com:443
2022-11-25 14:36:48,907 DEBUG    urllib3.connectionpool https://asia-south1-run.googleapis.com:443 "GET /apis/serving.knative.dev/v1/namespaces/insight-tool-321814/services/flask1?alt=json HTTP/1.1" 200 None
2022-11-25 14:36:48,916 DEBUG    urllib3.connectionpool Starting new HTTPS connection (1): asia-south1-run.googleapis.com:443
2022-11-25 14:36:50,245 DEBUG    urllib3.connectionpool https://asia-south1-run.googleapis.com:443 "GET /apis/serving.knative.dev/v1/namespaces/insight-tool-321814/services/flask1?alt=json HTTP/1.1" 200 None
2022-11-25 14:36:50,324 DEBUG    urllib3.connectionpool Starting new HTTPS connection (1): asia-south1-run.googleapis.com:443
2022-11-25 14:36:51,680 DEBUG    urllib3.connectionpool https://asia-south1-run.googleapis.com:443 "GET /apis/serving.knative.dev/v1/namespaces/insight-tool-321814/services/flask1?alt=json HTTP/1.1" 200 None
2022-11-25 14:36:51,685 INFO     ___FILE_ONLY___ Service [[1mflask1[m] revision [[1mflask1-00001-vol[m] has been deployed and is serving [1m100[m percent of traffic.
Service URL: [1mhttps://flask1-ervzdhepma-el.a.run.app[m

2022-11-25 14:36:51,686 INFO     root            Display format: "none"
2022-11-25 14:36:51,690 DEBUG    root            SDK update checks are disabled.
