2022-11-25 15:27:14,294 DEBUG    root            Loaded Command Group: ['gcloud', 'run']
2022-11-25 15:27:14,334 DEBUG    root            Loaded Command Group: ['gcloud', 'run', 'deploy']
2022-11-25 15:27:14,353 DEBUG    root            Running [gcloud.run.deploy] with arguments: [--image: "gcr.io/insight-tool-321814/docker_test_insight/flask:latest2"]
2022-11-25 15:27:18,477 DEBUG    google.auth.transport.requests Making request: GET http://metadata.google.internal/computeMetadata/v1/instance/service-accounts/554650739751-compute@developer.gserviceaccount.com/?recursive=true
2022-11-25 15:27:18,479 DEBUG    urllib3.connectionpool Starting new HTTP connection (1): metadata.google.internal:80
2022-11-25 15:27:18,481 DEBUG    urllib3.connectionpool http://metadata.google.internal:80 "GET /computeMetadata/v1/instance/service-accounts/554650739751-compute@developer.gserviceaccount.com/?recursive=true HTTP/1.1" 200 155
2022-11-25 15:27:18,482 DEBUG    google.auth.transport.requests Making request: GET http://metadata.google.internal/computeMetadata/v1/instance/service-accounts/554650739751-compute@developer.gserviceaccount.com/token
2022-11-25 15:27:18,484 DEBUG    urllib3.connectionpool http://metadata.google.internal:80 "GET /computeMetadata/v1/instance/service-accounts/554650739751-compute@developer.gserviceaccount.com/token HTTP/1.1" 200 268
2022-11-25 15:27:18,495 DEBUG    google.auth.transport.requests Making request: GET http://metadata.google.internal/computeMetadata/v1/instance/service-accounts/554650739751-compute@developer.gserviceaccount.com/?recursive=true
2022-11-25 15:27:18,498 DEBUG    urllib3.connectionpool Starting new HTTP connection (1): metadata.google.internal:80
2022-11-25 15:27:18,499 DEBUG    urllib3.connectionpool http://metadata.google.internal:80 "GET /computeMetadata/v1/instance/service-accounts/554650739751-compute@developer.gserviceaccount.com/?recursive=true HTTP/1.1" 200 155
2022-11-25 15:27:18,500 DEBUG    google.auth.transport.requests Making request: GET http://metadata.google.internal/computeMetadata/v1/instance/service-accounts/554650739751-compute@developer.gserviceaccount.com/token
2022-11-25 15:27:18,502 DEBUG    urllib3.connectionpool http://metadata.google.internal:80 "GET /computeMetadata/v1/instance/service-accounts/554650739751-compute@developer.gserviceaccount.com/token HTTP/1.1" 200 268
2022-11-25 15:27:18,519 DEBUG    urllib3.connectionpool Starting new HTTPS connection (1): run.googleapis.com:443
2022-11-25 15:27:18,651 DEBUG    urllib3.connectionpool https://run.googleapis.com:443 "GET /v1/projects/insight-tool-321814/locations?alt=json&pageSize=100 HTTP/1.1" 200 None
2022-11-25 15:27:26,570 INFO     ___FILE_ONLY___ To make this the default region, run `gcloud config set run/region asia-east1`.


2022-11-25 15:27:26,575 DEBUG    google.auth.transport.requests Making request: GET http://metadata.google.internal/computeMetadata/v1/instance/service-accounts/554650739751-compute@developer.gserviceaccount.com/?recursive=true
2022-11-25 15:27:26,577 DEBUG    urllib3.connectionpool Starting new HTTP connection (1): metadata.google.internal:80
2022-11-25 15:27:26,578 DEBUG    urllib3.connectionpool http://metadata.google.internal:80 "GET /computeMetadata/v1/instance/service-accounts/554650739751-compute@developer.gserviceaccount.com/?recursive=true HTTP/1.1" 200 155
2022-11-25 15:27:26,579 DEBUG    google.auth.transport.requests Making request: GET http://metadata.google.internal/computeMetadata/v1/instance/service-accounts/554650739751-compute@developer.gserviceaccount.com/token
2022-11-25 15:27:26,582 DEBUG    urllib3.connectionpool http://metadata.google.internal:80 "GET /computeMetadata/v1/instance/service-accounts/554650739751-compute@developer.gserviceaccount.com/token HTTP/1.1" 200 268
2022-11-25 15:27:26,593 DEBUG    google.auth.transport.requests Making request: GET http://metadata.google.internal/computeMetadata/v1/instance/service-accounts/554650739751-compute@developer.gserviceaccount.com/?recursive=true
2022-11-25 15:27:26,595 DEBUG    urllib3.connectionpool Starting new HTTP connection (1): metadata.google.internal:80
2022-11-25 15:27:26,596 DEBUG    urllib3.connectionpool http://metadata.google.internal:80 "GET /computeMetadata/v1/instance/service-accounts/554650739751-compute@developer.gserviceaccount.com/?recursive=true HTTP/1.1" 200 155
2022-11-25 15:27:26,597 DEBUG    google.auth.transport.requests Making request: GET http://metadata.google.internal/computeMetadata/v1/instance/service-accounts/554650739751-compute@developer.gserviceaccount.com/token
2022-11-25 15:27:26,599 DEBUG    urllib3.connectionpool http://metadata.google.internal:80 "GET /computeMetadata/v1/instance/service-accounts/554650739751-compute@developer.gserviceaccount.com/token HTTP/1.1" 200 268
2022-11-25 15:27:26,609 DEBUG    google.auth.transport.requests Making request: GET http://metadata.google.internal/computeMetadata/v1/instance/service-accounts/554650739751-compute@developer.gserviceaccount.com/?recursive=true
2022-11-25 15:27:26,610 DEBUG    urllib3.connectionpool Starting new HTTP connection (1): metadata.google.internal:80
2022-11-25 15:27:26,612 DEBUG    urllib3.connectionpool http://metadata.google.internal:80 "GET /computeMetadata/v1/instance/service-accounts/554650739751-compute@developer.gserviceaccount.com/?recursive=true HTTP/1.1" 200 155
2022-11-25 15:27:26,612 DEBUG    google.auth.transport.requests Making request: GET http://metadata.google.internal/computeMetadata/v1/instance/service-accounts/554650739751-compute@developer.gserviceaccount.com/token
2022-11-25 15:27:26,615 DEBUG    urllib3.connectionpool http://metadata.google.internal:80 "GET /computeMetadata/v1/instance/service-accounts/554650739751-compute@developer.gserviceaccount.com/token HTTP/1.1" 200 268
2022-11-25 15:27:26,621 DEBUG    google.auth.transport.requests Making request: GET http://metadata.google.internal/computeMetadata/v1/instance/service-accounts/554650739751-compute@developer.gserviceaccount.com/?recursive=true
2022-11-25 15:27:26,622 DEBUG    urllib3.connectionpool Starting new HTTP connection (1): metadata.google.internal:80
2022-11-25 15:27:26,624 DEBUG    urllib3.connectionpool http://metadata.google.internal:80 "GET /computeMetadata/v1/instance/service-accounts/554650739751-compute@developer.gserviceaccount.com/?recursive=true HTTP/1.1" 200 155
2022-11-25 15:27:26,624 DEBUG    google.auth.transport.requests Making request: GET http://metadata.google.internal/computeMetadata/v1/instance/service-accounts/554650739751-compute@developer.gserviceaccount.com/token
2022-11-25 15:27:26,627 DEBUG    urllib3.connectionpool http://metadata.google.internal:80 "GET /computeMetadata/v1/instance/service-accounts/554650739751-compute@developer.gserviceaccount.com/token HTTP/1.1" 200 268
2022-11-25 15:27:26,633 DEBUG    urllib3.connectionpool Starting new HTTPS connection (1): asia-east1-run.googleapis.com:443
2022-11-25 15:27:27,459 DEBUG    urllib3.connectionpool https://asia-east1-run.googleapis.com:443 "GET /apis/serving.knative.dev/v1/namespaces/insight-tool-321814/services/flasknew?alt=json HTTP/1.1" 404 None
2022-11-25 15:27:27,464 DEBUG    urllib3.connectionpool Starting new HTTPS connection (1): asia-east1-run.googleapis.com:443
2022-11-25 15:27:28,442 DEBUG    urllib3.connectionpool https://asia-east1-run.googleapis.com:443 "POST /v1/projects/insight-tool-321814/locations/asia-east1/services/flasknew:testIamPermissions?alt=json HTTP/1.1" 200 None
2022-11-25 15:27:28,444 INFO     ___FILE_ONLY___ This service will require authentication to be invoked.

2022-11-25 15:27:28,445 INFO     ___FILE_ONLY___ Deploying container to Cloud Run service [[1mflasknew[m] in project [[1minsight-tool-321814[m] region [[1masia-east1[m]

2022-11-25 15:27:28,446 INFO     ___FILE_ONLY___ Deploying new service...
2022-11-25 15:27:28,452 DEBUG    urllib3.connectionpool Starting new HTTPS connection (1): asia-east1-run.googleapis.com:443
2022-11-25 15:27:29,504 DEBUG    urllib3.connectionpool https://asia-east1-run.googleapis.com:443 "POST /apis/serving.knative.dev/v1/namespaces/insight-tool-321814/services?alt=json HTTP/1.1" 200 None
2022-11-25 15:27:29,511 DEBUG    urllib3.connectionpool Starting new HTTPS connection (1): asia-east1-run.googleapis.com:443
2022-11-25 15:27:30,318 DEBUG    urllib3.connectionpool https://asia-east1-run.googleapis.com:443 "GET /apis/serving.knative.dev/v1/namespaces/insight-tool-321814/services/flasknew?alt=json HTTP/1.1" 200 None
2022-11-25 15:27:31,326 DEBUG    urllib3.connectionpool Starting new HTTPS connection (1): asia-east1-run.googleapis.com:443
2022-11-25 15:27:32,107 DEBUG    urllib3.connectionpool https://asia-east1-run.googleapis.com:443 "GET /apis/serving.knative.dev/v1/namespaces/insight-tool-321814/services/flasknew?alt=json HTTP/1.1" 200 None
2022-11-25 15:27:33,116 DEBUG    urllib3.connectionpool Starting new HTTPS connection (1): asia-east1-run.googleapis.com:443
2022-11-25 15:27:33,926 DEBUG    urllib3.connectionpool https://asia-east1-run.googleapis.com:443 "GET /apis/serving.knative.dev/v1/namespaces/insight-tool-321814/services/flasknew?alt=json HTTP/1.1" 200 None
2022-11-25 15:27:34,935 DEBUG    urllib3.connectionpool Starting new HTTPS connection (1): asia-east1-run.googleapis.com:443
2022-11-25 15:27:35,723 DEBUG    urllib3.connectionpool https://asia-east1-run.googleapis.com:443 "GET /apis/serving.knative.dev/v1/namespaces/insight-tool-321814/services/flasknew?alt=json HTTP/1.1" 200 None
2022-11-25 15:27:36,732 DEBUG    urllib3.connectionpool Starting new HTTPS connection (1): asia-east1-run.googleapis.com:443
2022-11-25 15:27:37,485 DEBUG    urllib3.connectionpool https://asia-east1-run.googleapis.com:443 "GET /apis/serving.knative.dev/v1/namespaces/insight-tool-321814/services/flasknew?alt=json HTTP/1.1" 200 None
2022-11-25 15:27:38,494 DEBUG    urllib3.connectionpool Starting new HTTPS connection (1): asia-east1-run.googleapis.com:443
2022-11-25 15:27:39,306 DEBUG    urllib3.connectionpool https://asia-east1-run.googleapis.com:443 "GET /apis/serving.knative.dev/v1/namespaces/insight-tool-321814/services/flasknew?alt=json HTTP/1.1" 200 None
2022-11-25 15:27:40,316 DEBUG    urllib3.connectionpool Starting new HTTPS connection (1): asia-east1-run.googleapis.com:443
2022-11-25 15:27:41,076 DEBUG    urllib3.connectionpool https://asia-east1-run.googleapis.com:443 "GET /apis/serving.knative.dev/v1/namespaces/insight-tool-321814/services/flasknew?alt=json HTTP/1.1" 200 None
2022-11-25 15:27:42,084 DEBUG    urllib3.connectionpool Starting new HTTPS connection (1): asia-east1-run.googleapis.com:443
2022-11-25 15:27:42,839 DEBUG    urllib3.connectionpool https://asia-east1-run.googleapis.com:443 "GET /apis/serving.knative.dev/v1/namespaces/insight-tool-321814/services/flasknew?alt=json HTTP/1.1" 200 None
2022-11-25 15:27:43,848 DEBUG    urllib3.connectionpool Starting new HTTPS connection (1): asia-east1-run.googleapis.com:443
2022-11-25 15:27:44,602 DEBUG    urllib3.connectionpool https://asia-east1-run.googleapis.com:443 "GET /apis/serving.knative.dev/v1/namespaces/insight-tool-321814/services/flasknew?alt=json HTTP/1.1" 200 None
2022-11-25 15:27:45,610 DEBUG    urllib3.connectionpool Starting new HTTPS connection (1): asia-east1-run.googleapis.com:443
2022-11-25 15:27:46,365 DEBUG    urllib3.connectionpool https://asia-east1-run.googleapis.com:443 "GET /apis/serving.knative.dev/v1/namespaces/insight-tool-321814/services/flasknew?alt=json HTTP/1.1" 200 None
2022-11-25 15:27:47,373 DEBUG    urllib3.connectionpool Starting new HTTPS connection (1): asia-east1-run.googleapis.com:443
2022-11-25 15:27:48,166 DEBUG    urllib3.connectionpool https://asia-east1-run.googleapis.com:443 "GET /apis/serving.knative.dev/v1/namespaces/insight-tool-321814/services/flasknew?alt=json HTTP/1.1" 200 None
2022-11-25 15:27:49,175 DEBUG    urllib3.connectionpool Starting new HTTPS connection (1): asia-east1-run.googleapis.com:443
2022-11-25 15:27:49,956 DEBUG    urllib3.connectionpool https://asia-east1-run.googleapis.com:443 "GET /apis/serving.knative.dev/v1/namespaces/insight-tool-321814/services/flasknew?alt=json HTTP/1.1" 200 None
2022-11-25 15:27:50,964 DEBUG    urllib3.connectionpool Starting new HTTPS connection (1): asia-east1-run.googleapis.com:443
2022-11-25 15:27:51,733 DEBUG    urllib3.connectionpool https://asia-east1-run.googleapis.com:443 "GET /apis/serving.knative.dev/v1/namespaces/insight-tool-321814/services/flasknew?alt=json HTTP/1.1" 200 None
2022-11-25 15:27:52,742 DEBUG    urllib3.connectionpool Starting new HTTPS connection (1): asia-east1-run.googleapis.com:443
2022-11-25 15:27:53,529 DEBUG    urllib3.connectionpool https://asia-east1-run.googleapis.com:443 "GET /apis/serving.knative.dev/v1/namespaces/insight-tool-321814/services/flasknew?alt=json HTTP/1.1" 200 None
2022-11-25 15:27:54,538 DEBUG    urllib3.connectionpool Starting new HTTPS connection (1): asia-east1-run.googleapis.com:443
2022-11-25 15:27:55,296 DEBUG    urllib3.connectionpool https://asia-east1-run.googleapis.com:443 "GET /apis/serving.knative.dev/v1/namespaces/insight-tool-321814/services/flasknew?alt=json HTTP/1.1" 200 None
2022-11-25 15:27:56,305 DEBUG    urllib3.connectionpool Starting new HTTPS connection (1): asia-east1-run.googleapis.com:443
2022-11-25 15:27:57,104 DEBUG    urllib3.connectionpool https://asia-east1-run.googleapis.com:443 "GET /apis/serving.knative.dev/v1/namespaces/insight-tool-321814/services/flasknew?alt=json HTTP/1.1" 200 None
2022-11-25 15:27:58,112 DEBUG    urllib3.connectionpool Starting new HTTPS connection (1): asia-east1-run.googleapis.com:443
2022-11-25 15:27:58,866 DEBUG    urllib3.connectionpool https://asia-east1-run.googleapis.com:443 "GET /apis/serving.knative.dev/v1/namespaces/insight-tool-321814/services/flasknew?alt=json HTTP/1.1" 200 None
2022-11-25 15:27:59,875 DEBUG    urllib3.connectionpool Starting new HTTPS connection (1): asia-east1-run.googleapis.com:443
2022-11-25 15:28:00,629 DEBUG    urllib3.connectionpool https://asia-east1-run.googleapis.com:443 "GET /apis/serving.knative.dev/v1/namespaces/insight-tool-321814/services/flasknew?alt=json HTTP/1.1" 200 None
2022-11-25 15:28:01,639 DEBUG    urllib3.connectionpool Starting new HTTPS connection (1): asia-east1-run.googleapis.com:443
2022-11-25 15:28:02,465 DEBUG    urllib3.connectionpool https://asia-east1-run.googleapis.com:443 "GET /apis/serving.knative.dev/v1/namespaces/insight-tool-321814/services/flasknew?alt=json HTTP/1.1" 200 None
2022-11-25 15:28:03,478 DEBUG    urllib3.connectionpool Starting new HTTPS connection (1): asia-east1-run.googleapis.com:443
2022-11-25 15:28:04,232 DEBUG    urllib3.connectionpool https://asia-east1-run.googleapis.com:443 "GET /apis/serving.knative.dev/v1/namespaces/insight-tool-321814/services/flasknew?alt=json HTTP/1.1" 200 None
2022-11-25 15:28:05,241 DEBUG    urllib3.connectionpool Starting new HTTPS connection (1): asia-east1-run.googleapis.com:443
2022-11-25 15:28:06,023 DEBUG    urllib3.connectionpool https://asia-east1-run.googleapis.com:443 "GET /apis/serving.knative.dev/v1/namespaces/insight-tool-321814/services/flasknew?alt=json HTTP/1.1" 200 None
2022-11-25 15:28:07,032 DEBUG    urllib3.connectionpool Starting new HTTPS connection (1): asia-east1-run.googleapis.com:443
2022-11-25 15:28:07,831 DEBUG    urllib3.connectionpool https://asia-east1-run.googleapis.com:443 "GET /apis/serving.knative.dev/v1/namespaces/insight-tool-321814/services/flasknew?alt=json HTTP/1.1" 200 None
2022-11-25 15:28:08,839 DEBUG    urllib3.connectionpool Starting new HTTPS connection (1): asia-east1-run.googleapis.com:443
2022-11-25 15:28:09,638 DEBUG    urllib3.connectionpool https://asia-east1-run.googleapis.com:443 "GET /apis/serving.knative.dev/v1/namespaces/insight-tool-321814/services/flasknew?alt=json HTTP/1.1" 200 None
2022-11-25 15:28:10,646 DEBUG    urllib3.connectionpool Starting new HTTPS connection (1): asia-east1-run.googleapis.com:443
2022-11-25 15:28:11,408 DEBUG    urllib3.connectionpool https://asia-east1-run.googleapis.com:443 "GET /apis/serving.knative.dev/v1/namespaces/insight-tool-321814/services/flasknew?alt=json HTTP/1.1" 200 None
2022-11-25 15:28:12,417 DEBUG    urllib3.connectionpool Starting new HTTPS connection (1): asia-east1-run.googleapis.com:443
2022-11-25 15:28:13,175 DEBUG    urllib3.connectionpool https://asia-east1-run.googleapis.com:443 "GET /apis/serving.knative.dev/v1/namespaces/insight-tool-321814/services/flasknew?alt=json HTTP/1.1" 200 None
2022-11-25 15:28:14,183 DEBUG    urllib3.connectionpool Starting new HTTPS connection (1): asia-east1-run.googleapis.com:443
2022-11-25 15:28:14,937 DEBUG    urllib3.connectionpool https://asia-east1-run.googleapis.com:443 "GET /apis/serving.knative.dev/v1/namespaces/insight-tool-321814/services/flasknew?alt=json HTTP/1.1" 200 None
2022-11-25 15:28:15,945 DEBUG    urllib3.connectionpool Starting new HTTPS connection (1): asia-east1-run.googleapis.com:443
2022-11-25 15:28:16,732 DEBUG    urllib3.connectionpool https://asia-east1-run.googleapis.com:443 "GET /apis/serving.knative.dev/v1/namespaces/insight-tool-321814/services/flasknew?alt=json HTTP/1.1" 200 None
2022-11-25 15:28:17,741 DEBUG    urllib3.connectionpool Starting new HTTPS connection (1): asia-east1-run.googleapis.com:443
2022-11-25 15:28:18,493 DEBUG    urllib3.connectionpool https://asia-east1-run.googleapis.com:443 "GET /apis/serving.knative.dev/v1/namespaces/insight-tool-321814/services/flasknew?alt=json HTTP/1.1" 200 None
2022-11-25 15:28:19,502 DEBUG    urllib3.connectionpool Starting new HTTPS connection (1): asia-east1-run.googleapis.com:443
2022-11-25 15:28:20,284 DEBUG    urllib3.connectionpool https://asia-east1-run.googleapis.com:443 "GET /apis/serving.knative.dev/v1/namespaces/insight-tool-321814/services/flasknew?alt=json HTTP/1.1" 200 None
2022-11-25 15:28:21,294 DEBUG    urllib3.connectionpool Starting new HTTPS connection (1): asia-east1-run.googleapis.com:443
2022-11-25 15:28:22,077 DEBUG    urllib3.connectionpool https://asia-east1-run.googleapis.com:443 "GET /apis/serving.knative.dev/v1/namespaces/insight-tool-321814/services/flasknew?alt=json HTTP/1.1" 200 None
2022-11-25 15:28:23,086 DEBUG    urllib3.connectionpool Starting new HTTPS connection (1): asia-east1-run.googleapis.com:443
2022-11-25 15:28:23,869 DEBUG    urllib3.connectionpool https://asia-east1-run.googleapis.com:443 "GET /apis/serving.knative.dev/v1/namespaces/insight-tool-321814/services/flasknew?alt=json HTTP/1.1" 200 None
2022-11-25 15:28:24,878 DEBUG    urllib3.connectionpool Starting new HTTPS connection (1): asia-east1-run.googleapis.com:443
2022-11-25 15:28:25,634 DEBUG    urllib3.connectionpool https://asia-east1-run.googleapis.com:443 "GET /apis/serving.knative.dev/v1/namespaces/insight-tool-321814/services/flasknew?alt=json HTTP/1.1" 200 None
2022-11-25 15:28:26,643 DEBUG    urllib3.connectionpool Starting new HTTPS connection (1): asia-east1-run.googleapis.com:443
2022-11-25 15:28:27,398 DEBUG    urllib3.connectionpool https://asia-east1-run.googleapis.com:443 "GET /apis/serving.knative.dev/v1/namespaces/insight-tool-321814/services/flasknew?alt=json HTTP/1.1" 200 None
2022-11-25 15:28:28,407 DEBUG    urllib3.connectionpool Starting new HTTPS connection (1): asia-east1-run.googleapis.com:443
2022-11-25 15:28:29,165 DEBUG    urllib3.connectionpool https://asia-east1-run.googleapis.com:443 "GET /apis/serving.knative.dev/v1/namespaces/insight-tool-321814/services/flasknew?alt=json HTTP/1.1" 200 None
2022-11-25 15:28:30,174 DEBUG    urllib3.connectionpool Starting new HTTPS connection (1): asia-east1-run.googleapis.com:443
2022-11-25 15:28:30,931 DEBUG    urllib3.connectionpool https://asia-east1-run.googleapis.com:443 "GET /apis/serving.knative.dev/v1/namespaces/insight-tool-321814/services/flasknew?alt=json HTTP/1.1" 200 None
2022-11-25 15:28:31,940 DEBUG    urllib3.connectionpool Starting new HTTPS connection (1): asia-east1-run.googleapis.com:443
2022-11-25 15:28:32,694 DEBUG    urllib3.connectionpool https://asia-east1-run.googleapis.com:443 "GET /apis/serving.knative.dev/v1/namespaces/insight-tool-321814/services/flasknew?alt=json HTTP/1.1" 200 None
2022-11-25 15:28:33,703 DEBUG    urllib3.connectionpool Starting new HTTPS connection (1): asia-east1-run.googleapis.com:443
2022-11-25 15:28:34,477 DEBUG    urllib3.connectionpool https://asia-east1-run.googleapis.com:443 "GET /apis/serving.knative.dev/v1/namespaces/insight-tool-321814/services/flasknew?alt=json HTTP/1.1" 200 None
2022-11-25 15:28:35,486 DEBUG    urllib3.connectionpool Starting new HTTPS connection (1): asia-east1-run.googleapis.com:443
2022-11-25 15:28:36,249 DEBUG    urllib3.connectionpool https://asia-east1-run.googleapis.com:443 "GET /apis/serving.knative.dev/v1/namespaces/insight-tool-321814/services/flasknew?alt=json HTTP/1.1" 200 None
2022-11-25 15:28:37,258 DEBUG    urllib3.connectionpool Starting new HTTPS connection (1): asia-east1-run.googleapis.com:443
2022-11-25 15:28:38,004 DEBUG    urllib3.connectionpool https://asia-east1-run.googleapis.com:443 "GET /apis/serving.knative.dev/v1/namespaces/insight-tool-321814/services/flasknew?alt=json HTTP/1.1" 200 None
2022-11-25 15:28:39,012 DEBUG    urllib3.connectionpool Starting new HTTPS connection (1): asia-east1-run.googleapis.com:443
2022-11-25 15:28:39,793 DEBUG    urllib3.connectionpool https://asia-east1-run.googleapis.com:443 "GET /apis/serving.knative.dev/v1/namespaces/insight-tool-321814/services/flasknew?alt=json HTTP/1.1" 200 None
2022-11-25 15:28:40,802 DEBUG    urllib3.connectionpool Starting new HTTPS connection (1): asia-east1-run.googleapis.com:443
2022-11-25 15:28:41,552 DEBUG    urllib3.connectionpool https://asia-east1-run.googleapis.com:443 "GET /apis/serving.knative.dev/v1/namespaces/insight-tool-321814/services/flasknew?alt=json HTTP/1.1" 200 None
2022-11-25 15:28:42,561 DEBUG    urllib3.connectionpool Starting new HTTPS connection (1): asia-east1-run.googleapis.com:443
2022-11-25 15:28:43,311 DEBUG    urllib3.connectionpool https://asia-east1-run.googleapis.com:443 "GET /apis/serving.knative.dev/v1/namespaces/insight-tool-321814/services/flasknew?alt=json HTTP/1.1" 200 None
2022-11-25 15:28:44,320 DEBUG    urllib3.connectionpool Starting new HTTPS connection (1): asia-east1-run.googleapis.com:443
2022-11-25 15:28:45,074 DEBUG    urllib3.connectionpool https://asia-east1-run.googleapis.com:443 "GET /apis/serving.knative.dev/v1/namespaces/insight-tool-321814/services/flasknew?alt=json HTTP/1.1" 200 None
2022-11-25 15:28:46,083 DEBUG    urllib3.connectionpool Starting new HTTPS connection (1): asia-east1-run.googleapis.com:443
2022-11-25 15:28:46,841 DEBUG    urllib3.connectionpool https://asia-east1-run.googleapis.com:443 "GET /apis/serving.knative.dev/v1/namespaces/insight-tool-321814/services/flasknew?alt=json HTTP/1.1" 200 None
2022-11-25 15:28:47,850 DEBUG    urllib3.connectionpool Starting new HTTPS connection (1): asia-east1-run.googleapis.com:443
2022-11-25 15:28:48,615 DEBUG    urllib3.connectionpool https://asia-east1-run.googleapis.com:443 "GET /apis/serving.knative.dev/v1/namespaces/insight-tool-321814/services/flasknew?alt=json HTTP/1.1" 200 None
2022-11-25 15:28:49,625 DEBUG    urllib3.connectionpool Starting new HTTPS connection (1): asia-east1-run.googleapis.com:443
2022-11-25 15:28:50,379 DEBUG    urllib3.connectionpool https://asia-east1-run.googleapis.com:443 "GET /apis/serving.knative.dev/v1/namespaces/insight-tool-321814/services/flasknew?alt=json HTTP/1.1" 200 None
2022-11-25 15:28:51,388 DEBUG    urllib3.connectionpool Starting new HTTPS connection (1): asia-east1-run.googleapis.com:443
2022-11-25 15:28:52,157 DEBUG    urllib3.connectionpool https://asia-east1-run.googleapis.com:443 "GET /apis/serving.knative.dev/v1/namespaces/insight-tool-321814/services/flasknew?alt=json HTTP/1.1" 200 None
2022-11-25 15:28:53,166 DEBUG    urllib3.connectionpool Starting new HTTPS connection (1): asia-east1-run.googleapis.com:443
2022-11-25 15:28:53,917 DEBUG    urllib3.connectionpool https://asia-east1-run.googleapis.com:443 "GET /apis/serving.knative.dev/v1/namespaces/insight-tool-321814/services/flasknew?alt=json HTTP/1.1" 200 None
2022-11-25 15:28:54,926 DEBUG    urllib3.connectionpool Starting new HTTPS connection (1): asia-east1-run.googleapis.com:443
2022-11-25 15:28:55,678 DEBUG    urllib3.connectionpool https://asia-east1-run.googleapis.com:443 "GET /apis/serving.knative.dev/v1/namespaces/insight-tool-321814/services/flasknew?alt=json HTTP/1.1" 200 None
2022-11-25 15:28:55,687 DEBUG    urllib3.connectionpool Starting new HTTPS connection (1): asia-east1-run.googleapis.com:443
2022-11-25 15:28:56,488 DEBUG    urllib3.connectionpool https://asia-east1-run.googleapis.com:443 "GET /apis/serving.knative.dev/v1/namespaces/insight-tool-321814/services/flasknew?alt=json HTTP/1.1" 200 None
2022-11-25 15:28:56,512 DEBUG    urllib3.connectionpool Starting new HTTPS connection (1): asia-east1-run.googleapis.com:443
2022-11-25 15:28:57,289 DEBUG    urllib3.connectionpool https://asia-east1-run.googleapis.com:443 "GET /apis/serving.knative.dev/v1/namespaces/insight-tool-321814/services/flasknew?alt=json HTTP/1.1" 200 None
2022-11-25 15:28:57,294 INFO     ___FILE_ONLY___ Service [[1mflasknew[m] revision [[1mflasknew-00001-kad[m] has been deployed and is serving [1m100[m percent of traffic.
Service URL: [1mhttps://flasknew-ervzdhepma-de.a.run.app[m

2022-11-25 15:28:57,295 INFO     root            Display format: "none"
2022-11-25 15:28:57,299 DEBUG    root            SDK update checks are disabled.
