2022-11-30 12:25:35,133 DEBUG    root            Loaded Command Group: ['gcloud', 'auth']
2022-11-30 12:25:35,136 DEBUG    root            Loaded Command Group: ['gcloud', 'auth', 'docker_helper']
2022-11-30 12:25:35,138 DEBUG    root            Running [gcloud.auth.docker-helper] with arguments: [METHOD: "get"]
2022-11-30 12:25:35,143 DEBUG    google.auth.transport.requests Making request: GET http://metadata.google.internal/computeMetadata/v1/instance/service-accounts/554650739751-compute@developer.gserviceaccount.com/?recursive=true
2022-11-30 12:25:35,146 DEBUG    urllib3.connectionpool Starting new HTTP connection (1): metadata.google.internal:80
2022-11-30 12:25:35,147 DEBUG    urllib3.connectionpool http://metadata.google.internal:80 "GET /computeMetadata/v1/instance/service-accounts/554650739751-compute@developer.gserviceaccount.com/?recursive=true HTTP/1.1" 200 155
2022-11-30 12:25:35,148 DEBUG    google.auth.transport.requests Making request: GET http://metadata.google.internal/computeMetadata/v1/instance/service-accounts/554650739751-compute@developer.gserviceaccount.com/token
2022-11-30 12:25:35,150 DEBUG    urllib3.connectionpool http://metadata.google.internal:80 "GET /computeMetadata/v1/instance/service-accounts/554650739751-compute@developer.gserviceaccount.com/token HTTP/1.1" 200 268
2022-11-30 12:25:35,160 DEBUG    google.auth.transport.requests Making request: GET http://metadata.google.internal/computeMetadata/v1/instance/service-accounts/554650739751-compute@developer.gserviceaccount.com/?recursive=true
2022-11-30 12:25:35,162 DEBUG    urllib3.connectionpool Starting new HTTP connection (1): metadata.google.internal:80
2022-11-30 12:25:35,163 DEBUG    urllib3.connectionpool http://metadata.google.internal:80 "GET /computeMetadata/v1/instance/service-accounts/554650739751-compute@developer.gserviceaccount.com/?recursive=true HTTP/1.1" 200 155
2022-11-30 12:25:35,164 DEBUG    google.auth.transport.requests Making request: GET http://metadata.google.internal/computeMetadata/v1/instance/service-accounts/554650739751-compute@developer.gserviceaccount.com/token?scopes=https%3A%2F%2Fwww.googleapis.com%2Fauth%2Fcloud-platform%2Chttps%3A%2F%2Fwww.googleapis.com%2Fauth%2Fuserinfo.email
2022-11-30 12:25:35,167 DEBUG    urllib3.connectionpool http://metadata.google.internal:80 "GET /computeMetadata/v1/instance/service-accounts/554650739751-compute@developer.gserviceaccount.com/token?scopes=https%3A%2F%2Fwww.googleapis.com%2Fauth%2Fcloud-platform%2Chttps%3A%2F%2Fwww.googleapis.com%2Fauth%2Fuserinfo.email HTTP/1.1" 200 268
2022-11-30 12:25:35,169 INFO     root            Display format: "json"
2022-11-30 12:25:35,170 INFO     ___FILE_ONLY___ {
  "Secret": "ya29.c.b0Aa9Vdyk-d-2VvDJaOCXON0Z7BSL9c1yznLoNd-BXkosa8Xt7L2UcXkzT9i-x4OPX56tYIwteClJExPmHH5UPW_FrCIFeVcwj2EuzgF56uFU5Mu8TXr2zZodf4DfHaegh3a6xC3Zs77Gaep0hNa5xqFdK60YgtlYBu-pLjfjMxX01ghkzaFTJWY5C50FxHisgn390Isu_Il4............................................................................................................................................................................................................................................................................................................................................................................................................................................................................................................................................................................................................................................................................................................................................................................................................................................",
  "Username": "_dcgcloud_token"
}
2022-11-30 12:25:35,170 INFO     ___FILE_ONLY___ 

2022-11-30 12:25:35,170 DEBUG    root            SDK update checks are disabled.
