2022-11-30 12:47:36,044 DEBUG    root            Loaded Command Group: ['gcloud', 'config']
2022-11-30 12:47:36,047 DEBUG    root            Loaded Command Group: ['gcloud', 'config', 'config_helper']
2022-11-30 12:47:36,049 DEBUG    root            Running [gcloud.config.config-helper] with arguments: [--format: "json"]
2022-11-30 12:47:36,056 DEBUG    google.auth.transport.requests Making request: GET http://metadata.google.internal/computeMetadata/v1/instance/service-accounts/554650739751-compute@developer.gserviceaccount.com/?recursive=true
2022-11-30 12:47:36,059 DEBUG    urllib3.connectionpool Starting new HTTP connection (1): metadata.google.internal:80
2022-11-30 12:47:36,060 DEBUG    urllib3.connectionpool http://metadata.google.internal:80 "GET /computeMetadata/v1/instance/service-accounts/554650739751-compute@developer.gserviceaccount.com/?recursive=true HTTP/1.1" 200 155
2022-11-30 12:47:36,061 DEBUG    google.auth.transport.requests Making request: GET http://metadata.google.internal/computeMetadata/v1/instance/service-accounts/554650739751-compute@developer.gserviceaccount.com/token
2022-11-30 12:47:36,063 DEBUG    urllib3.connectionpool http://metadata.google.internal:80 "GET /computeMetadata/v1/instance/service-accounts/554650739751-compute@developer.gserviceaccount.com/token HTTP/1.1" 200 268
2022-11-30 12:47:36,076 INFO     root            Display format: "default json"
2022-11-30 12:47:36,077 INFO     ___FILE_ONLY___ {
  "configuration": {
    "active_configuration": "default",
    "properties": {
      "core": {
        "account": "554650739751-compute@developer.gserviceaccount.com",
        "disable_usage_reporting": "True",
        "project": "insight-tool-321814"
      }
    }
  },
  "credential": {
    "access_token": "ya29.c.b0Aa9VdylQ4O3khbrqi5HlJx_UODaKyYOePbwnWl6d2YcUhWRUWpGMEHkSuQURTkdcLiPhZenyWMHcsypnukeoPyWQXOWT7RgCs8KDyu9BW5Cx-8ba-VTZd-CHP5kbObkjJjv21VMmlKBKxGWacbYnYos2kzIr_MzJl8L2W3M0M_G2hvh_XtIhiZ8fZvHB8pN6dc7eUCjCmC0............................................................................................................................................................................................................................................................................................................................................................................................................................................................................................................................................................................................................................................................................................................................................................................................................................................",
    "id_token": "eyJhbGciOiJSUzI1NiIsImtpZCI6IjE4MzkyM2M4Y2ZlYzEwZjkyY2IwMTNkMDZlMWU3Y2RkNzg3NGFlYTUiLCJ0eXAiOiJKV1QifQ.eyJhdWQiOiIzMjU1NTk0MDU1OS5hcHBzLmdvb2dsZXVzZXJjb250ZW50LmNvbSIsImF6cCI6IjExMDEyNTM2MjY1MDE5OTI1NTg1NSIsImV4cCI6MTY2OTgxNjA1NiwiaWF0IjoxNjY5ODEyNDU2LCJpc3MiOiJodHRwczovL2FjY291bnRzLmdvb2dsZS5jb20iLCJzdWIiOiIxMTAxMjUzNjI2NTAxOTkyNTU4NTUifQ.cbhzKBX7jNMoRP7tuchcxydY_0Io1PkUHv8MWDsNeNn84KKXaD2AM2eQMxi3tbf7d5A0ywgCPqNVWSg6VdrC7JcEHXi14fNytuu3WaVweZ3CMpSuWoMrWEWxMtY2nLJ9mrtgJNd9ASxJpr9F_gq68XyHAcfaUZriGIwliHKC6V88XN_Ot4z8B43_kCXx2yUSmU2qilMPeJUmuXsekf4y77wCi7zSK8Q14I5Z1rjNVDuzaT2teo59rhdB2mEKRCOe5grMeV2bgpTtFhXB1rAvnqNpFa9YDnJGRqreaA89iSJtP0pbOeN3DTsR4pn3digWYFpUoawBNG-s0vnPr63--g",
    "token_expiry": "2022-11-30T13:45:19Z"
  },
  "sentinels": {
    "config_sentinel": "/home/jupyter/.config/gcloud/config_sentinel"
  }
}
2022-11-30 12:47:36,077 INFO     ___FILE_ONLY___ 

2022-11-30 12:47:36,077 DEBUG    root            SDK update checks are disabled.
