2022-11-22 09:12:12,156 DEBUG    root            Loaded Command Group: ['gcloud', 'container', 'images']
2022-11-22 09:12:12,576 DEBUG    root            Loaded Command Group: ['gcloud', 'container', 'images', 'list']
2022-11-22 09:12:12,585 DEBUG    google.auth.transport.requests Making request: GET http://metadata.google.internal/computeMetadata/v1/instance/service-accounts/554650739751-compute@developer.gserviceaccount.com/?recursive=true
2022-11-22 09:12:12,587 DEBUG    urllib3.connectionpool Starting new HTTP connection (1): metadata.google.internal:80
2022-11-22 09:12:12,589 DEBUG    urllib3.connectionpool http://metadata.google.internal:80 "GET /computeMetadata/v1/instance/service-accounts/554650739751-compute@developer.gserviceaccount.com/?recursive=true HTTP/1.1" 200 155
2022-11-22 09:12:12,590 DEBUG    google.auth.transport.requests Making request: GET http://metadata.google.internal/computeMetadata/v1/instance/service-accounts/554650739751-compute@developer.gserviceaccount.com/token
2022-11-22 09:12:12,593 DEBUG    urllib3.connectionpool http://metadata.google.internal:80 "GET /computeMetadata/v1/instance/service-accounts/554650739751-compute@developer.gserviceaccount.com/token HTTP/1.1" 200 266
2022-11-22 09:12:12,604 DEBUG    google.auth.transport.requests Making request: GET http://metadata.google.internal/computeMetadata/v1/instance/service-accounts/554650739751-compute@developer.gserviceaccount.com/?recursive=true
2022-11-22 09:12:12,605 DEBUG    urllib3.connectionpool Starting new HTTP connection (1): metadata.google.internal:80
2022-11-22 09:12:12,607 DEBUG    urllib3.connectionpool http://metadata.google.internal:80 "GET /computeMetadata/v1/instance/service-accounts/554650739751-compute@developer.gserviceaccount.com/?recursive=true HTTP/1.1" 200 155
2022-11-22 09:12:12,607 DEBUG    google.auth.transport.requests Making request: GET http://metadata.google.internal/computeMetadata/v1/instance/service-accounts/554650739751-compute@developer.gserviceaccount.com/token
2022-11-22 09:12:12,610 DEBUG    urllib3.connectionpool http://metadata.google.internal:80 "GET /computeMetadata/v1/instance/service-accounts/554650739751-compute@developer.gserviceaccount.com/token HTTP/1.1" 200 266
2022-11-22 09:12:12,765 DEBUG    root            Running [gcloud.container.images.list] with arguments: [--repository: "gcr.io/insight-tool-321814/docker_test_insight"]
2022-11-22 09:12:12,768 DEBUG    urllib3.connectionpool Starting new HTTPS connection (1): gcr.io:443
2022-11-22 09:12:13,010 DEBUG    urllib3.connectionpool https://gcr.io:443 "GET /v2/ HTTP/1.1" 401 None
2022-11-22 09:12:13,015 DEBUG    google.auth.transport.requests Making request: GET http://metadata.google.internal/computeMetadata/v1/instance/service-accounts/554650739751-compute@developer.gserviceaccount.com/?recursive=true
2022-11-22 09:12:13,016 DEBUG    urllib3.connectionpool Starting new HTTP connection (1): metadata.google.internal:80
2022-11-22 09:12:13,017 DEBUG    urllib3.connectionpool http://metadata.google.internal:80 "GET /computeMetadata/v1/instance/service-accounts/554650739751-compute@developer.gserviceaccount.com/?recursive=true HTTP/1.1" 200 155
2022-11-22 09:12:13,018 DEBUG    google.auth.transport.requests Making request: GET http://metadata.google.internal/computeMetadata/v1/instance/service-accounts/554650739751-compute@developer.gserviceaccount.com/token
2022-11-22 09:12:13,020 DEBUG    urllib3.connectionpool http://metadata.google.internal:80 "GET /computeMetadata/v1/instance/service-accounts/554650739751-compute@developer.gserviceaccount.com/token HTTP/1.1" 200 266
2022-11-22 09:12:13,059 DEBUG    urllib3.connectionpool https://gcr.io:443 "GET /v2/token?scope=repository%3Ainsight-tool-321814%2Fdocker_test_insight%3Apull&service=gcr.io HTTP/1.1" 200 None
2022-11-22 09:12:13,199 DEBUG    urllib3.connectionpool https://gcr.io:443 "GET /v2/insight-tool-321814/docker_test_insight/tags/list HTTP/1.1" 200 None
2022-11-22 09:12:13,200 INFO     root            Display format: "table(name)"
2022-11-22 09:12:13,202 INFO     ___FILE_ONLY___ NAME
2022-11-22 09:12:13,202 INFO     ___FILE_ONLY___ 

2022-11-22 09:12:13,202 INFO     ___FILE_ONLY___ gcr.io/insight-tool-321814/docker_test_insight/common_container
2022-11-22 09:12:13,203 INFO     ___FILE_ONLY___ 

2022-11-22 09:12:13,203 INFO     ___FILE_ONLY___ gcr.io/insight-tool-321814/docker_test_insight/house_test
2022-11-22 09:12:13,203 INFO     ___FILE_ONLY___ 

2022-11-22 09:12:13,203 INFO     ___FILE_ONLY___ gcr.io/insight-tool-321814/docker_test_insight/prediction
2022-11-22 09:12:13,203 INFO     ___FILE_ONLY___ 

2022-11-22 09:12:13,203 INFO     ___FILE_ONLY___ gcr.io/insight-tool-321814/docker_test_insight/prediction_cloudbuild_test_2
2022-11-22 09:12:13,203 INFO     ___FILE_ONLY___ 

2022-11-22 09:12:13,203 INFO     ___FILE_ONLY___ gcr.io/insight-tool-321814/docker_test_insight/prediction_cloudbuild_test_4
2022-11-22 09:12:13,204 INFO     ___FILE_ONLY___ 

2022-11-22 09:12:13,204 INFO     ___FILE_ONLY___ gcr.io/insight-tool-321814/docker_test_insight/preprocessing
2022-11-22 09:12:13,204 INFO     ___FILE_ONLY___ 

2022-11-22 09:12:13,204 INFO     ___FILE_ONLY___ gcr.io/insight-tool-321814/docker_test_insight/preprocessing_cloudbuild_test
2022-11-22 09:12:13,204 INFO     ___FILE_ONLY___ 

2022-11-22 09:12:13,204 INFO     ___FILE_ONLY___ gcr.io/insight-tool-321814/docker_test_insight/preprocessing_cloudbuild_test_2
2022-11-22 09:12:13,204 INFO     ___FILE_ONLY___ 

2022-11-22 09:12:13,204 INFO     ___FILE_ONLY___ gcr.io/insight-tool-321814/docker_test_insight/preprocessing_cloudbuild_test_4
2022-11-22 09:12:13,205 INFO     ___FILE_ONLY___ 

2022-11-22 09:12:13,205 INFO     ___FILE_ONLY___ gcr.io/insight-tool-321814/docker_test_insight/training
2022-11-22 09:12:13,205 INFO     ___FILE_ONLY___ 

2022-11-22 09:12:13,205 INFO     ___FILE_ONLY___ gcr.io/insight-tool-321814/docker_test_insight/training_cloudbuild_test
2022-11-22 09:12:13,205 INFO     ___FILE_ONLY___ 

2022-11-22 09:12:13,205 INFO     ___FILE_ONLY___ gcr.io/insight-tool-321814/docker_test_insight/training_cloudbuild_test_2
2022-11-22 09:12:13,205 INFO     ___FILE_ONLY___ 

2022-11-22 09:12:13,205 INFO     ___FILE_ONLY___ gcr.io/insight-tool-321814/docker_test_insight/training_cloudbuild_test_4
2022-11-22 09:12:13,206 INFO     ___FILE_ONLY___ 

2022-11-22 09:12:13,206 DEBUG    root            SDK update checks are disabled.
