2022-11-22 09:21:27,793 DEBUG    root            Loaded Command Group: ['gcloud', 'auth']
2022-11-22 09:21:27,796 DEBUG    root            Loaded Command Group: ['gcloud', 'auth', 'docker_helper']
2022-11-22 09:21:27,798 DEBUG    root            Running [gcloud.auth.docker-helper] with arguments: [METHOD: "get"]
2022-11-22 09:21:27,802 DEBUG    google.auth.transport.requests Making request: GET http://metadata.google.internal/computeMetadata/v1/instance/service-accounts/554650739751-compute@developer.gserviceaccount.com/?recursive=true
2022-11-22 09:21:27,804 DEBUG    urllib3.connectionpool Starting new HTTP connection (1): metadata.google.internal:80
2022-11-22 09:21:27,805 DEBUG    urllib3.connectionpool http://metadata.google.internal:80 "GET /computeMetadata/v1/instance/service-accounts/554650739751-compute@developer.gserviceaccount.com/?recursive=true HTTP/1.1" 200 155
2022-11-22 09:21:27,806 DEBUG    google.auth.transport.requests Making request: GET http://metadata.google.internal/computeMetadata/v1/instance/service-accounts/554650739751-compute@developer.gserviceaccount.com/token
2022-11-22 09:21:27,808 DEBUG    urllib3.connectionpool http://metadata.google.internal:80 "GET /computeMetadata/v1/instance/service-accounts/554650739751-compute@developer.gserviceaccount.com/token HTTP/1.1" 200 266
2022-11-22 09:21:27,818 DEBUG    google.auth.transport.requests Making request: GET http://metadata.google.internal/computeMetadata/v1/instance/service-accounts/554650739751-compute@developer.gserviceaccount.com/?recursive=true
2022-11-22 09:21:27,819 DEBUG    urllib3.connectionpool Starting new HTTP connection (1): metadata.google.internal:80
2022-11-22 09:21:27,820 DEBUG    urllib3.connectionpool http://metadata.google.internal:80 "GET /computeMetadata/v1/instance/service-accounts/554650739751-compute@developer.gserviceaccount.com/?recursive=true HTTP/1.1" 200 155
2022-11-22 09:21:27,821 DEBUG    google.auth.transport.requests Making request: GET http://metadata.google.internal/computeMetadata/v1/instance/service-accounts/554650739751-compute@developer.gserviceaccount.com/token?scopes=https%3A%2F%2Fwww.googleapis.com%2Fauth%2Fcloud-platform%2Chttps%3A%2F%2Fwww.googleapis.com%2Fauth%2Fuserinfo.email
2022-11-22 09:21:27,823 DEBUG    urllib3.connectionpool http://metadata.google.internal:80 "GET /computeMetadata/v1/instance/service-accounts/554650739751-compute@developer.gserviceaccount.com/token?scopes=https%3A%2F%2Fwww.googleapis.com%2Fauth%2Fcloud-platform%2Chttps%3A%2F%2Fwww.googleapis.com%2Fauth%2Fuserinfo.email HTTP/1.1" 200 266
2022-11-22 09:21:27,826 INFO     root            Display format: "json"
2022-11-22 09:21:27,826 INFO     ___FILE_ONLY___ {
  "Secret": "ya29.c.b0Aa9VdykHyqDNeuH-yu2nBFoWYZT_mf-u6k4pj6Kw9TfdwazsC9keS50uTOdh70fG8GcWFErNy_ThlZJyqHiOKA5SUHbaUA9tJYiWTeqPHW7_5KPOebEOvfrTyeF6sSA3ct7QvK8YwzttRAyd66Wtv6r4PgY5w_441cF0pyHuX9E4nR5bzg4HyUiN_kHe4ZZnvK3zTTs4Fxw............................................................................................................................................................................................................................................................................................................................................................................................................................................................................................................................................................................................................................................................................................................................................................................................................................................",
  "Username": "_dcgcloud_token"
}
2022-11-22 09:21:27,826 INFO     ___FILE_ONLY___ 

2022-11-22 09:21:27,826 DEBUG    root            SDK update checks are disabled.
