2022-11-29 07:50:41,035 DEBUG    root            Loaded Command Group: ['gcloud', 'config']
2022-11-29 07:50:41,176 DEBUG    root            Loaded Command Group: ['gcloud', 'config', 'config_helper']
2022-11-29 07:50:41,179 DEBUG    root            Running [gcloud.config.config-helper] with arguments: [--format: "json"]
2022-11-29 07:50:41,189 DEBUG    google.auth.transport.requests Making request: GET http://metadata.google.internal/computeMetadata/v1/instance/service-accounts/554650739751-compute@developer.gserviceaccount.com/?recursive=true
2022-11-29 07:50:41,192 DEBUG    urllib3.connectionpool Starting new HTTP connection (1): metadata.google.internal:80
2022-11-29 07:50:41,194 DEBUG    urllib3.connectionpool http://metadata.google.internal:80 "GET /computeMetadata/v1/instance/service-accounts/554650739751-compute@developer.gserviceaccount.com/?recursive=true HTTP/1.1" 200 155
2022-11-29 07:50:41,195 DEBUG    google.auth.transport.requests Making request: GET http://metadata.google.internal/computeMetadata/v1/instance/service-accounts/554650739751-compute@developer.gserviceaccount.com/token
2022-11-29 07:50:41,208 DEBUG    urllib3.connectionpool http://metadata.google.internal:80 "GET /computeMetadata/v1/instance/service-accounts/554650739751-compute@developer.gserviceaccount.com/token HTTP/1.1" 200 267
2022-11-29 07:50:41,225 INFO     root            Display format: "default json"
2022-11-29 07:50:41,225 INFO     ___FILE_ONLY___ {
  "configuration": {
    "active_configuration": "default",
    "properties": {
      "core": {
        "account": "554650739751-compute@developer.gserviceaccount.com",
        "disable_usage_reporting": "True",
        "project": "insight-tool-321814"
      }
    }
  },
  "credential": {
    "access_token": "ya29.c.b0Aa9VdylBR0tZWdffMgUg2GFliMyeeqjC5rfYW0tYiDx1HKZSE0ofNG-vlSasQJjEtPpxofBa_VmpVjnjnNQ1Eyz_x59pxOavtc_ViK8vPU1e2KuJU8387_U7Jv1lGs4CflkVjN6-AFCgcpHa4MN2XR5_J-77mIxCn1CL1R5HZNBjBuiL8ErZk40e-JaTJKvE4Z8pqbU6kqI............................................................................................................................................................................................................................................................................................................................................................................................................................................................................................................................................................................................................................................................................................................................................................................................................................................",
    "id_token": "eyJhbGciOiJSUzI1NiIsImtpZCI6IjE4MzkyM2M4Y2ZlYzEwZjkyY2IwMTNkMDZlMWU3Y2RkNzg3NGFlYTUiLCJ0eXAiOiJKV1QifQ.eyJhdWQiOiIzMjU1NTk0MDU1OS5hcHBzLmdvb2dsZXVzZXJjb250ZW50LmNvbSIsImF6cCI6IjExMDEyNTM2MjY1MDE5OTI1NTg1NSIsImV4cCI6MTY2OTcxMTg0MSwiaWF0IjoxNjY5NzA4MjQxLCJpc3MiOiJodHRwczovL2FjY291bnRzLmdvb2dsZS5jb20iLCJzdWIiOiIxMTAxMjUzNjI2NTAxOTkyNTU4NTUifQ.FKq8_ZGLKht5ySjgcci2MPgfD7KxwtmitmKvzEizuF063AGDTF3dH2eO7CduEinKsrLFBevxzrjTsY6_53l9Rv2fQdJkGb-XNBzfpnzH04LSvUCbP8E_-6FATzdwJ8LbVsfZbwbFWgY5fXgfZs68GRjIn9bgAYRpP1o6Xo1_NFQeWArMM5Y7QcK-UROZIyZKiPLFh7_SFzo52bFOiwOIDi3wZb_itVNrj1YnGZXhLOwtErx4jQIbQHd8NFgTGqXbrAVFoNFevx_VEfQz71bJWE1sky6x3BV70wpuKzBSMI5sAW0Avx5F4cr2X8E3Mct1ZiKgVflZJchLBo-9NMTaNg",
    "token_expiry": "2022-11-29T08:50:40Z"
  },
  "sentinels": {
    "config_sentinel": "/home/jupyter/.config/gcloud/config_sentinel"
  }
}
2022-11-29 07:50:41,225 INFO     ___FILE_ONLY___ 

2022-11-29 07:50:41,226 DEBUG    root            SDK update checks are disabled.
