2022-11-29 08:54:21,070 DEBUG    root            Loaded Command Group: ['gcloud', 'config']
2022-11-29 08:54:21,072 DEBUG    root            Loaded Command Group: ['gcloud', 'config', 'config_helper']
2022-11-29 08:54:21,075 DEBUG    root            Running [gcloud.config.config-helper] with arguments: [--format: "json"]
2022-11-29 08:54:21,082 DEBUG    google.auth.transport.requests Making request: GET http://metadata.google.internal/computeMetadata/v1/instance/service-accounts/554650739751-compute@developer.gserviceaccount.com/?recursive=true
2022-11-29 08:54:21,085 DEBUG    urllib3.connectionpool Starting new HTTP connection (1): metadata.google.internal:80
2022-11-29 08:54:21,086 DEBUG    urllib3.connectionpool http://metadata.google.internal:80 "GET /computeMetadata/v1/instance/service-accounts/554650739751-compute@developer.gserviceaccount.com/?recursive=true HTTP/1.1" 200 155
2022-11-29 08:54:21,087 DEBUG    google.auth.transport.requests Making request: GET http://metadata.google.internal/computeMetadata/v1/instance/service-accounts/554650739751-compute@developer.gserviceaccount.com/token
2022-11-29 08:54:21,090 DEBUG    urllib3.connectionpool http://metadata.google.internal:80 "GET /computeMetadata/v1/instance/service-accounts/554650739751-compute@developer.gserviceaccount.com/token HTTP/1.1" 200 268
2022-11-29 08:54:21,102 INFO     root            Display format: "default json"
2022-11-29 08:54:21,103 INFO     ___FILE_ONLY___ {
  "configuration": {
    "active_configuration": "default",
    "properties": {
      "core": {
        "account": "554650739751-compute@developer.gserviceaccount.com",
        "disable_usage_reporting": "True",
        "project": "insight-tool-321814"
      }
    }
  },
  "credential": {
    "access_token": "ya29.c.b0Aa9VdylancHi_9fy-8sZDVzN0_IpJE9rJTSZ2xoZA_KJjRFfbKLc6CqxXBYo1nI1ljq7PEUKTOxVKE66u8JhB59EXqSL3n7XLzG7ncE10vbDw9azPfFmql39O0Zp4VvJaim6qPnVq0882gIJ49egqFxb8eE1A8jSQwj1Qb2VS5Gr8v8mZh_rur7tnEmWw0nwIkOY84WbaOs............................................................................................................................................................................................................................................................................................................................................................................................................................................................................................................................................................................................................................................................................................................................................................................................................................................",
    "id_token": "eyJhbGciOiJSUzI1NiIsImtpZCI6IjE4MzkyM2M4Y2ZlYzEwZjkyY2IwMTNkMDZlMWU3Y2RkNzg3NGFlYTUiLCJ0eXAiOiJKV1QifQ.eyJhdWQiOiIzMjU1NTk0MDU1OS5hcHBzLmdvb2dsZXVzZXJjb250ZW50LmNvbSIsImF6cCI6IjExMDEyNTM2MjY1MDE5OTI1NTg1NSIsImV4cCI6MTY2OTcxNTY2MSwiaWF0IjoxNjY5NzEyMDYxLCJpc3MiOiJodHRwczovL2FjY291bnRzLmdvb2dsZS5jb20iLCJzdWIiOiIxMTAxMjUzNjI2NTAxOTkyNTU4NTUifQ.WTT_VeH8c74cE2RH2vzHMGOswubfr7JddTNRbnR4L6qMmJ3LbgGPkRBhhqSRPjsHTrenHQeOEjSkzOZYQ7wTYKV-3_jexymSPLEnD3Rcgis-_Ty_w3KZRJ-1FX1oTC4LwBjRbCFB3RiS4MePRsNXLYiA91e_cbxd-SXubI-e-qRFptTg6-Yrn_6D1JgZNs3Ienr3s4erBFbl20N8LRW6lpFvcP8iVRIy8id7JSGdADlZCI5BI2BeRK0sJ_-fkxYLey3tr975P1nEl1rRmNHsQWo5kU67uLMVFN8I9GLUkpRqkSyd9CxMu7o0-W39yvOjAdMYpTGoV2X12BDilJms2w",
    "token_expiry": "2022-11-29T09:42:31Z"
  },
  "sentinels": {
    "config_sentinel": "/home/jupyter/.config/gcloud/config_sentinel"
  }
}
2022-11-29 08:54:21,103 INFO     ___FILE_ONLY___ 

2022-11-29 08:54:21,104 DEBUG    root            SDK update checks are disabled.
