2022-11-29 09:16:44,872 DEBUG    root            Loaded Command Group: ['gcloud', 'auth']
2022-11-29 09:16:44,875 DEBUG    root            Loaded Command Group: ['gcloud', 'auth', 'docker_helper']
2022-11-29 09:16:44,878 DEBUG    root            Running [gcloud.auth.docker-helper] with arguments: [METHOD: "get"]
2022-11-29 09:16:44,887 DEBUG    google.auth.transport.requests Making request: GET http://metadata.google.internal/computeMetadata/v1/instance/service-accounts/554650739751-compute@developer.gserviceaccount.com/?recursive=true
2022-11-29 09:16:44,889 DEBUG    urllib3.connectionpool Starting new HTTP connection (1): metadata.google.internal:80
2022-11-29 09:16:44,892 DEBUG    urllib3.connectionpool http://metadata.google.internal:80 "GET /computeMetadata/v1/instance/service-accounts/554650739751-compute@developer.gserviceaccount.com/?recursive=true HTTP/1.1" 200 155
2022-11-29 09:16:44,892 DEBUG    google.auth.transport.requests Making request: GET http://metadata.google.internal/computeMetadata/v1/instance/service-accounts/554650739751-compute@developer.gserviceaccount.com/token
2022-11-29 09:16:44,896 DEBUG    urllib3.connectionpool http://metadata.google.internal:80 "GET /computeMetadata/v1/instance/service-accounts/554650739751-compute@developer.gserviceaccount.com/token HTTP/1.1" 200 268
2022-11-29 09:16:44,906 DEBUG    google.auth.transport.requests Making request: GET http://metadata.google.internal/computeMetadata/v1/instance/service-accounts/554650739751-compute@developer.gserviceaccount.com/?recursive=true
2022-11-29 09:16:44,908 DEBUG    urllib3.connectionpool Starting new HTTP connection (1): metadata.google.internal:80
2022-11-29 09:16:44,910 DEBUG    urllib3.connectionpool http://metadata.google.internal:80 "GET /computeMetadata/v1/instance/service-accounts/554650739751-compute@developer.gserviceaccount.com/?recursive=true HTTP/1.1" 200 155
2022-11-29 09:16:44,911 DEBUG    google.auth.transport.requests Making request: GET http://metadata.google.internal/computeMetadata/v1/instance/service-accounts/554650739751-compute@developer.gserviceaccount.com/token?scopes=https%3A%2F%2Fwww.googleapis.com%2Fauth%2Fcloud-platform%2Chttps%3A%2F%2Fwww.googleapis.com%2Fauth%2Fuserinfo.email
2022-11-29 09:16:44,915 DEBUG    urllib3.connectionpool http://metadata.google.internal:80 "GET /computeMetadata/v1/instance/service-accounts/554650739751-compute@developer.gserviceaccount.com/token?scopes=https%3A%2F%2Fwww.googleapis.com%2Fauth%2Fcloud-platform%2Chttps%3A%2F%2Fwww.googleapis.com%2Fauth%2Fuserinfo.email HTTP/1.1" 200 268
2022-11-29 09:16:44,919 INFO     root            Display format: "json"
2022-11-29 09:16:44,920 INFO     ___FILE_ONLY___ {
  "Secret": "ya29.c.b0Aa9VdylancHi_9fy-8sZDVzN0_IpJE9rJTSZ2xoZA_KJjRFfbKLc6CqxXBYo1nI1ljq7PEUKTOxVKE66u8JhB59EXqSL3n7XLzG7ncE10vbDw9azPfFmql39O0Zp4VvJaim6qPnVq0882gIJ49egqFxb8eE1A8jSQwj1Qb2VS5Gr8v8mZh_rur7tnEmWw0nwIkOY84WbaOs............................................................................................................................................................................................................................................................................................................................................................................................................................................................................................................................................................................................................................................................................................................................................................................................................................................",
  "Username": "_dcgcloud_token"
}
2022-11-29 09:16:44,920 INFO     ___FILE_ONLY___ 

2022-11-29 09:16:44,920 DEBUG    root            SDK update checks are disabled.
