2022-11-29 11:19:10,406 DEBUG    root            Loaded Command Group: ['gcloud', 'config']
2022-11-29 11:19:10,408 DEBUG    root            Loaded Command Group: ['gcloud', 'config', 'config_helper']
2022-11-29 11:19:10,411 DEBUG    root            Running [gcloud.config.config-helper] with arguments: [--format: "json"]
2022-11-29 11:19:10,416 DEBUG    google.auth.transport.requests Making request: GET http://metadata.google.internal/computeMetadata/v1/instance/service-accounts/554650739751-compute@developer.gserviceaccount.com/?recursive=true
2022-11-29 11:19:10,419 DEBUG    urllib3.connectionpool Starting new HTTP connection (1): metadata.google.internal:80
2022-11-29 11:19:10,421 DEBUG    urllib3.connectionpool http://metadata.google.internal:80 "GET /computeMetadata/v1/instance/service-accounts/554650739751-compute@developer.gserviceaccount.com/?recursive=true HTTP/1.1" 200 155
2022-11-29 11:19:10,422 DEBUG    google.auth.transport.requests Making request: GET http://metadata.google.internal/computeMetadata/v1/instance/service-accounts/554650739751-compute@developer.gserviceaccount.com/token
2022-11-29 11:19:10,425 DEBUG    urllib3.connectionpool http://metadata.google.internal:80 "GET /computeMetadata/v1/instance/service-accounts/554650739751-compute@developer.gserviceaccount.com/token HTTP/1.1" 200 270
2022-11-29 11:19:10,441 INFO     root            Display format: "default json"
2022-11-29 11:19:10,441 INFO     ___FILE_ONLY___ {
  "configuration": {
    "active_configuration": "default",
    "properties": {
      "core": {
        "account": "554650739751-compute@developer.gserviceaccount.com",
        "disable_usage_reporting": "True",
        "project": "insight-tool-321814"
      }
    }
  },
  "credential": {
    "access_token": "ya29.c.b0Aa9VdynyJReYDwo_fQNycqToS2Ec5B-Q86RMhQ94FqZ7mRl033twSJKgFXrtGVrY49z4lh1UUYGWOJ-h6EZl1nylVxlhths6EF2_UD2mwGlKVBuGcKH7leZvIvIU11wIRks0AVmSYmMsMq2HaEhlZ2mfI3wdDoNmth1drv3NzfB36z959ycqckNL9L96wLSGPhrNOROR0TI............................................................................................................................................................................................................................................................................................................................................................................................................................................................................................................................................................................................................................................................................................................................................................................................................................................",
    "id_token": "eyJhbGciOiJSUzI1NiIsImtpZCI6IjE4MzkyM2M4Y2ZlYzEwZjkyY2IwMTNkMDZlMWU3Y2RkNzg3NGFlYTUiLCJ0eXAiOiJKV1QifQ.eyJhdWQiOiIzMjU1NTk0MDU1OS5hcHBzLmdvb2dsZXVzZXJjb250ZW50LmNvbSIsImF6cCI6IjExMDEyNTM2MjY1MDE5OTI1NTg1NSIsImV4cCI6MTY2OTcyNDM1MCwiaWF0IjoxNjY5NzIwNzUwLCJpc3MiOiJodHRwczovL2FjY291bnRzLmdvb2dsZS5jb20iLCJzdWIiOiIxMTAxMjUzNjI2NTAxOTkyNTU4NTUifQ.Yv4c46RcjEulDwEZcSpFsXlCZAs2Xi9I2bbwjM8lHktoNvcotRLrpuf2P27AFYMKEKzhR792ANDuyMJuqPG2yQHr4rHHVKeeWCABJSxGSiL_Pg3I2p5ECtLyA8UwbS-7Z0laT9l53JY7NElc73L9WMQabkx-TQY5xHkbgP9dryB6OlNkosKJi3Vz6QRgbZDfszwOpyjjG8-DsjFCk_yhVSl_gTkWtk83cztfcaqBGGReK9PgJElDkiUTUoGcaFb0DtewArcpybVW_rQnFZNuNa9d00ROUXY4hTfPu3KsopuRnrsVbKPGR9ld1SBzB4vRzvonfgZ3XN_OP8XDaMGdfA",
    "token_expiry": "2022-11-29T12:16:46Z"
  },
  "sentinels": {
    "config_sentinel": "/home/jupyter/.config/gcloud/config_sentinel"
  }
}
2022-11-29 11:19:10,442 INFO     ___FILE_ONLY___ 

2022-11-29 11:19:10,442 DEBUG    root            SDK update checks are disabled.
