2022-11-29 12:53:58,088 DEBUG    root            Loaded Command Group: ['gcloud', 'config']
2022-11-29 12:53:58,090 DEBUG    root            Loaded Command Group: ['gcloud', 'config', 'config_helper']
2022-11-29 12:53:58,093 DEBUG    root            Running [gcloud.config.config-helper] with arguments: [--format: "json"]
2022-11-29 12:53:58,100 DEBUG    google.auth.transport.requests Making request: GET http://metadata.google.internal/computeMetadata/v1/instance/service-accounts/554650739751-compute@developer.gserviceaccount.com/?recursive=true
2022-11-29 12:53:58,102 DEBUG    urllib3.connectionpool Starting new HTTP connection (1): metadata.google.internal:80
2022-11-29 12:53:58,104 DEBUG    urllib3.connectionpool http://metadata.google.internal:80 "GET /computeMetadata/v1/instance/service-accounts/554650739751-compute@developer.gserviceaccount.com/?recursive=true HTTP/1.1" 200 155
2022-11-29 12:53:58,105 DEBUG    google.auth.transport.requests Making request: GET http://metadata.google.internal/computeMetadata/v1/instance/service-accounts/554650739751-compute@developer.gserviceaccount.com/token
2022-11-29 12:53:58,107 DEBUG    urllib3.connectionpool http://metadata.google.internal:80 "GET /computeMetadata/v1/instance/service-accounts/554650739751-compute@developer.gserviceaccount.com/token HTTP/1.1" 200 267
2022-11-29 12:53:58,120 INFO     root            Display format: "default json"
2022-11-29 12:53:58,121 INFO     ___FILE_ONLY___ {
  "configuration": {
    "active_configuration": "default",
    "properties": {
      "core": {
        "account": "554650739751-compute@developer.gserviceaccount.com",
        "disable_usage_reporting": "True",
        "project": "insight-tool-321814"
      }
    }
  },
  "credential": {
    "access_token": "ya29.c.b0Aa9Vdynz1rtWLAqri0M5N3_CUJEJxcSTEu3718y0pVOE97_iTF-veHWrU3-osOpDTjIxdRZ2RxJXlcJf_FznP1rLG1Hw6Fyf4SnWtmnA6ZEWNOwJmUf-NYpFMaU4sfbONOrfa98blBGAu0IbvSTG24R_7GaZ_VsEwe2h2rSUHCUT0tkdoWDwOOfVn0lnvdYi1OPKsTiJNJI............................................................................................................................................................................................................................................................................................................................................................................................................................................................................................................................................................................................................................................................................................................................................................................................................................................",
    "id_token": "eyJhbGciOiJSUzI1NiIsImtpZCI6IjE4MzkyM2M4Y2ZlYzEwZjkyY2IwMTNkMDZlMWU3Y2RkNzg3NGFlYTUiLCJ0eXAiOiJKV1QifQ.eyJhdWQiOiIzMjU1NTk0MDU1OS5hcHBzLmdvb2dsZXVzZXJjb250ZW50LmNvbSIsImF6cCI6IjExMDEyNTM2MjY1MDE5OTI1NTg1NSIsImV4cCI6MTY2OTczMDAzOCwiaWF0IjoxNjY5NzI2NDM4LCJpc3MiOiJodHRwczovL2FjY291bnRzLmdvb2dsZS5jb20iLCJzdWIiOiIxMTAxMjUzNjI2NTAxOTkyNTU4NTUifQ.IMM3TQxO0A2d8UQ2Xj9vsJIR_gEyOXl5jbRY8SvhyDdp37fP5vusaynmPCb_lLNIhIAGiyO3FqwfceBe4amaUr3A-YAkCn6ehqEgWFtj3SMBrBBxgdK0Zhly8drphe8zOKxweg310AN1z6PbWW083lMMP6LmYllyT3gyrT_Ln3VJ82SiqgLma2pMwl2PY1SURacqZzOUqouLAdBhlLhS_TuTGtCkffkfA_J8sR_Gtfuqcul1hbnd8XMywxxY0ddoRiBKz-whYdhvK2jwg5olFAkkd3i8zPFoXdhiNu2wv7BC0X4tECA-ZOJeauDDi8UVmLNm0MmWhFpgZZMBkxmH1w",
    "token_expiry": "2022-11-29T13:51:32Z"
  },
  "sentinels": {
    "config_sentinel": "/home/jupyter/.config/gcloud/config_sentinel"
  }
}
2022-11-29 12:53:58,121 INFO     ___FILE_ONLY___ 

2022-11-29 12:53:58,121 DEBUG    root            SDK update checks are disabled.
