2022-11-29 14:58:53,493 DEBUG    root            Loaded Command Group: ['gcloud', 'config']
2022-11-29 14:58:53,496 DEBUG    root            Loaded Command Group: ['gcloud', 'config', 'config_helper']
2022-11-29 14:58:53,498 DEBUG    root            Running [gcloud.config.config-helper] with arguments: [--format: "json"]
2022-11-29 14:58:53,503 DEBUG    google.auth.transport.requests Making request: GET http://metadata.google.internal/computeMetadata/v1/instance/service-accounts/554650739751-compute@developer.gserviceaccount.com/?recursive=true
2022-11-29 14:58:53,506 DEBUG    urllib3.connectionpool Starting new HTTP connection (1): metadata.google.internal:80
2022-11-29 14:58:53,508 DEBUG    urllib3.connectionpool http://metadata.google.internal:80 "GET /computeMetadata/v1/instance/service-accounts/554650739751-compute@developer.gserviceaccount.com/?recursive=true HTTP/1.1" 200 155
2022-11-29 14:58:53,509 DEBUG    google.auth.transport.requests Making request: GET http://metadata.google.internal/computeMetadata/v1/instance/service-accounts/554650739751-compute@developer.gserviceaccount.com/token
2022-11-29 14:58:53,511 DEBUG    urllib3.connectionpool http://metadata.google.internal:80 "GET /computeMetadata/v1/instance/service-accounts/554650739751-compute@developer.gserviceaccount.com/token HTTP/1.1" 200 269
2022-11-29 14:58:53,525 INFO     root            Display format: "default json"
2022-11-29 14:58:53,526 INFO     ___FILE_ONLY___ {
  "configuration": {
    "active_configuration": "default",
    "properties": {
      "core": {
        "account": "554650739751-compute@developer.gserviceaccount.com",
        "disable_usage_reporting": "True",
        "project": "insight-tool-321814"
      }
    }
  },
  "credential": {
    "access_token": "ya29.c.b0Aa9VdymsSpSUpbXM_QHEr-pfxJwH3khNDoP9WCGOR0qwCRIt0ok_yHvUi1YbGdVv5q-7lBc-x8jbYzfGL1GEiliBm4buRPVB6fkaabMKVE61LReGkUwDS3suX72p4pFKygfoxZosBMVAoK8oxzErmVm0S0-PYFAxdJME2vLECTYh8HZ1N0gbRrtaJiB5b1DAqiVPVJz2CQY............................................................................................................................................................................................................................................................................................................................................................................................................................................................................................................................................................................................................................................................................................................................................................................................................................................",
    "id_token": "eyJhbGciOiJSUzI1NiIsImtpZCI6IjE4MzkyM2M4Y2ZlYzEwZjkyY2IwMTNkMDZlMWU3Y2RkNzg3NGFlYTUiLCJ0eXAiOiJKV1QifQ.eyJhdWQiOiIzMjU1NTk0MDU1OS5hcHBzLmdvb2dsZXVzZXJjb250ZW50LmNvbSIsImF6cCI6IjExMDEyNTM2MjY1MDE5OTI1NTg1NSIsImV4cCI6MTY2OTczNzUzMywiaWF0IjoxNjY5NzMzOTMzLCJpc3MiOiJodHRwczovL2FjY291bnRzLmdvb2dsZS5jb20iLCJzdWIiOiIxMTAxMjUzNjI2NTAxOTkyNTU4NTUifQ.U4Hiy411xPuezIy76faPlnMbka9AFjVQoDx7FtofLzU82g3ZqWxRnIDUCI0wXqGQlRhMK7x9R5z98T1xw0zPjW_0ZSABTGQFFBaymz_kS-mEa4ir7ColZEshue-ZKlOxVO7b49C3U-k16edmd7T2bjtRyBpMgBBkMYbKKU2B4k1SLnp8SU5I-F_rZiMjYPId-Ah1jW6kxAXI51n83JtzVhag2bp1Xq4jyXuPI2hhtBXiDG_sihJhdvKcaHbc4T9sRo0DeOBQyHuLOkpDc--GhomlgvI5TZKd-d-4HjHO11fAcOx4MIxdVMw1jVoECnP-L0H5X4Xpu2rCBSOvdiSQcw",
    "token_expiry": "2022-11-29T15:48:13Z"
  },
  "sentinels": {
    "config_sentinel": "/home/jupyter/.config/gcloud/config_sentinel"
  }
}
2022-11-29 14:58:53,526 INFO     ___FILE_ONLY___ 

2022-11-29 14:58:53,527 DEBUG    root            SDK update checks are disabled.
