2022-11-29 17:59:05,614 DEBUG    root            Loaded Command Group: ['gcloud', 'functions']
2022-11-29 17:59:05,672 DEBUG    root            Loaded Command Group: ['gcloud', 'functions', 'deploy']
2022-11-29 17:59:05,699 DEBUG    root            Running [gcloud.functions.deploy] with arguments: [--allow-unauthenticated: "True", --entry-point: "hello_gcs", --region: "us-central1", --runtime: "python37", --source: "https://source.developers.google.com/projects/insight-tool-321814/repos/House-mlops/moveable-aliases/main", --trigger-event-filters: "OrderedDict([('bucket', 'lifesight_house'), ('type', 'google.storage.object.finalize')])", NAME: "funtdeploy"]
2022-11-29 17:59:05,708 DEBUG    google.auth.transport.requests Making request: GET http://metadata.google.internal/computeMetadata/v1/instance/service-accounts/554650739751-compute@developer.gserviceaccount.com/?recursive=true
2022-11-29 17:59:05,711 DEBUG    urllib3.connectionpool Starting new HTTP connection (1): metadata.google.internal:80
2022-11-29 17:59:05,712 DEBUG    urllib3.connectionpool http://metadata.google.internal:80 "GET /computeMetadata/v1/instance/service-accounts/554650739751-compute@developer.gserviceaccount.com/?recursive=true HTTP/1.1" 200 155
2022-11-29 17:59:05,713 DEBUG    google.auth.transport.requests Making request: GET http://metadata.google.internal/computeMetadata/v1/instance/service-accounts/554650739751-compute@developer.gserviceaccount.com/token
2022-11-29 17:59:05,716 DEBUG    urllib3.connectionpool http://metadata.google.internal:80 "GET /computeMetadata/v1/instance/service-accounts/554650739751-compute@developer.gserviceaccount.com/token HTTP/1.1" 200 267
2022-11-29 17:59:05,731 DEBUG    google.auth.transport.requests Making request: GET http://metadata.google.internal/computeMetadata/v1/instance/service-accounts/554650739751-compute@developer.gserviceaccount.com/?recursive=true
2022-11-29 17:59:05,732 DEBUG    urllib3.connectionpool Starting new HTTP connection (1): metadata.google.internal:80
2022-11-29 17:59:05,734 DEBUG    urllib3.connectionpool http://metadata.google.internal:80 "GET /computeMetadata/v1/instance/service-accounts/554650739751-compute@developer.gserviceaccount.com/?recursive=true HTTP/1.1" 200 155
2022-11-29 17:59:05,735 DEBUG    google.auth.transport.requests Making request: GET http://metadata.google.internal/computeMetadata/v1/instance/service-accounts/554650739751-compute@developer.gserviceaccount.com/token
2022-11-29 17:59:05,738 DEBUG    urllib3.connectionpool http://metadata.google.internal:80 "GET /computeMetadata/v1/instance/service-accounts/554650739751-compute@developer.gserviceaccount.com/token HTTP/1.1" 200 267
2022-11-29 17:59:05,745 DEBUG    urllib3.connectionpool Starting new HTTPS connection (1): cloudfunctions.googleapis.com:443
2022-11-29 17:59:06,159 DEBUG    urllib3.connectionpool https://cloudfunctions.googleapis.com:443 "GET /v1/projects/insight-tool-321814/locations/us-central1/functions/funtdeploy?alt=json HTTP/1.1" 404 None
2022-11-29 17:59:06,162 DEBUG    root            (gcloud.functions.deploy) One of arguments [--trigger-topic, --trigger-bucket, --trigger-http, --trigger-event] is required: You must specify a trigger when deploying a new function.
Traceback (most recent call last):
  File "/usr/lib/google-cloud-sdk/lib/googlecloudsdk/calliope/cli.py", line 987, in Execute
    resources = calliope_command.Run(cli=self, args=args)
  File "/usr/lib/google-cloud-sdk/lib/googlecloudsdk/calliope/backend.py", line 807, in Run
    resources = command_instance.Run(args)
  File "/usr/lib/google-cloud-sdk/lib/surface/functions/deploy.py", line 108, in Run
    return command_v1.Run(args, track=self.ReleaseTrack())
  File "/usr/lib/google-cloud-sdk/lib/googlecloudsdk/command_lib/functions/v1/deploy/command.py", line 370, in Run
    trigger_util.CheckTriggerSpecified(args)
  File "/usr/lib/google-cloud-sdk/lib/googlecloudsdk/command_lib/functions/v1/deploy/trigger_util.py", line 70, in CheckTriggerSpecified
    raise calliope_exceptions.OneOfArgumentsRequiredException([
googlecloudsdk.calliope.exceptions.OneOfArgumentsRequiredException: One of arguments [--trigger-topic, --trigger-bucket, --trigger-http, --trigger-event] is required: You must specify a trigger when deploying a new function.
2022-11-29 17:59:06,226 ERROR    root            (gcloud.functions.deploy) One of arguments [--trigger-topic, --trigger-bucket, --trigger-http, --trigger-event] is required: You must specify a trigger when deploying a new function.
