2022-11-10 13:03:11,037 DEBUG    root            Loaded Command Group: ['gcloud', 'container', 'images']
2022-11-10 13:03:11,418 DEBUG    root            Loaded Command Group: ['gcloud', 'container', 'images', 'list']
2022-11-10 13:03:11,429 DEBUG    google.auth.transport.requests Making request: GET http://metadata.google.internal/computeMetadata/v1/instance/service-accounts/554650739751-compute@developer.gserviceaccount.com/?recursive=true
2022-11-10 13:03:11,432 DEBUG    urllib3.connectionpool Starting new HTTP connection (1): metadata.google.internal:80
2022-11-10 13:03:11,434 DEBUG    urllib3.connectionpool http://metadata.google.internal:80 "GET /computeMetadata/v1/instance/service-accounts/554650739751-compute@developer.gserviceaccount.com/?recursive=true HTTP/1.1" 200 155
2022-11-10 13:03:11,435 DEBUG    google.auth.transport.requests Making request: GET http://metadata.google.internal/computeMetadata/v1/instance/service-accounts/554650739751-compute@developer.gserviceaccount.com/token
2022-11-10 13:03:11,438 DEBUG    urllib3.connectionpool http://metadata.google.internal:80 "GET /computeMetadata/v1/instance/service-accounts/554650739751-compute@developer.gserviceaccount.com/token HTTP/1.1" 200 268
2022-11-10 13:03:11,452 DEBUG    google.auth.transport.requests Making request: GET http://metadata.google.internal/computeMetadata/v1/instance/service-accounts/554650739751-compute@developer.gserviceaccount.com/?recursive=true
2022-11-10 13:03:11,454 DEBUG    urllib3.connectionpool Starting new HTTP connection (1): metadata.google.internal:80
2022-11-10 13:03:11,456 DEBUG    urllib3.connectionpool http://metadata.google.internal:80 "GET /computeMetadata/v1/instance/service-accounts/554650739751-compute@developer.gserviceaccount.com/?recursive=true HTTP/1.1" 200 155
2022-11-10 13:03:11,456 DEBUG    google.auth.transport.requests Making request: GET http://metadata.google.internal/computeMetadata/v1/instance/service-accounts/554650739751-compute@developer.gserviceaccount.com/token
2022-11-10 13:03:11,459 DEBUG    urllib3.connectionpool http://metadata.google.internal:80 "GET /computeMetadata/v1/instance/service-accounts/554650739751-compute@developer.gserviceaccount.com/token HTTP/1.1" 200 268
2022-11-10 13:03:11,564 DEBUG    root            Running [gcloud.container.images.list] with arguments: [--repository: "gcr.io/insight-tool-321814/docker_test_insight"]
2022-11-10 13:03:11,567 DEBUG    urllib3.connectionpool Starting new HTTPS connection (1): gcr.io:443
2022-11-10 13:03:11,584 DEBUG    urllib3.connectionpool https://gcr.io:443 "GET /v2/ HTTP/1.1" 401 None
2022-11-10 13:03:11,591 DEBUG    google.auth.transport.requests Making request: GET http://metadata.google.internal/computeMetadata/v1/instance/service-accounts/554650739751-compute@developer.gserviceaccount.com/?recursive=true
2022-11-10 13:03:11,593 DEBUG    urllib3.connectionpool Starting new HTTP connection (1): metadata.google.internal:80
2022-11-10 13:03:11,594 DEBUG    urllib3.connectionpool http://metadata.google.internal:80 "GET /computeMetadata/v1/instance/service-accounts/554650739751-compute@developer.gserviceaccount.com/?recursive=true HTTP/1.1" 200 155
2022-11-10 13:03:11,595 DEBUG    google.auth.transport.requests Making request: GET http://metadata.google.internal/computeMetadata/v1/instance/service-accounts/554650739751-compute@developer.gserviceaccount.com/token
2022-11-10 13:03:11,597 DEBUG    urllib3.connectionpool http://metadata.google.internal:80 "GET /computeMetadata/v1/instance/service-accounts/554650739751-compute@developer.gserviceaccount.com/token HTTP/1.1" 200 268
2022-11-10 13:03:11,627 DEBUG    urllib3.connectionpool https://gcr.io:443 "GET /v2/token?scope=repository%3Ainsight-tool-321814%2Fdocker_test_insight%3Apull&service=gcr.io HTTP/1.1" 200 None
2022-11-10 13:03:11,833 DEBUG    urllib3.connectionpool https://gcr.io:443 "GET /v2/insight-tool-321814/docker_test_insight/tags/list HTTP/1.1" 200 None
2022-11-10 13:03:11,836 INFO     root            Display format: "table(name)"
2022-11-10 13:03:11,837 INFO     ___FILE_ONLY___ NAME
2022-11-10 13:03:11,837 INFO     ___FILE_ONLY___ 

2022-11-10 13:03:11,837 INFO     ___FILE_ONLY___ gcr.io/insight-tool-321814/docker_test_insight/house_test
2022-11-10 13:03:11,837 INFO     ___FILE_ONLY___ 

2022-11-10 13:03:11,837 INFO     ___FILE_ONLY___ gcr.io/insight-tool-321814/docker_test_insight/prediction
2022-11-10 13:03:11,837 INFO     ___FILE_ONLY___ 

2022-11-10 13:03:11,837 INFO     ___FILE_ONLY___ gcr.io/insight-tool-321814/docker_test_insight/preprocessing
2022-11-10 13:03:11,838 INFO     ___FILE_ONLY___ 

2022-11-10 13:03:11,838 INFO     ___FILE_ONLY___ gcr.io/insight-tool-321814/docker_test_insight/training
2022-11-10 13:03:11,838 INFO     ___FILE_ONLY___ 

2022-11-10 13:03:11,838 DEBUG    root            SDK update checks are disabled.
