2022-11-10 13:31:16,770 DEBUG    root            Loaded Command Group: ['gcloud', 'container', 'images']
2022-11-10 13:31:16,787 DEBUG    root            Loaded Command Group: ['gcloud', 'container', 'images', 'list']
2022-11-10 13:31:16,798 DEBUG    google.auth.transport.requests Making request: GET http://metadata.google.internal/computeMetadata/v1/instance/service-accounts/554650739751-compute@developer.gserviceaccount.com/?recursive=true
2022-11-10 13:31:16,800 DEBUG    urllib3.connectionpool Starting new HTTP connection (1): metadata.google.internal:80
2022-11-10 13:31:16,802 DEBUG    urllib3.connectionpool http://metadata.google.internal:80 "GET /computeMetadata/v1/instance/service-accounts/554650739751-compute@developer.gserviceaccount.com/?recursive=true HTTP/1.1" 200 155
2022-11-10 13:31:16,803 DEBUG    google.auth.transport.requests Making request: GET http://metadata.google.internal/computeMetadata/v1/instance/service-accounts/554650739751-compute@developer.gserviceaccount.com/token
2022-11-10 13:31:16,805 DEBUG    urllib3.connectionpool http://metadata.google.internal:80 "GET /computeMetadata/v1/instance/service-accounts/554650739751-compute@developer.gserviceaccount.com/token HTTP/1.1" 200 267
2022-11-10 13:31:16,818 DEBUG    google.auth.transport.requests Making request: GET http://metadata.google.internal/computeMetadata/v1/instance/service-accounts/554650739751-compute@developer.gserviceaccount.com/?recursive=true
2022-11-10 13:31:16,819 DEBUG    urllib3.connectionpool Starting new HTTP connection (1): metadata.google.internal:80
2022-11-10 13:31:16,821 DEBUG    urllib3.connectionpool http://metadata.google.internal:80 "GET /computeMetadata/v1/instance/service-accounts/554650739751-compute@developer.gserviceaccount.com/?recursive=true HTTP/1.1" 200 155
2022-11-10 13:31:16,821 DEBUG    google.auth.transport.requests Making request: GET http://metadata.google.internal/computeMetadata/v1/instance/service-accounts/554650739751-compute@developer.gserviceaccount.com/token
2022-11-10 13:31:16,824 DEBUG    urllib3.connectionpool http://metadata.google.internal:80 "GET /computeMetadata/v1/instance/service-accounts/554650739751-compute@developer.gserviceaccount.com/token HTTP/1.1" 200 267
2022-11-10 13:31:16,852 DEBUG    root            Running [gcloud.container.images.list] with arguments: [--repository: "gcr.io/insight-tool-321814/docker_test_insight"]
2022-11-10 13:31:16,855 DEBUG    urllib3.connectionpool Starting new HTTPS connection (1): gcr.io:443
2022-11-10 13:31:16,874 DEBUG    urllib3.connectionpool https://gcr.io:443 "GET /v2/ HTTP/1.1" 401 None
2022-11-10 13:31:16,880 DEBUG    google.auth.transport.requests Making request: GET http://metadata.google.internal/computeMetadata/v1/instance/service-accounts/554650739751-compute@developer.gserviceaccount.com/?recursive=true
2022-11-10 13:31:16,882 DEBUG    urllib3.connectionpool Starting new HTTP connection (1): metadata.google.internal:80
2022-11-10 13:31:16,884 DEBUG    urllib3.connectionpool http://metadata.google.internal:80 "GET /computeMetadata/v1/instance/service-accounts/554650739751-compute@developer.gserviceaccount.com/?recursive=true HTTP/1.1" 200 155
2022-11-10 13:31:16,884 DEBUG    google.auth.transport.requests Making request: GET http://metadata.google.internal/computeMetadata/v1/instance/service-accounts/554650739751-compute@developer.gserviceaccount.com/token
2022-11-10 13:31:16,887 DEBUG    urllib3.connectionpool http://metadata.google.internal:80 "GET /computeMetadata/v1/instance/service-accounts/554650739751-compute@developer.gserviceaccount.com/token HTTP/1.1" 200 267
2022-11-10 13:31:16,918 DEBUG    urllib3.connectionpool https://gcr.io:443 "GET /v2/token?scope=repository%3Ainsight-tool-321814%2Fdocker_test_insight%3Apull&service=gcr.io HTTP/1.1" 200 None
2022-11-10 13:31:17,053 DEBUG    urllib3.connectionpool https://gcr.io:443 "GET /v2/insight-tool-321814/docker_test_insight/tags/list HTTP/1.1" 200 None
2022-11-10 13:31:17,056 INFO     root            Display format: "table(name)"
2022-11-10 13:31:17,057 INFO     ___FILE_ONLY___ NAME
2022-11-10 13:31:17,058 INFO     ___FILE_ONLY___ 

2022-11-10 13:31:17,058 INFO     ___FILE_ONLY___ gcr.io/insight-tool-321814/docker_test_insight/house_test
2022-11-10 13:31:17,058 INFO     ___FILE_ONLY___ 

2022-11-10 13:31:17,058 INFO     ___FILE_ONLY___ gcr.io/insight-tool-321814/docker_test_insight/prediction
2022-11-10 13:31:17,059 INFO     ___FILE_ONLY___ 

2022-11-10 13:31:17,059 INFO     ___FILE_ONLY___ gcr.io/insight-tool-321814/docker_test_insight/preprocessing
2022-11-10 13:31:17,059 INFO     ___FILE_ONLY___ 

2022-11-10 13:31:17,059 INFO     ___FILE_ONLY___ gcr.io/insight-tool-321814/docker_test_insight/preprocessing_cloudbuild_test
2022-11-10 13:31:17,059 INFO     ___FILE_ONLY___ 

2022-11-10 13:31:17,059 INFO     ___FILE_ONLY___ gcr.io/insight-tool-321814/docker_test_insight/training
2022-11-10 13:31:17,060 INFO     ___FILE_ONLY___ 

2022-11-10 13:31:17,060 DEBUG    root            SDK update checks are disabled.
