2022-11-10 14:36:04,266 DEBUG    root            Loaded Command Group: ['gcloud', 'container', 'images']
2022-11-10 14:36:04,283 DEBUG    root            Loaded Command Group: ['gcloud', 'container', 'images', 'list']
2022-11-10 14:36:04,294 DEBUG    google.auth.transport.requests Making request: GET http://metadata.google.internal/computeMetadata/v1/instance/service-accounts/554650739751-compute@developer.gserviceaccount.com/?recursive=true
2022-11-10 14:36:04,296 DEBUG    urllib3.connectionpool Starting new HTTP connection (1): metadata.google.internal:80
2022-11-10 14:36:04,298 DEBUG    urllib3.connectionpool http://metadata.google.internal:80 "GET /computeMetadata/v1/instance/service-accounts/554650739751-compute@developer.gserviceaccount.com/?recursive=true HTTP/1.1" 200 155
2022-11-10 14:36:04,299 DEBUG    google.auth.transport.requests Making request: GET http://metadata.google.internal/computeMetadata/v1/instance/service-accounts/554650739751-compute@developer.gserviceaccount.com/token
2022-11-10 14:36:04,302 DEBUG    urllib3.connectionpool http://metadata.google.internal:80 "GET /computeMetadata/v1/instance/service-accounts/554650739751-compute@developer.gserviceaccount.com/token HTTP/1.1" 200 268
2022-11-10 14:36:04,318 DEBUG    google.auth.transport.requests Making request: GET http://metadata.google.internal/computeMetadata/v1/instance/service-accounts/554650739751-compute@developer.gserviceaccount.com/?recursive=true
2022-11-10 14:36:04,319 DEBUG    urllib3.connectionpool Starting new HTTP connection (1): metadata.google.internal:80
2022-11-10 14:36:04,321 DEBUG    urllib3.connectionpool http://metadata.google.internal:80 "GET /computeMetadata/v1/instance/service-accounts/554650739751-compute@developer.gserviceaccount.com/?recursive=true HTTP/1.1" 200 155
2022-11-10 14:36:04,322 DEBUG    google.auth.transport.requests Making request: GET http://metadata.google.internal/computeMetadata/v1/instance/service-accounts/554650739751-compute@developer.gserviceaccount.com/token
2022-11-10 14:36:04,325 DEBUG    urllib3.connectionpool http://metadata.google.internal:80 "GET /computeMetadata/v1/instance/service-accounts/554650739751-compute@developer.gserviceaccount.com/token HTTP/1.1" 200 268
2022-11-10 14:36:04,354 DEBUG    root            Running [gcloud.container.images.list] with arguments: [--repository: "gcr.io/insight-tool-321814/docker_test_insight"]
2022-11-10 14:36:04,357 DEBUG    urllib3.connectionpool Starting new HTTPS connection (1): gcr.io:443
2022-11-10 14:36:04,374 DEBUG    urllib3.connectionpool https://gcr.io:443 "GET /v2/ HTTP/1.1" 401 None
2022-11-10 14:36:04,381 DEBUG    google.auth.transport.requests Making request: GET http://metadata.google.internal/computeMetadata/v1/instance/service-accounts/554650739751-compute@developer.gserviceaccount.com/?recursive=true
2022-11-10 14:36:04,383 DEBUG    urllib3.connectionpool Starting new HTTP connection (1): metadata.google.internal:80
2022-11-10 14:36:04,384 DEBUG    urllib3.connectionpool http://metadata.google.internal:80 "GET /computeMetadata/v1/instance/service-accounts/554650739751-compute@developer.gserviceaccount.com/?recursive=true HTTP/1.1" 200 155
2022-11-10 14:36:04,385 DEBUG    google.auth.transport.requests Making request: GET http://metadata.google.internal/computeMetadata/v1/instance/service-accounts/554650739751-compute@developer.gserviceaccount.com/token
2022-11-10 14:36:04,388 DEBUG    urllib3.connectionpool http://metadata.google.internal:80 "GET /computeMetadata/v1/instance/service-accounts/554650739751-compute@developer.gserviceaccount.com/token HTTP/1.1" 200 268
2022-11-10 14:36:04,425 DEBUG    urllib3.connectionpool https://gcr.io:443 "GET /v2/token?scope=repository%3Ainsight-tool-321814%2Fdocker_test_insight%3Apull&service=gcr.io HTTP/1.1" 200 None
2022-11-10 14:36:04,573 DEBUG    urllib3.connectionpool https://gcr.io:443 "GET /v2/insight-tool-321814/docker_test_insight/tags/list HTTP/1.1" 200 None
2022-11-10 14:36:04,577 INFO     root            Display format: "table(name)"
2022-11-10 14:36:04,578 INFO     ___FILE_ONLY___ NAME
2022-11-10 14:36:04,578 INFO     ___FILE_ONLY___ 

2022-11-10 14:36:04,578 INFO     ___FILE_ONLY___ gcr.io/insight-tool-321814/docker_test_insight/house_test
2022-11-10 14:36:04,578 INFO     ___FILE_ONLY___ 

2022-11-10 14:36:04,579 INFO     ___FILE_ONLY___ gcr.io/insight-tool-321814/docker_test_insight/prediction
2022-11-10 14:36:04,579 INFO     ___FILE_ONLY___ 

2022-11-10 14:36:04,579 INFO     ___FILE_ONLY___ gcr.io/insight-tool-321814/docker_test_insight/preprocessing
2022-11-10 14:36:04,579 INFO     ___FILE_ONLY___ 

2022-11-10 14:36:04,579 INFO     ___FILE_ONLY___ gcr.io/insight-tool-321814/docker_test_insight/preprocessing_cloudbuild_test
2022-11-10 14:36:04,579 INFO     ___FILE_ONLY___ 

2022-11-10 14:36:04,579 INFO     ___FILE_ONLY___ gcr.io/insight-tool-321814/docker_test_insight/training
2022-11-10 14:36:04,579 INFO     ___FILE_ONLY___ 

2022-11-10 14:36:04,580 INFO     ___FILE_ONLY___ gcr.io/insight-tool-321814/docker_test_insight/training_cloudbuild_test
2022-11-10 14:36:04,580 INFO     ___FILE_ONLY___ 

2022-11-10 14:36:04,580 DEBUG    root            SDK update checks are disabled.
