2022-11-23 08:30:13,221 DEBUG    root            Loaded Command Group: ['gcloud', 'auth']
2022-11-23 08:30:13,224 DEBUG    root            Loaded Command Group: ['gcloud', 'auth', 'docker_helper']
2022-11-23 08:30:13,226 DEBUG    root            Running [gcloud.auth.docker-helper] with arguments: [METHOD: "get"]
2022-11-23 08:30:13,232 DEBUG    google.auth.transport.requests Making request: GET http://metadata.google.internal/computeMetadata/v1/instance/service-accounts/554650739751-compute@developer.gserviceaccount.com/?recursive=true
2022-11-23 08:30:13,234 DEBUG    urllib3.connectionpool Starting new HTTP connection (1): metadata.google.internal:80
2022-11-23 08:30:13,236 DEBUG    urllib3.connectionpool http://metadata.google.internal:80 "GET /computeMetadata/v1/instance/service-accounts/554650739751-compute@developer.gserviceaccount.com/?recursive=true HTTP/1.1" 200 155
2022-11-23 08:30:13,236 DEBUG    google.auth.transport.requests Making request: GET http://metadata.google.internal/computeMetadata/v1/instance/service-accounts/554650739751-compute@developer.gserviceaccount.com/token
2022-11-23 08:30:13,239 DEBUG    urllib3.connectionpool http://metadata.google.internal:80 "GET /computeMetadata/v1/instance/service-accounts/554650739751-compute@developer.gserviceaccount.com/token HTTP/1.1" 200 267
2022-11-23 08:30:13,249 DEBUG    google.auth.transport.requests Making request: GET http://metadata.google.internal/computeMetadata/v1/instance/service-accounts/554650739751-compute@developer.gserviceaccount.com/?recursive=true
2022-11-23 08:30:13,251 DEBUG    urllib3.connectionpool Starting new HTTP connection (1): metadata.google.internal:80
2022-11-23 08:30:13,253 DEBUG    urllib3.connectionpool http://metadata.google.internal:80 "GET /computeMetadata/v1/instance/service-accounts/554650739751-compute@developer.gserviceaccount.com/?recursive=true HTTP/1.1" 200 155
2022-11-23 08:30:13,253 DEBUG    google.auth.transport.requests Making request: GET http://metadata.google.internal/computeMetadata/v1/instance/service-accounts/554650739751-compute@developer.gserviceaccount.com/token?scopes=https%3A%2F%2Fwww.googleapis.com%2Fauth%2Fcloud-platform%2Chttps%3A%2F%2Fwww.googleapis.com%2Fauth%2Fuserinfo.email
2022-11-23 08:30:13,256 DEBUG    urllib3.connectionpool http://metadata.google.internal:80 "GET /computeMetadata/v1/instance/service-accounts/554650739751-compute@developer.gserviceaccount.com/token?scopes=https%3A%2F%2Fwww.googleapis.com%2Fauth%2Fcloud-platform%2Chttps%3A%2F%2Fwww.googleapis.com%2Fauth%2Fuserinfo.email HTTP/1.1" 200 267
2022-11-23 08:30:13,260 INFO     root            Display format: "json"
2022-11-23 08:30:13,260 INFO     ___FILE_ONLY___ {
  "Secret": "ya29.c.b0Aa9VdykVYoPK0bl4K9EA0azv0FyAFx3O2tzCZPPVHEHhCu2F9MJik2zmu2GwznRm-vFrwKC7jJbN8h8Y758KrigR-3P9OYwIr1sXj7cuVvZ2-ai8_31nMnNh1LQtkVNAmLM38J8DP77Q9FAQP8uzpj6bs8x8ESybbLtZmKqbpFH5WPXn-tO8S5JuzRjPy7hdA_3EiEMyWbY............................................................................................................................................................................................................................................................................................................................................................................................................................................................................................................................................................................................................................................................................................................................................................................................................................................",
  "Username": "_dcgcloud_token"
}
2022-11-23 08:30:13,260 INFO     ___FILE_ONLY___ 

2022-11-23 08:30:13,261 DEBUG    root            SDK update checks are disabled.
