2022-11-23 08:30:15,552 DEBUG    root            Loaded Command Group: ['gcloud', 'auth']
2022-11-23 08:30:15,555 DEBUG    root            Loaded Command Group: ['gcloud', 'auth', 'docker_helper']
2022-11-23 08:30:15,557 DEBUG    root            Running [gcloud.auth.docker-helper] with arguments: [METHOD: "get"]
2022-11-23 08:30:15,562 DEBUG    google.auth.transport.requests Making request: GET http://metadata.google.internal/computeMetadata/v1/instance/service-accounts/554650739751-compute@developer.gserviceaccount.com/?recursive=true
2022-11-23 08:30:15,565 DEBUG    urllib3.connectionpool Starting new HTTP connection (1): metadata.google.internal:80
2022-11-23 08:30:15,566 DEBUG    urllib3.connectionpool http://metadata.google.internal:80 "GET /computeMetadata/v1/instance/service-accounts/554650739751-compute@developer.gserviceaccount.com/?recursive=true HTTP/1.1" 200 155
2022-11-23 08:30:15,567 DEBUG    google.auth.transport.requests Making request: GET http://metadata.google.internal/computeMetadata/v1/instance/service-accounts/554650739751-compute@developer.gserviceaccount.com/token
2022-11-23 08:30:15,570 DEBUG    urllib3.connectionpool http://metadata.google.internal:80 "GET /computeMetadata/v1/instance/service-accounts/554650739751-compute@developer.gserviceaccount.com/token HTTP/1.1" 200 268
2022-11-23 08:30:15,574 DEBUG    google.auth.transport.requests Making request: GET http://metadata.google.internal/computeMetadata/v1/instance/service-accounts/554650739751-compute@developer.gserviceaccount.com/?recursive=true
2022-11-23 08:30:15,575 DEBUG    urllib3.connectionpool Starting new HTTP connection (1): metadata.google.internal:80
2022-11-23 08:30:15,577 DEBUG    urllib3.connectionpool http://metadata.google.internal:80 "GET /computeMetadata/v1/instance/service-accounts/554650739751-compute@developer.gserviceaccount.com/?recursive=true HTTP/1.1" 200 155
2022-11-23 08:30:15,578 DEBUG    google.auth.transport.requests Making request: GET http://metadata.google.internal/computeMetadata/v1/instance/service-accounts/554650739751-compute@developer.gserviceaccount.com/token?scopes=https%3A%2F%2Fwww.googleapis.com%2Fauth%2Fcloud-platform%2Chttps%3A%2F%2Fwww.googleapis.com%2Fauth%2Fuserinfo.email
2022-11-23 08:30:15,581 DEBUG    urllib3.connectionpool http://metadata.google.internal:80 "GET /computeMetadata/v1/instance/service-accounts/554650739751-compute@developer.gserviceaccount.com/token?scopes=https%3A%2F%2Fwww.googleapis.com%2Fauth%2Fcloud-platform%2Chttps%3A%2F%2Fwww.googleapis.com%2Fauth%2Fuserinfo.email HTTP/1.1" 200 268
2022-11-23 08:30:15,584 INFO     root            Display format: "json"
2022-11-23 08:30:15,585 INFO     ___FILE_ONLY___ {
  "Secret": "ya29.c.b0Aa9VdykVYoPK0bl4K9EA0azv0FyAFx3O2tzCZPPVHEHhCu2F9MJik2zmu2GwznRm-vFrwKC7jJbN8h8Y758KrigR-3P9OYwIr1sXj7cuVvZ2-ai8_31nMnNh1LQtkVNAmLM38J8DP77Q9FAQP8uzpj6bs8x8ESybbLtZmKqbpFH5WPXn-tO8S5JuzRjPy7hdA_3EiEMyWbY............................................................................................................................................................................................................................................................................................................................................................................................................................................................................................................................................................................................................................................................................................................................................................................................................................................",
  "Username": "_dcgcloud_token"
}
2022-11-23 08:30:15,585 INFO     ___FILE_ONLY___ 

2022-11-23 08:30:15,585 DEBUG    root            SDK update checks are disabled.
