2022-11-02 11:46:08,564 DEBUG    root            Loaded Command Group: ['gcloud', 'auth']
2022-11-02 11:46:08,567 DEBUG    root            Loaded Command Group: ['gcloud', 'auth', 'docker_helper']
2022-11-02 11:46:08,569 DEBUG    root            Running [gcloud.auth.docker-helper] with arguments: [METHOD: "get"]
2022-11-02 11:46:08,580 DEBUG    google.auth.transport.requests Making request: GET http://metadata.google.internal/computeMetadata/v1/instance/service-accounts/554650739751-compute@developer.gserviceaccount.com/?recursive=true
2022-11-02 11:46:08,583 DEBUG    urllib3.connectionpool Starting new HTTP connection (1): metadata.google.internal:80
2022-11-02 11:46:08,585 DEBUG    urllib3.connectionpool http://metadata.google.internal:80 "GET /computeMetadata/v1/instance/service-accounts/554650739751-compute@developer.gserviceaccount.com/?recursive=true HTTP/1.1" 200 155
2022-11-02 11:46:08,586 DEBUG    google.auth.transport.requests Making request: GET http://metadata.google.internal/computeMetadata/v1/instance/service-accounts/554650739751-compute@developer.gserviceaccount.com/token
2022-11-02 11:46:08,589 DEBUG    urllib3.connectionpool http://metadata.google.internal:80 "GET /computeMetadata/v1/instance/service-accounts/554650739751-compute@developer.gserviceaccount.com/token HTTP/1.1" 200 267
2022-11-02 11:46:08,599 DEBUG    google.auth.transport.requests Making request: GET http://metadata.google.internal/computeMetadata/v1/instance/service-accounts/554650739751-compute@developer.gserviceaccount.com/?recursive=true
2022-11-02 11:46:08,601 DEBUG    urllib3.connectionpool Starting new HTTP connection (1): metadata.google.internal:80
2022-11-02 11:46:08,603 DEBUG    urllib3.connectionpool http://metadata.google.internal:80 "GET /computeMetadata/v1/instance/service-accounts/554650739751-compute@developer.gserviceaccount.com/?recursive=true HTTP/1.1" 200 155
2022-11-02 11:46:08,604 DEBUG    google.auth.transport.requests Making request: GET http://metadata.google.internal/computeMetadata/v1/instance/service-accounts/554650739751-compute@developer.gserviceaccount.com/token?scopes=https%3A%2F%2Fwww.googleapis.com%2Fauth%2Fcloud-platform%2Chttps%3A%2F%2Fwww.googleapis.com%2Fauth%2Fuserinfo.email
2022-11-02 11:46:08,608 DEBUG    urllib3.connectionpool http://metadata.google.internal:80 "GET /computeMetadata/v1/instance/service-accounts/554650739751-compute@developer.gserviceaccount.com/token?scopes=https%3A%2F%2Fwww.googleapis.com%2Fauth%2Fcloud-platform%2Chttps%3A%2F%2Fwww.googleapis.com%2Fauth%2Fuserinfo.email HTTP/1.1" 200 267
2022-11-02 11:46:08,612 INFO     root            Display format: "json"
2022-11-02 11:46:08,612 INFO     ___FILE_ONLY___ {
  "Secret": "ya29.c.b0AUFJQsHiiXaTBhfm0EOgmrs1x4dPBK8eU1QCcHSYTOU0OyxcyjNRA547TKtkOV6HSgQZiBX4DYM6UzbxaoE4NAnPaJawtc_7RyVdSln30FembU_HNHk_rxSEpnkVh4Y4GS_3CRBFQqwBVzVQJK3aXV_xB0gAhima4wZ5cLPAdilYwX1YIUhbQGlek4SldxxK8kfQTI1VHCA............................................................................................................................................................................................................................................................................................................................................................................................................................................................................................................................................................................................................................................................................................................................................................................................................................................",
  "Username": "_dcgcloud_token"
}
2022-11-02 11:46:08,612 INFO     ___FILE_ONLY___ 

2022-11-02 11:46:08,613 DEBUG    root            SDK update checks are disabled.
