2022-11-02 11:53:41,366 DEBUG    root            Loaded Command Group: ['gcloud', 'auth']
2022-11-02 11:53:41,369 DEBUG    root            Loaded Command Group: ['gcloud', 'auth', 'docker_helper']
2022-11-02 11:53:41,372 DEBUG    root            Running [gcloud.auth.docker-helper] with arguments: [METHOD: "get"]
2022-11-02 11:53:41,379 DEBUG    google.auth.transport.requests Making request: GET http://metadata.google.internal/computeMetadata/v1/instance/service-accounts/554650739751-compute@developer.gserviceaccount.com/?recursive=true
2022-11-02 11:53:41,381 DEBUG    urllib3.connectionpool Starting new HTTP connection (1): metadata.google.internal:80
2022-11-02 11:53:41,383 DEBUG    urllib3.connectionpool http://metadata.google.internal:80 "GET /computeMetadata/v1/instance/service-accounts/554650739751-compute@developer.gserviceaccount.com/?recursive=true HTTP/1.1" 200 155
2022-11-02 11:53:41,384 DEBUG    google.auth.transport.requests Making request: GET http://metadata.google.internal/computeMetadata/v1/instance/service-accounts/554650739751-compute@developer.gserviceaccount.com/token
2022-11-02 11:53:41,387 DEBUG    urllib3.connectionpool http://metadata.google.internal:80 "GET /computeMetadata/v1/instance/service-accounts/554650739751-compute@developer.gserviceaccount.com/token HTTP/1.1" 200 267
2022-11-02 11:53:41,391 DEBUG    google.auth.transport.requests Making request: GET http://metadata.google.internal/computeMetadata/v1/instance/service-accounts/554650739751-compute@developer.gserviceaccount.com/?recursive=true
2022-11-02 11:53:41,393 DEBUG    urllib3.connectionpool Starting new HTTP connection (1): metadata.google.internal:80
2022-11-02 11:53:41,394 DEBUG    urllib3.connectionpool http://metadata.google.internal:80 "GET /computeMetadata/v1/instance/service-accounts/554650739751-compute@developer.gserviceaccount.com/?recursive=true HTTP/1.1" 200 155
2022-11-02 11:53:41,395 DEBUG    google.auth.transport.requests Making request: GET http://metadata.google.internal/computeMetadata/v1/instance/service-accounts/554650739751-compute@developer.gserviceaccount.com/token?scopes=https%3A%2F%2Fwww.googleapis.com%2Fauth%2Fcloud-platform%2Chttps%3A%2F%2Fwww.googleapis.com%2Fauth%2Fuserinfo.email
2022-11-02 11:53:41,398 DEBUG    urllib3.connectionpool http://metadata.google.internal:80 "GET /computeMetadata/v1/instance/service-accounts/554650739751-compute@developer.gserviceaccount.com/token?scopes=https%3A%2F%2Fwww.googleapis.com%2Fauth%2Fcloud-platform%2Chttps%3A%2F%2Fwww.googleapis.com%2Fauth%2Fuserinfo.email HTTP/1.1" 200 267
2022-11-02 11:53:41,402 INFO     root            Display format: "json"
2022-11-02 11:53:41,402 INFO     ___FILE_ONLY___ {
  "Secret": "ya29.c.b0AUFJQsHiiXaTBhfm0EOgmrs1x4dPBK8eU1QCcHSYTOU0OyxcyjNRA547TKtkOV6HSgQZiBX4DYM6UzbxaoE4NAnPaJawtc_7RyVdSln30FembU_HNHk_rxSEpnkVh4Y4GS_3CRBFQqwBVzVQJK3aXV_xB0gAhima4wZ5cLPAdilYwX1YIUhbQGlek4SldxxK8kfQTI1VHCA............................................................................................................................................................................................................................................................................................................................................................................................................................................................................................................................................................................................................................................................................................................................................................................................................................................",
  "Username": "_dcgcloud_token"
}
2022-11-02 11:53:41,402 INFO     ___FILE_ONLY___ 

2022-11-02 11:53:41,402 DEBUG    root            SDK update checks are disabled.
