2022-11-24 06:49:31,600 DEBUG    root            Loaded Command Group: ['gcloud', 'container', 'images']
2022-11-24 06:49:32,054 DEBUG    root            Loaded Command Group: ['gcloud', 'container', 'images', 'list']
2022-11-24 06:49:32,063 DEBUG    google.auth.transport.requests Making request: GET http://metadata.google.internal/computeMetadata/v1/instance/service-accounts/554650739751-compute@developer.gserviceaccount.com/?recursive=true
2022-11-24 06:49:32,065 DEBUG    urllib3.connectionpool Starting new HTTP connection (1): metadata.google.internal:80
2022-11-24 06:49:32,068 DEBUG    urllib3.connectionpool http://metadata.google.internal:80 "GET /computeMetadata/v1/instance/service-accounts/554650739751-compute@developer.gserviceaccount.com/?recursive=true HTTP/1.1" 200 155
2022-11-24 06:49:32,069 DEBUG    google.auth.transport.requests Making request: GET http://metadata.google.internal/computeMetadata/v1/instance/service-accounts/554650739751-compute@developer.gserviceaccount.com/token
2022-11-24 06:49:32,072 DEBUG    urllib3.connectionpool http://metadata.google.internal:80 "GET /computeMetadata/v1/instance/service-accounts/554650739751-compute@developer.gserviceaccount.com/token HTTP/1.1" 200 266
2022-11-24 06:49:32,085 DEBUG    google.auth.transport.requests Making request: GET http://metadata.google.internal/computeMetadata/v1/instance/service-accounts/554650739751-compute@developer.gserviceaccount.com/?recursive=true
2022-11-24 06:49:32,087 DEBUG    urllib3.connectionpool Starting new HTTP connection (1): metadata.google.internal:80
2022-11-24 06:49:32,088 DEBUG    urllib3.connectionpool http://metadata.google.internal:80 "GET /computeMetadata/v1/instance/service-accounts/554650739751-compute@developer.gserviceaccount.com/?recursive=true HTTP/1.1" 200 155
2022-11-24 06:49:32,089 DEBUG    google.auth.transport.requests Making request: GET http://metadata.google.internal/computeMetadata/v1/instance/service-accounts/554650739751-compute@developer.gserviceaccount.com/token
2022-11-24 06:49:32,092 DEBUG    urllib3.connectionpool http://metadata.google.internal:80 "GET /computeMetadata/v1/instance/service-accounts/554650739751-compute@developer.gserviceaccount.com/token HTTP/1.1" 200 266
2022-11-24 06:49:32,365 DEBUG    root            Running [gcloud.container.images.list] with arguments: [--repository: "gcr.io/insight-tool-321814/docker_test_insight"]
2022-11-24 06:49:32,369 DEBUG    urllib3.connectionpool Starting new HTTPS connection (1): gcr.io:443
2022-11-24 06:49:32,600 DEBUG    urllib3.connectionpool https://gcr.io:443 "GET /v2/ HTTP/1.1" 401 None
2022-11-24 06:49:32,605 DEBUG    google.auth.transport.requests Making request: GET http://metadata.google.internal/computeMetadata/v1/instance/service-accounts/554650739751-compute@developer.gserviceaccount.com/?recursive=true
2022-11-24 06:49:32,607 DEBUG    urllib3.connectionpool Starting new HTTP connection (1): metadata.google.internal:80
2022-11-24 06:49:32,609 DEBUG    urllib3.connectionpool http://metadata.google.internal:80 "GET /computeMetadata/v1/instance/service-accounts/554650739751-compute@developer.gserviceaccount.com/?recursive=true HTTP/1.1" 200 155
2022-11-24 06:49:32,610 DEBUG    google.auth.transport.requests Making request: GET http://metadata.google.internal/computeMetadata/v1/instance/service-accounts/554650739751-compute@developer.gserviceaccount.com/token
2022-11-24 06:49:32,613 DEBUG    urllib3.connectionpool http://metadata.google.internal:80 "GET /computeMetadata/v1/instance/service-accounts/554650739751-compute@developer.gserviceaccount.com/token HTTP/1.1" 200 266
2022-11-24 06:49:32,638 DEBUG    urllib3.connectionpool https://gcr.io:443 "GET /v2/token?scope=repository%3Ainsight-tool-321814%2Fdocker_test_insight%3Apull&service=gcr.io HTTP/1.1" 200 None
2022-11-24 06:49:32,771 DEBUG    urllib3.connectionpool https://gcr.io:443 "GET /v2/insight-tool-321814/docker_test_insight/tags/list HTTP/1.1" 200 None
2022-11-24 06:49:32,773 INFO     root            Display format: "table(name)"
2022-11-24 06:49:32,775 INFO     ___FILE_ONLY___ NAME
2022-11-24 06:49:32,776 INFO     ___FILE_ONLY___ 

2022-11-24 06:49:32,776 INFO     ___FILE_ONLY___ gcr.io/insight-tool-321814/docker_test_insight/ci_cd_kubeflow
2022-11-24 06:49:32,776 INFO     ___FILE_ONLY___ 

2022-11-24 06:49:32,776 INFO     ___FILE_ONLY___ gcr.io/insight-tool-321814/docker_test_insight/ci_cd_preprocessing
2022-11-24 06:49:32,776 INFO     ___FILE_ONLY___ 

2022-11-24 06:49:32,776 INFO     ___FILE_ONLY___ gcr.io/insight-tool-321814/docker_test_insight/ci_cd_training
2022-11-24 06:49:32,777 INFO     ___FILE_ONLY___ 

2022-11-24 06:49:32,777 INFO     ___FILE_ONLY___ gcr.io/insight-tool-321814/docker_test_insight/common_container
2022-11-24 06:49:32,777 INFO     ___FILE_ONLY___ 

2022-11-24 06:49:32,777 INFO     ___FILE_ONLY___ gcr.io/insight-tool-321814/docker_test_insight/house_test
2022-11-24 06:49:32,777 INFO     ___FILE_ONLY___ 

2022-11-24 06:49:32,777 INFO     ___FILE_ONLY___ gcr.io/insight-tool-321814/docker_test_insight/prediction
2022-11-24 06:49:32,777 INFO     ___FILE_ONLY___ 

2022-11-24 06:49:32,778 INFO     ___FILE_ONLY___ gcr.io/insight-tool-321814/docker_test_insight/prediction_cloudbuild_test_2
2022-11-24 06:49:32,778 INFO     ___FILE_ONLY___ 

2022-11-24 06:49:32,778 INFO     ___FILE_ONLY___ gcr.io/insight-tool-321814/docker_test_insight/prediction_cloudbuild_test_4
2022-11-24 06:49:32,778 INFO     ___FILE_ONLY___ 

2022-11-24 06:49:32,778 INFO     ___FILE_ONLY___ gcr.io/insight-tool-321814/docker_test_insight/preprocessing
2022-11-24 06:49:32,778 INFO     ___FILE_ONLY___ 

2022-11-24 06:49:32,778 INFO     ___FILE_ONLY___ gcr.io/insight-tool-321814/docker_test_insight/preprocessing_cloudbuild_test
2022-11-24 06:49:32,779 INFO     ___FILE_ONLY___ 

2022-11-24 06:49:32,779 INFO     ___FILE_ONLY___ gcr.io/insight-tool-321814/docker_test_insight/preprocessing_cloudbuild_test_2
2022-11-24 06:49:32,779 INFO     ___FILE_ONLY___ 

2022-11-24 06:49:32,779 INFO     ___FILE_ONLY___ gcr.io/insight-tool-321814/docker_test_insight/preprocessing_cloudbuild_test_4
2022-11-24 06:49:32,779 INFO     ___FILE_ONLY___ 

2022-11-24 06:49:32,779 INFO     ___FILE_ONLY___ gcr.io/insight-tool-321814/docker_test_insight/training
2022-11-24 06:49:32,779 INFO     ___FILE_ONLY___ 

2022-11-24 06:49:32,779 INFO     ___FILE_ONLY___ gcr.io/insight-tool-321814/docker_test_insight/training_cloudbuild_test
2022-11-24 06:49:32,780 INFO     ___FILE_ONLY___ 

2022-11-24 06:49:32,780 INFO     ___FILE_ONLY___ gcr.io/insight-tool-321814/docker_test_insight/training_cloudbuild_test_2
2022-11-24 06:49:32,780 INFO     ___FILE_ONLY___ 

2022-11-24 06:49:32,780 INFO     ___FILE_ONLY___ gcr.io/insight-tool-321814/docker_test_insight/training_cloudbuild_test_4
2022-11-24 06:49:32,780 INFO     ___FILE_ONLY___ 

2022-11-24 06:49:32,780 INFO     ___FILE_ONLY___ gcr.io/insight-tool-321814/docker_test_insight/vertex_pipeline
2022-11-24 06:49:32,781 INFO     ___FILE_ONLY___ 

2022-11-24 06:49:32,781 DEBUG    root            SDK update checks are disabled.
