2022-11-24 15:57:31,439 DEBUG    root            Loaded Command Group: ['gcloud', 'edge_cache']
2022-11-24 15:57:31,511 DEBUG    root            No implementation for release track [GA] for element: [/usr/lib/google-cloud-sdk/lib/surface/bq]
2022-11-24 15:57:31,534 DEBUG    root            No implementation for release track [GA] for element: [/usr/lib/google-cloud-sdk/lib/surface/kuberun]
2022-11-24 15:57:31,547 DEBUG    root            No implementation for release track [GA] for element: [/usr/lib/google-cloud-sdk/lib/surface/commerce_procurement]
2022-11-24 15:57:31,601 DEBUG    root            Loaded Command Group: ['gcloud', 'metastore']
2022-11-24 15:57:31,664 DEBUG    root            Loaded Command Group: ['gcloud', 'components']
2022-11-24 15:57:31,685 DEBUG    root            Loaded Command Group: ['gcloud', 'transfer']
2022-11-24 15:57:31,718 DEBUG    root            Loaded Command Group: ['gcloud', 'service_directory']
2022-11-24 15:57:31,764 DEBUG    root            Loaded Command Group: ['gcloud', 'services']
2022-11-24 15:57:31,772 DEBUG    root            Loaded Command Group: ['gcloud', 'org_policies']
2022-11-24 15:57:31,803 DEBUG    root            Loaded Command Group: ['gcloud', 'topic']
2022-11-24 15:57:31,814 DEBUG    root            Loaded Command Group: ['gcloud', 'endpoints']
2022-11-24 15:57:32,384 DEBUG    root            Loaded Command Group: ['gcloud', 'compute']
2022-11-24 15:57:32,488 DEBUG    root            Loaded Command Group: ['gcloud', 'vmware']
2022-11-24 15:57:32,530 DEBUG    root            Loaded Command Group: ['gcloud', 'data_catalog']
2022-11-24 15:57:32,546 DEBUG    root            No implementation for release track [GA] for element: [/usr/lib/google-cloud-sdk/lib/surface/lifesciences]
2022-11-24 15:57:32,554 DEBUG    root            Loaded Command Group: ['gcloud', 'source']
2022-11-24 15:57:32,587 DEBUG    root            No implementation for release track [GA] for element: [/usr/lib/google-cloud-sdk/lib/surface/terraform]
2022-11-24 15:57:32,602 DEBUG    root            No implementation for release track [GA] for element: [/usr/lib/google-cloud-sdk/lib/surface/immersive_stream]
2022-11-24 15:57:32,615 DEBUG    root            Loaded Command Group: ['gcloud', 'debug']
2022-11-24 15:57:32,651 DEBUG    root            Loaded Command Group: ['gcloud', 'eventarc']
2022-11-24 15:57:32,679 DEBUG    root            Loaded Command Group: ['gcloud', 'bms']
2022-11-24 15:57:32,764 DEBUG    root            No implementation for release track [GA] for element: [/usr/lib/google-cloud-sdk/lib/surface/code]
2022-11-24 15:57:32,845 DEBUG    root            Loaded Command Group: ['gcloud', 'survey']
2022-11-24 15:57:32,869 DEBUG    root            Loaded Command Group: ['gcloud', 'iap']
2022-11-24 15:57:32,876 DEBUG    root            No implementation for release track [GA] for element: [/usr/lib/google-cloud-sdk/lib/surface/publicca]
2022-11-24 15:57:32,878 DEBUG    root            Loaded Command Group: ['gcloud', 'identity']
2022-11-24 15:57:32,929 DEBUG    root            Loaded Command Group: ['gcloud', 'asset']
2022-11-24 15:57:33,373 DEBUG    root            No implementation for release track [GA] for element: [/usr/lib/google-cloud-sdk/lib/surface/interactive]
2022-11-24 15:57:33,386 DEBUG    root            Loaded Command Group: ['gcloud', 'access_approval']
2022-11-24 15:57:33,391 DEBUG    root            Loaded Command Group: ['gcloud', 'projects']
2022-11-24 15:57:33,395 DEBUG    root            No implementation for release track [GA] for element: [/usr/lib/google-cloud-sdk/lib/surface/dialogflow]
2022-11-24 15:57:33,396 DEBUG    root            No implementation for release track [GA] for element: [/usr/lib/google-cloud-sdk/lib/surface/dlp]
2022-11-24 15:57:33,398 DEBUG    root            Loaded Command Group: ['gcloud', 'tasks']
2022-11-24 15:57:33,402 DEBUG    root            Loaded Command Group: ['gcloud', 'kms']
2022-11-24 15:57:33,407 DEBUG    root            Loaded Command Group: ['gcloud', 'pubsub']
2022-11-24 15:57:33,415 DEBUG    root            Loaded Command Group: ['gcloud', 'organizations']
2022-11-24 15:57:33,431 DEBUG    root            Loaded Command Group: ['gcloud', 'domains']
2022-11-24 15:57:33,446 DEBUG    root            No implementation for release track [GA] for element: [/usr/lib/google-cloud-sdk/lib/surface/media]
2022-11-24 15:57:33,586 DEBUG    root            Loaded Command Group: ['gcloud', 'api_gateway']
2022-11-24 15:57:33,591 DEBUG    root            Loaded Command Group: ['gcloud', 'apigee']
2022-11-24 15:57:33,603 DEBUG    root            Loaded Command Group: ['gcloud', 'firebase']
2022-11-24 15:57:33,619 DEBUG    root            Loaded Command Group: ['gcloud', 'deploy']
2022-11-24 15:57:33,627 DEBUG    root            Loaded Command Group: ['gcloud', 'datastore']
2022-11-24 15:57:33,635 DEBUG    root            No implementation for release track [GA] for element: [/usr/lib/google-cloud-sdk/lib/surface/runtime_config]
2022-11-24 15:57:33,636 DEBUG    root            Loaded Command Group: ['gcloud', 'access_context_manager']
2022-11-24 15:57:33,642 DEBUG    root            Loaded Command Group: ['gcloud', 'scheduler']
2022-11-24 15:57:33,662 DEBUG    root            Loaded Command Group: ['gcloud', 'resource_manager']
2022-11-24 15:57:33,669 DEBUG    root            Loaded Command Group: ['gcloud', 'ml']
2022-11-24 15:57:33,674 DEBUG    root            Loaded Command Group: ['gcloud', 'notebooks']
2022-11-24 15:57:33,679 DEBUG    root            Loaded Command Group: ['gcloud', 'anthos']
2022-11-24 15:57:33,711 DEBUG    root            Loaded Command Group: ['gcloud', 'init']
2022-11-24 15:57:33,722 DEBUG    root            Loaded Command Group: ['gcloud', 'database_migration']
2022-11-24 15:57:33,729 DEBUG    root            Loaded Command Group: ['gcloud', 'network_connectivity']
2022-11-24 15:57:33,736 DEBUG    root            Loaded Command Group: ['gcloud', 'ml_engine']
2022-11-24 15:57:33,779 DEBUG    root            No implementation for release track [GA] for element: [/usr/lib/google-cloud-sdk/lib/surface/datapipelines]
2022-11-24 15:57:33,797 DEBUG    root            Loaded Command Group: ['gcloud', 'functions']
2022-11-24 15:57:33,802 DEBUG    root            Loaded Command Group: ['gcloud', 'firestore']
2022-11-24 15:57:33,812 DEBUG    root            No implementation for release track [GA] for element: [/usr/lib/google-cloud-sdk/lib/surface/network_actions]
2022-11-24 15:57:33,813 DEBUG    root            Loaded Command Group: ['gcloud', 'recommender']
2022-11-24 15:57:33,830 DEBUG    root            Loaded Command Group: ['gcloud', 'ai']
2022-11-24 15:57:33,919 DEBUG    root            No implementation for release track [GA] for element: [/usr/lib/google-cloud-sdk/lib/surface/events]
2022-11-24 15:57:33,952 DEBUG    root            Loaded Command Group: ['gcloud', 'batch']
2022-11-24 15:57:33,957 DEBUG    root            Loaded Command Group: ['gcloud', 'dataflow']
2022-11-24 15:57:33,962 DEBUG    root            Loaded Command Group: ['gcloud', 'version']
2022-11-24 15:57:33,979 DEBUG    root            Loaded Command Group: ['gcloud', 'storage']
2022-11-24 15:57:34,002 DEBUG    root            Loaded Command Group: ['gcloud', 'iot']
2022-11-24 15:57:34,006 DEBUG    root            Loaded Command Group: ['gcloud', 'meta']
2022-11-24 15:57:34,040 DEBUG    root            No implementation for release track [GA] for element: [/usr/lib/google-cloud-sdk/lib/surface/source_manager]
2022-11-24 15:57:34,069 DEBUG    root            Loaded Command Group: ['gcloud', 'assured']
2022-11-24 15:57:34,073 DEBUG    root            Loaded Command Group: ['gcloud', 'transcoder']
2022-11-24 15:57:34,077 DEBUG    root            Loaded Command Group: ['gcloud', 'healthcare']
2022-11-24 15:57:34,097 DEBUG    root            Loaded Command Group: ['gcloud', 'network_management']
2022-11-24 15:57:34,117 DEBUG    root            Loaded Command Group: ['gcloud', 'workflows']
2022-11-24 15:57:34,120 DEBUG    root            No implementation for release track [GA] for element: [/usr/lib/google-cloud-sdk/lib/surface/error_reporting]
2022-11-24 15:57:34,121 DEBUG    root            Loaded Command Group: ['gcloud', 'iam']
2022-11-24 15:57:34,128 DEBUG    root            Loaded Command Group: ['gcloud', 'memcache']
2022-11-24 15:57:34,134 DEBUG    root            No implementation for release track [GA] for element: [/usr/lib/google-cloud-sdk/lib/surface/trace]
2022-11-24 15:57:34,136 DEBUG    root            Loaded Command Group: ['gcloud', 'monitoring']
2022-11-24 15:57:34,142 DEBUG    root            Loaded Command Group: ['gcloud', 'certificate_manager']
2022-11-24 15:57:34,166 DEBUG    root            Loaded Command Group: ['gcloud', 'cloud_shell']
2022-11-24 15:57:34,168 DEBUG    root            Loaded Command Group: ['gcloud', 'run']
2022-11-24 15:57:34,186 DEBUG    root            Loaded Command Group: ['gcloud', 'redis']
2022-11-24 15:57:34,194 DEBUG    root            Loaded Command Group: ['gcloud', 'ids']
2022-11-24 15:57:34,199 DEBUG    root            Loaded Command Group: ['gcloud', 'composer']
2022-11-24 15:57:34,202 DEBUG    root            Loaded Command Group: ['gcloud', 'network_services']
2022-11-24 15:57:34,260 DEBUG    root            Loaded Command Group: ['gcloud', 'docker']
2022-11-24 15:57:34,263 DEBUG    root            Loaded Command Group: ['gcloud', 'filestore']
2022-11-24 15:57:34,269 DEBUG    root            Loaded Command Group: ['gcloud', 'dataproc']
2022-11-24 15:57:34,311 DEBUG    root            Loaded Command Group: ['gcloud', 'feedback']
2022-11-24 15:57:34,326 DEBUG    root            Loaded Command Group: ['gcloud', 'info']
2022-11-24 15:57:34,329 DEBUG    root            No implementation for release track [GA] for element: [/usr/lib/google-cloud-sdk/lib/surface/beyondcorp]
2022-11-24 15:57:34,331 DEBUG    root            Loaded Command Group: ['gcloud', 'resource_settings']
2022-11-24 15:57:34,385 DEBUG    root            Loaded Command Group: ['gcloud', 'sql']
2022-11-24 15:57:34,395 DEBUG    root            Loaded Command Group: ['gcloud', 'workspace_add_ons']
2022-11-24 15:57:34,398 DEBUG    root            Loaded Command Group: ['gcloud', 'emulators']
2022-11-24 15:57:34,404 DEBUG    root            No implementation for release track [GA] for element: [/usr/lib/google-cloud-sdk/lib/surface/alloydb]
2022-11-24 15:57:34,405 DEBUG    root            Loaded Command Group: ['gcloud', 'recaptcha']
2022-11-24 15:57:34,409 DEBUG    root            Loaded Command Group: ['gcloud', 'logging']
2022-11-24 15:57:34,417 DEBUG    root            No implementation for release track [GA] for element: [/usr/lib/google-cloud-sdk/lib/surface/resource_config]
2022-11-24 15:57:34,434 DEBUG    root            Loaded Command Group: ['gcloud', 'config']
2022-11-24 15:57:34,438 DEBUG    root            Loaded Command Group: ['gcloud', 'secrets']
2022-11-24 15:57:34,446 DEBUG    root            Loaded Command Group: ['gcloud', 'billing']
2022-11-24 15:57:34,464 DEBUG    root            No implementation for release track [GA] for element: [/usr/lib/google-cloud-sdk/lib/surface/genomics]
2022-11-24 15:57:34,472 DEBUG    root            Loaded Command Group: ['gcloud', 'datastream']
2022-11-24 15:57:34,478 DEBUG    root            Loaded Command Group: ['gcloud', 'network_security']
2022-11-24 15:57:34,484 DEBUG    root            Loaded Command Group: ['gcloud', 'auth']
2022-11-24 15:57:34,486 DEBUG    root            No implementation for release track [GA] for element: [/usr/lib/google-cloud-sdk/lib/surface/remote_build_execution]
2022-11-24 15:57:34,490 DEBUG    root            Loaded Command Group: ['gcloud', 'policy_troubleshoot']
2022-11-24 15:57:34,492 DEBUG    root            Loaded Command Group: ['gcloud', 'dns']
2022-11-24 15:57:34,499 DEBUG    root            Loaded Command Group: ['gcloud', 'essential_contacts']
2022-11-24 15:57:34,502 DEBUG    root            Loaded Command Group: ['gcloud', 'spanner']
2022-11-24 15:57:34,507 DEBUG    root            Loaded Command Group: ['gcloud', 'edge_cloud']
2022-11-24 15:57:34,512 DEBUG    root            Loaded Command Group: ['gcloud', 'app']
2022-11-24 15:57:34,519 DEBUG    root            Loaded Command Group: ['gcloud', 'bigtable']
2022-11-24 15:57:34,526 DEBUG    root            Loaded Command Group: ['gcloud', 'scc']
2022-11-24 15:57:34,540 DEBUG    root            Loaded Command Group: ['gcloud', 'help']
2022-11-24 15:57:34,547 DEBUG    root            Loaded Command Group: ['gcloud', 'builds']
2022-11-24 15:57:34,554 DEBUG    root            Loaded Command Group: ['gcloud', 'active_directory']
2022-11-24 15:57:34,557 DEBUG    root            Loaded Command Group: ['gcloud', 'ai_platform']
2022-11-24 15:57:34,560 DEBUG    root            No implementation for release track [GA] for element: [/usr/lib/google-cloud-sdk/lib/surface/data_fusion]
2022-11-24 15:57:34,561 DEBUG    root            No implementation for release track [GA] for element: [/usr/lib/google-cloud-sdk/lib/surface/workstations]
2022-11-24 15:57:34,565 DEBUG    root            Loaded Command Group: ['gcloud', 'artifacts']
2022-11-24 15:57:34,576 DEBUG    root            No implementation for release track [GA] for element: [/usr/lib/google-cloud-sdk/lib/surface/microservices]
2022-11-24 15:57:34,594 DEBUG    root            Loaded Command Group: ['gcloud', 'game']
2022-11-24 15:57:34,599 DEBUG    root            Loaded Command Group: ['gcloud', 'privateca']
2022-11-24 15:57:34,605 DEBUG    root            No implementation for release track [GA] for element: [/usr/lib/google-cloud-sdk/lib/surface/blueprints]
2022-11-24 15:57:34,617 DEBUG    root            No implementation for release track [GA] for element: [/usr/lib/google-cloud-sdk/lib/surface/web_security_scanner]
2022-11-24 15:57:34,644 DEBUG    root            Loaded Command Group: ['gcloud', 'cheat_sheet']
2022-11-24 15:57:34,647 DEBUG    root            Loaded Command Group: ['gcloud', 'policy_intelligence']
2022-11-24 15:57:34,665 DEBUG    root            Loaded Command Group: ['gcloud', 'dataplex']
2022-11-24 15:57:34,670 DEBUG    root            Loaded Command Group: ['gcloud', 'deployment_manager']
2022-11-24 15:57:34,674 ERROR    root            (gcloud) Invalid choice: 'gke-deploy'.
