2022-11-14 13:14:37,314 DEBUG    root            Loaded Command Group: ['gcloud', 'init']
2022-11-14 13:14:37,317 DEBUG    root            Running [gcloud.init] with arguments: []
2022-11-14 13:14:37,317 INFO     ___FILE_ONLY___ Welcome! This command will take you through the configuration of gcloud.


2022-11-14 13:14:37,319 INFO     ___FILE_ONLY___ Your current configuration has been set to: [default]


2022-11-14 13:14:37,319 INFO     ___FILE_ONLY___ You can skip diagnostics next time by using the following flag:

2022-11-14 13:14:37,319 INFO     ___FILE_ONLY___   gcloud init --skip-diagnostics


2022-11-14 13:14:37,319 INFO     ___FILE_ONLY___ Network diagnostic detects and fixes local network connection issues.

2022-11-14 13:14:37,321 INFO     ___FILE_ONLY___ Checking network connection...
2022-11-14 13:14:37,612 DEBUG    urllib3.connectionpool Starting new HTTPS connection (1): accounts.google.com:443
2022-11-14 13:14:37,642 DEBUG    urllib3.connectionpool https://accounts.google.com:443 "GET / HTTP/1.1" 302 338
2022-11-14 13:14:37,694 DEBUG    urllib3.connectionpool https://accounts.google.com:443 "GET /ServiceLogin?passive=1209600&continue=https%3A%2F%2Faccounts.google.com%2F&followup=https%3A%2F%2Faccounts.google.com%2F HTTP/1.1" 302 527
2022-11-14 13:14:37,749 DEBUG    urllib3.connectionpool https://accounts.google.com:443 "GET /v3/signin/identifier?dsh=S1157926716%3A1668431677676317&continue=https%3A%2F%2Faccounts.google.com%2F&followup=https%3A%2F%2Faccounts.google.com%2F&passive=1209600&flowName=WebLiteSignIn&flowEntry=ServiceLogin&ifkv=ARgdvAujrGOAUFRu2QGjPe81NhE1PfjLqeMU2F_PM0R2soVIiKKBEb1kXPqKf5BSM0HchWJOOZ8IFA HTTP/1.1" 200 None
2022-11-14 13:14:37,822 DEBUG    urllib3.connectionpool Starting new HTTPS connection (1): cloudresourcemanager.googleapis.com:443
2022-11-14 13:14:37,841 DEBUG    urllib3.connectionpool https://cloudresourcemanager.googleapis.com:443 "GET /v1beta1/projects HTTP/1.1" 401 None
2022-11-14 13:14:37,845 DEBUG    urllib3.connectionpool Starting new HTTPS connection (1): www.googleapis.com:443
2022-11-14 13:14:37,859 DEBUG    urllib3.connectionpool https://www.googleapis.com:443 "GET /auth/cloud-platform HTTP/1.1" 200 14
2022-11-14 13:14:37,862 DEBUG    urllib3.connectionpool Starting new HTTPS connection (1): dl.google.com:443
2022-11-14 13:14:37,876 DEBUG    urllib3.connectionpool https://dl.google.com:443 "GET /dl/cloudsdk/channels/rapid/components-2.json HTTP/1.1" 200 203446
2022-11-14 13:14:37,922 INFO     ___FILE_ONLY___ Reachability Check passed.

2022-11-14 13:14:37,923 INFO     ___FILE_ONLY___ Network diagnostic passed (1/1 checks passed).


2022-11-14 13:21:12,580 INFO     ___FILE_ONLY___ 

Command killed by keyboard interrupt


