2022-11-14 13:25:03,399 DEBUG    root            Loaded Command Group: ['gcloud', 'init']
2022-11-14 13:25:03,401 DEBUG    root            Running [gcloud.init] with arguments: []
2022-11-14 13:25:03,401 INFO     ___FILE_ONLY___ Welcome! This command will take you through the configuration of gcloud.


2022-11-14 13:25:03,402 INFO     ___FILE_ONLY___ Settings from your current configuration [default] are:

2022-11-14 13:25:03,417 INFO     ___FILE_ONLY___ core:
  account: 554650739751-compute@developer.gserviceaccount.com
  disable_usage_reporting: 'True'
  project: insight-tool-321814

2022-11-14 13:25:03,418 INFO     ___FILE_ONLY___ 

2022-11-14 13:25:15,156 INFO     ___FILE_ONLY___ Your current configuration has been set to: [default]


2022-11-14 13:25:15,156 INFO     ___FILE_ONLY___ You can skip diagnostics next time by using the following flag:

2022-11-14 13:25:15,156 INFO     ___FILE_ONLY___   gcloud init --skip-diagnostics


2022-11-14 13:25:15,156 INFO     ___FILE_ONLY___ Network diagnostic detects and fixes local network connection issues.

2022-11-14 13:25:15,158 INFO     ___FILE_ONLY___ Checking network connection...
2022-11-14 13:25:15,436 DEBUG    urllib3.connectionpool Starting new HTTPS connection (1): accounts.google.com:443
2022-11-14 13:25:15,470 DEBUG    urllib3.connectionpool https://accounts.google.com:443 "GET / HTTP/1.1" 302 338
2022-11-14 13:25:15,513 DEBUG    urllib3.connectionpool https://accounts.google.com:443 "GET /ServiceLogin?passive=1209600&continue=https%3A%2F%2Faccounts.google.com%2F&followup=https%3A%2F%2Faccounts.google.com%2F HTTP/1.1" 302 528
2022-11-14 13:25:15,566 DEBUG    urllib3.connectionpool https://accounts.google.com:443 "GET /v3/signin/identifier?dsh=S-1862234101%3A1668432315497232&continue=https%3A%2F%2Faccounts.google.com%2F&followup=https%3A%2F%2Faccounts.google.com%2F&passive=1209600&flowName=WebLiteSignIn&flowEntry=ServiceLogin&ifkv=ARgdvAvG9dhQ_HnGNztARIiitBvS-wbtqquh6Jxmyc_T-spwb3jDZCMIEfL4QpFYRHjja9xZzgOuOw HTTP/1.1" 200 None
2022-11-14 13:25:15,578 DEBUG    urllib3.connectionpool Starting new HTTPS connection (1): cloudresourcemanager.googleapis.com:443
2022-11-14 13:25:15,597 DEBUG    urllib3.connectionpool https://cloudresourcemanager.googleapis.com:443 "GET /v1beta1/projects HTTP/1.1" 401 None
2022-11-14 13:25:15,600 DEBUG    urllib3.connectionpool Starting new HTTPS connection (1): www.googleapis.com:443
2022-11-14 13:25:15,614 DEBUG    urllib3.connectionpool https://www.googleapis.com:443 "GET /auth/cloud-platform HTTP/1.1" 200 14
2022-11-14 13:25:15,619 DEBUG    urllib3.connectionpool Starting new HTTPS connection (1): dl.google.com:443
2022-11-14 13:25:15,638 DEBUG    urllib3.connectionpool https://dl.google.com:443 "GET /dl/cloudsdk/channels/rapid/components-2.json HTTP/1.1" 200 203446
2022-11-14 13:25:15,760 INFO     ___FILE_ONLY___ Reachability Check passed.

2022-11-14 13:25:15,760 INFO     ___FILE_ONLY___ Network diagnostic passed (1/1 checks passed).


2022-11-14 13:25:29,014 INFO     ___FILE_ONLY___ You are logged in as: [554650739751-compute@developer.gserviceaccount.com].


2022-11-14 13:25:29,019 DEBUG    google.auth.transport.requests Making request: GET http://metadata.google.internal/computeMetadata/v1/instance/service-accounts/554650739751-compute@developer.gserviceaccount.com/?recursive=true
2022-11-14 13:25:29,021 DEBUG    urllib3.connectionpool Starting new HTTP connection (1): metadata.google.internal:80
2022-11-14 13:25:29,023 DEBUG    urllib3.connectionpool http://metadata.google.internal:80 "GET /computeMetadata/v1/instance/service-accounts/554650739751-compute@developer.gserviceaccount.com/?recursive=true HTTP/1.1" 200 155
2022-11-14 13:25:29,024 DEBUG    google.auth.transport.requests Making request: GET http://metadata.google.internal/computeMetadata/v1/instance/service-accounts/554650739751-compute@developer.gserviceaccount.com/token
2022-11-14 13:25:29,027 DEBUG    urllib3.connectionpool http://metadata.google.internal:80 "GET /computeMetadata/v1/instance/service-accounts/554650739751-compute@developer.gserviceaccount.com/token HTTP/1.1" 200 268
2022-11-14 13:25:29,046 DEBUG    google.auth.transport.requests Making request: GET http://metadata.google.internal/computeMetadata/v1/instance/service-accounts/554650739751-compute@developer.gserviceaccount.com/?recursive=true
2022-11-14 13:25:29,048 DEBUG    urllib3.connectionpool Starting new HTTP connection (1): metadata.google.internal:80
2022-11-14 13:25:29,050 DEBUG    urllib3.connectionpool http://metadata.google.internal:80 "GET /computeMetadata/v1/instance/service-accounts/554650739751-compute@developer.gserviceaccount.com/?recursive=true HTTP/1.1" 200 155
2022-11-14 13:25:29,051 DEBUG    google.auth.transport.requests Making request: GET http://metadata.google.internal/computeMetadata/v1/instance/service-accounts/554650739751-compute@developer.gserviceaccount.com/token
2022-11-14 13:25:29,053 DEBUG    urllib3.connectionpool http://metadata.google.internal:80 "GET /computeMetadata/v1/instance/service-accounts/554650739751-compute@developer.gserviceaccount.com/token HTTP/1.1" 200 268
2022-11-14 13:25:29,067 DEBUG    urllib3.connectionpool Starting new HTTPS connection (1): cloudresourcemanager.googleapis.com:443
2022-11-14 13:25:29,243 DEBUG    urllib3.connectionpool https://cloudresourcemanager.googleapis.com:443 "GET /v1/projects?alt=json&filter=lifecycleState%3AACTIVE&pageSize=201 HTTP/1.1" 200 None
2022-11-14 13:25:33,093 INFO     ___FILE_ONLY___ Your current project has been set to: [insight-tool-321814].


2022-11-14 13:25:33,119 DEBUG    root            Loaded Command Group: ['gcloud', 'compute']
2022-11-14 13:25:33,123 DEBUG    root            Loaded Command Group: ['gcloud', 'compute', 'project_info']
2022-11-14 13:25:33,129 DEBUG    root            Loaded Command Group: ['gcloud', 'compute', 'project-info', 'describe']
2022-11-14 13:25:33,131 INFO     root            Executing: [gcloud compute project-info describe --quiet]
2022-11-14 13:25:33,133 DEBUG    root            Running [gcloud.compute.project-info.describe] with arguments: [--no-user-output-enabled: "false", --quiet: "True", --verbosity: "none"]
2022-11-14 13:25:33,138 DEBUG    google.auth.transport.requests Making request: GET http://metadata.google.internal/computeMetadata/v1/instance/service-accounts/554650739751-compute@developer.gserviceaccount.com/?recursive=true
2022-11-14 13:25:33,140 DEBUG    urllib3.connectionpool Starting new HTTP connection (1): metadata.google.internal:80
2022-11-14 13:25:33,142 DEBUG    urllib3.connectionpool http://metadata.google.internal:80 "GET /computeMetadata/v1/instance/service-accounts/554650739751-compute@developer.gserviceaccount.com/?recursive=true HTTP/1.1" 200 155
2022-11-14 13:25:33,143 DEBUG    google.auth.transport.requests Making request: GET http://metadata.google.internal/computeMetadata/v1/instance/service-accounts/554650739751-compute@developer.gserviceaccount.com/token
2022-11-14 13:25:33,146 DEBUG    urllib3.connectionpool http://metadata.google.internal:80 "GET /computeMetadata/v1/instance/service-accounts/554650739751-compute@developer.gserviceaccount.com/token HTTP/1.1" 200 268
2022-11-14 13:25:33,160 DEBUG    google.auth.transport.requests Making request: GET http://metadata.google.internal/computeMetadata/v1/instance/service-accounts/554650739751-compute@developer.gserviceaccount.com/?recursive=true
2022-11-14 13:25:33,162 DEBUG    urllib3.connectionpool Starting new HTTP connection (1): metadata.google.internal:80
2022-11-14 13:25:33,164 DEBUG    urllib3.connectionpool http://metadata.google.internal:80 "GET /computeMetadata/v1/instance/service-accounts/554650739751-compute@developer.gserviceaccount.com/?recursive=true HTTP/1.1" 200 155
2022-11-14 13:25:33,165 DEBUG    google.auth.transport.requests Making request: GET http://metadata.google.internal/computeMetadata/v1/instance/service-accounts/554650739751-compute@developer.gserviceaccount.com/token
2022-11-14 13:25:33,168 DEBUG    urllib3.connectionpool http://metadata.google.internal:80 "GET /computeMetadata/v1/instance/service-accounts/554650739751-compute@developer.gserviceaccount.com/token HTTP/1.1" 200 268
2022-11-14 13:25:33,361 DEBUG    urllib3.connectionpool Starting new HTTPS connection (1): compute.googleapis.com:443
2022-11-14 13:25:33,566 DEBUG    urllib3.connectionpool https://compute.googleapis.com:443 "POST /batch/compute/v1 HTTP/1.1" 200 None
2022-11-14 13:25:33,574 INFO     root            Display disabled.
2022-11-14 13:25:33,574 DEBUG    root            SDK update checks are disabled.
2022-11-14 13:25:39,040 DEBUG    root            Loaded Command Group: ['gcloud', 'compute', 'zones']
2022-11-14 13:25:39,062 DEBUG    root            Loaded Command Group: ['gcloud', 'compute', 'zones', 'list']
2022-11-14 13:25:39,063 INFO     root            Executing: [gcloud compute zones list]
2022-11-14 13:25:39,066 DEBUG    root            Running [gcloud.compute.zones.list] with arguments: [--no-user-output-enabled: "false", --verbosity: "none"]
2022-11-14 13:25:39,071 DEBUG    google.auth.transport.requests Making request: GET http://metadata.google.internal/computeMetadata/v1/instance/service-accounts/554650739751-compute@developer.gserviceaccount.com/?recursive=true
2022-11-14 13:25:39,072 DEBUG    urllib3.connectionpool Starting new HTTP connection (1): metadata.google.internal:80
2022-11-14 13:25:39,074 DEBUG    urllib3.connectionpool http://metadata.google.internal:80 "GET /computeMetadata/v1/instance/service-accounts/554650739751-compute@developer.gserviceaccount.com/?recursive=true HTTP/1.1" 200 155
2022-11-14 13:25:39,075 DEBUG    google.auth.transport.requests Making request: GET http://metadata.google.internal/computeMetadata/v1/instance/service-accounts/554650739751-compute@developer.gserviceaccount.com/token
2022-11-14 13:25:39,078 DEBUG    urllib3.connectionpool http://metadata.google.internal:80 "GET /computeMetadata/v1/instance/service-accounts/554650739751-compute@developer.gserviceaccount.com/token HTTP/1.1" 200 269
2022-11-14 13:25:39,091 DEBUG    google.auth.transport.requests Making request: GET http://metadata.google.internal/computeMetadata/v1/instance/service-accounts/554650739751-compute@developer.gserviceaccount.com/?recursive=true
2022-11-14 13:25:39,093 DEBUG    urllib3.connectionpool Starting new HTTP connection (1): metadata.google.internal:80
2022-11-14 13:25:39,095 DEBUG    urllib3.connectionpool http://metadata.google.internal:80 "GET /computeMetadata/v1/instance/service-accounts/554650739751-compute@developer.gserviceaccount.com/?recursive=true HTTP/1.1" 200 155
2022-11-14 13:25:39,096 DEBUG    google.auth.transport.requests Making request: GET http://metadata.google.internal/computeMetadata/v1/instance/service-accounts/554650739751-compute@developer.gserviceaccount.com/token
2022-11-14 13:25:39,099 DEBUG    urllib3.connectionpool http://metadata.google.internal:80 "GET /computeMetadata/v1/instance/service-accounts/554650739751-compute@developer.gserviceaccount.com/token HTTP/1.1" 200 269
2022-11-14 13:25:39,135 INFO     root            Display disabled.
2022-11-14 13:25:39,139 DEBUG    urllib3.connectionpool Starting new HTTPS connection (1): compute.googleapis.com:443
2022-11-14 13:25:39,398 DEBUG    urllib3.connectionpool https://compute.googleapis.com:443 "POST /batch/compute/v1 HTTP/1.1" 200 None
2022-11-14 13:25:39,408 DEBUG    root            SDK update checks are disabled.
