2022-11-14 13:29:54,755 DEBUG    root            No implementation for release track [GA] for element: [/usr/lib/google-cloud-sdk/lib/surface/blueprints]
2022-11-14 13:29:54,755 DEBUG    root            Loaded Command Group: ['gcloud', 'iam']
2022-11-14 13:29:54,756 DEBUG    root            Loaded Command Group: ['gcloud', 'anthos']
2022-11-14 13:29:54,758 DEBUG    root            Loaded Command Group: ['gcloud', 'deploy']
2022-11-14 13:29:54,759 DEBUG    root            Loaded Command Group: ['gcloud', 'kms']
2022-11-14 13:29:54,760 DEBUG    root            Loaded Command Group: ['gcloud', 'access_context_manager']
2022-11-14 13:29:54,761 DEBUG    root            No implementation for release track [GA] for element: [/usr/lib/google-cloud-sdk/lib/surface/error_reporting]
2022-11-14 13:29:54,762 DEBUG    root            No implementation for release track [GA] for element: [/usr/lib/google-cloud-sdk/lib/surface/publicca]
2022-11-14 13:29:54,762 DEBUG    root            No implementation for release track [GA] for element: [/usr/lib/google-cloud-sdk/lib/surface/data_fusion]
2022-11-14 13:29:54,762 DEBUG    root            Loaded Command Group: ['gcloud', 'dns']
2022-11-14 13:29:54,764 DEBUG    root            No implementation for release track [GA] for element: [/usr/lib/google-cloud-sdk/lib/surface/lifesciences]
2022-11-14 13:29:54,764 DEBUG    root            Loaded Command Group: ['gcloud', 'spanner']
2022-11-14 13:29:54,765 DEBUG    root            No implementation for release track [GA] for element: [/usr/lib/google-cloud-sdk/lib/surface/microservices]
2022-11-14 13:29:54,766 DEBUG    root            Loaded Command Group: ['gcloud', 'billing']
2022-11-14 13:29:54,767 DEBUG    root            No implementation for release track [GA] for element: [/usr/lib/google-cloud-sdk/lib/surface/dlp]
2022-11-14 13:29:54,767 DEBUG    root            Loaded Command Group: ['gcloud', 'ml']
2022-11-14 13:29:54,768 DEBUG    root            Loaded Command Group: ['gcloud', 'composer']
2022-11-14 13:29:54,769 DEBUG    root            Loaded Command Group: ['gcloud', 'metastore']
2022-11-14 13:29:54,771 DEBUG    root            Loaded Command Group: ['gcloud', 'deployment_manager']
2022-11-14 13:29:54,810 DEBUG    root            No implementation for release track [GA] for element: [/usr/lib/google-cloud-sdk/lib/surface/interactive]
2022-11-14 13:29:54,810 DEBUG    root            Loaded Command Group: ['gcloud', 'version']
2022-11-14 13:29:54,827 DEBUG    root            Loaded Command Group: ['gcloud', 'ml_engine']
2022-11-14 13:29:54,829 DEBUG    root            No implementation for release track [GA] for element: [/usr/lib/google-cloud-sdk/lib/surface/bq]
2022-11-14 13:29:54,829 DEBUG    root            Loaded Command Group: ['gcloud', 'ai_platform']
2022-11-14 13:29:54,831 DEBUG    root            No implementation for release track [GA] for element: [/usr/lib/google-cloud-sdk/lib/surface/workstations]
2022-11-14 13:29:54,831 DEBUG    root            No implementation for release track [GA] for element: [/usr/lib/google-cloud-sdk/lib/surface/trace]
2022-11-14 13:29:54,831 DEBUG    root            Loaded Command Group: ['gcloud', 'workspace_add_ons']
2022-11-14 13:29:54,847 DEBUG    root            No implementation for release track [GA] for element: [/usr/lib/google-cloud-sdk/lib/surface/events]
2022-11-14 13:29:54,848 DEBUG    root            Loaded Command Group: ['gcloud', 'organizations']
2022-11-14 13:29:54,849 DEBUG    root            No implementation for release track [GA] for element: [/usr/lib/google-cloud-sdk/lib/surface/runtime_config]
2022-11-14 13:29:54,850 DEBUG    root            Loaded Command Group: ['gcloud', 'domains']
2022-11-14 13:29:54,851 DEBUG    root            Loaded Command Group: ['gcloud', 'healthcare']
2022-11-14 13:29:54,853 DEBUG    root            Loaded Command Group: ['gcloud', 'apigee']
2022-11-14 13:29:54,854 DEBUG    root            Loaded Command Group: ['gcloud', 'iap']
2022-11-14 13:29:54,855 DEBUG    root            Loaded Command Group: ['gcloud', 'ids']
2022-11-14 13:29:54,856 DEBUG    root            Loaded Command Group: ['gcloud', 'eventarc']
2022-11-14 13:29:54,860 DEBUG    root            Loaded Command Group: ['gcloud', 'info']
2022-11-14 13:29:54,861 DEBUG    root            Loaded Command Group: ['gcloud', 'scheduler']
2022-11-14 13:29:54,862 DEBUG    root            Loaded Command Group: ['gcloud', 'dataplex']
2022-11-14 13:29:54,864 DEBUG    root            Loaded Command Group: ['gcloud', 'bms']
2022-11-14 13:29:54,865 DEBUG    root            Loaded Command Group: ['gcloud', 'dataflow']
2022-11-14 13:29:54,866 DEBUG    root            Loaded Command Group: ['gcloud', 'storage']
2022-11-14 13:29:54,868 DEBUG    root            Loaded Command Group: ['gcloud', 'game']
2022-11-14 13:29:54,870 DEBUG    root            Loaded Command Group: ['gcloud', 'functions']
2022-11-14 13:29:54,871 DEBUG    root            No implementation for release track [GA] for element: [/usr/lib/google-cloud-sdk/lib/surface/source_manager]
2022-11-14 13:29:54,871 DEBUG    root            Loaded Command Group: ['gcloud', 'auth']
2022-11-14 13:29:54,873 DEBUG    root            No implementation for release track [GA] for element: [/usr/lib/google-cloud-sdk/lib/surface/immersive_stream]
2022-11-14 13:29:54,873 DEBUG    root            Loaded Command Group: ['gcloud', 'policy_troubleshoot']
2022-11-14 13:29:54,875 DEBUG    root            No implementation for release track [GA] for element: [/usr/lib/google-cloud-sdk/lib/surface/commerce_procurement]
2022-11-14 13:29:54,875 DEBUG    root            Loaded Command Group: ['gcloud', 'vmware']
2022-11-14 13:29:54,877 DEBUG    root            Loaded Command Group: ['gcloud', 'config']
2022-11-14 13:29:54,879 DEBUG    root            No implementation for release track [GA] for element: [/usr/lib/google-cloud-sdk/lib/surface/network_actions]
2022-11-14 13:29:54,879 DEBUG    root            Loaded Command Group: ['gcloud', 'app']
2022-11-14 13:29:54,881 DEBUG    root            Loaded Command Group: ['gcloud', 'firestore']
2022-11-14 13:29:54,883 DEBUG    root            Loaded Command Group: ['gcloud', 'help']
2022-11-14 13:29:54,885 DEBUG    root            Loaded Command Group: ['gcloud', 'active_directory']
2022-11-14 13:29:54,887 DEBUG    root            Loaded Command Group: ['gcloud', 'components']
2022-11-14 13:29:54,888 DEBUG    root            Loaded Command Group: ['gcloud', 'edge_cache']
2022-11-14 13:29:54,889 DEBUG    root            Loaded Command Group: ['gcloud', 'endpoints']
2022-11-14 13:29:54,890 DEBUG    root            Loaded Command Group: ['gcloud', 'ai']
2022-11-14 13:29:54,892 DEBUG    root            Loaded Command Group: ['gcloud', 'network_security']
2022-11-14 13:29:54,893 DEBUG    root            No implementation for release track [GA] for element: [/usr/lib/google-cloud-sdk/lib/surface/terraform]
2022-11-14 13:29:54,894 DEBUG    root            Loaded Command Group: ['gcloud', 'transcoder']
2022-11-14 13:29:54,895 DEBUG    root            Loaded Command Group: ['gcloud', 'identity']
2022-11-14 13:29:54,896 DEBUG    root            Loaded Command Group: ['gcloud', 'tasks']
2022-11-14 13:29:54,897 DEBUG    root            No implementation for release track [GA] for element: [/usr/lib/google-cloud-sdk/lib/surface/media]
2022-11-14 13:29:54,897 DEBUG    root            Loaded Command Group: ['gcloud', 'asset']
2022-11-14 13:29:54,899 DEBUG    root            No implementation for release track [GA] for element: [/usr/lib/google-cloud-sdk/lib/surface/dialogflow]
2022-11-14 13:29:54,899 DEBUG    root            Loaded Command Group: ['gcloud', 'certificate_manager']
2022-11-14 13:29:54,900 DEBUG    root            Loaded Command Group: ['gcloud', 'resource_settings']
2022-11-14 13:29:54,902 DEBUG    root            Loaded Command Group: ['gcloud', 'network_management']
2022-11-14 13:29:54,903 DEBUG    root            No implementation for release track [GA] for element: [/usr/lib/google-cloud-sdk/lib/surface/datapipelines]
2022-11-14 13:29:54,904 DEBUG    root            No implementation for release track [GA] for element: [/usr/lib/google-cloud-sdk/lib/surface/code]
2022-11-14 13:29:54,904 DEBUG    root            Loaded Command Group: ['gcloud', 'monitoring']
2022-11-14 13:29:54,906 DEBUG    root            Loaded Command Group: ['gcloud', 'memcache']
2022-11-14 13:29:54,907 DEBUG    root            Loaded Command Group: ['gcloud', 'notebooks']
2022-11-14 13:29:54,908 DEBUG    root            Loaded Command Group: ['gcloud', 'filestore']
2022-11-14 13:29:54,909 DEBUG    root            Loaded Command Group: ['gcloud', 'redis']
2022-11-14 13:29:54,912 DEBUG    root            Loaded Command Group: ['gcloud', 'bigtable']
2022-11-14 13:29:54,913 DEBUG    root            Loaded Command Group: ['gcloud', 'datastore']
2022-11-14 13:29:54,915 DEBUG    root            Loaded Command Group: ['gcloud', 'emulators']
2022-11-14 13:29:54,916 DEBUG    root            Loaded Command Group: ['gcloud', 'edge_cloud']
2022-11-14 13:29:54,917 DEBUG    root            No implementation for release track [GA] for element: [/usr/lib/google-cloud-sdk/lib/surface/genomics]
2022-11-14 13:29:54,917 DEBUG    root            No implementation for release track [GA] for element: [/usr/lib/google-cloud-sdk/lib/surface/beyondcorp]
2022-11-14 13:29:54,918 DEBUG    root            Loaded Command Group: ['gcloud', 'recaptcha']
2022-11-14 13:29:54,919 DEBUG    root            Loaded Command Group: ['gcloud', 'network_services']
2022-11-14 13:29:54,921 DEBUG    root            Loaded Command Group: ['gcloud', 'feedback']
2022-11-14 13:29:54,922 DEBUG    root            Loaded Command Group: ['gcloud', 'network_connectivity']
2022-11-14 13:29:54,923 DEBUG    root            Loaded Command Group: ['gcloud', 'org_policies']
2022-11-14 13:29:54,925 DEBUG    root            Loaded Command Group: ['gcloud', 'projects']
2022-11-14 13:29:54,926 DEBUG    root            Loaded Command Group: ['gcloud', 'privateca']
2022-11-14 13:29:54,928 DEBUG    root            Loaded Command Group: ['gcloud', 'topic']
2022-11-14 13:29:54,929 DEBUG    root            Loaded Command Group: ['gcloud', 'iot']
2022-11-14 13:29:54,931 DEBUG    root            No implementation for release track [GA] for element: [/usr/lib/google-cloud-sdk/lib/surface/alloydb]
2022-11-14 13:29:54,932 DEBUG    root            Loaded Command Group: ['gcloud', 'init']
2022-11-14 13:29:54,934 DEBUG    root            Loaded Command Group: ['gcloud', 'assured']
2022-11-14 13:29:54,935 DEBUG    root            No implementation for release track [GA] for element: [/usr/lib/google-cloud-sdk/lib/surface/remote_build_execution]
2022-11-14 13:29:54,936 DEBUG    root            Loaded Command Group: ['gcloud', 'logging']
2022-11-14 13:29:54,937 DEBUG    root            Loaded Command Group: ['gcloud', 'transfer']
2022-11-14 13:29:54,938 DEBUG    root            Loaded Command Group: ['gcloud', 'dataproc']
2022-11-14 13:29:54,940 DEBUG    root            Loaded Command Group: ['gcloud', 'debug']
2022-11-14 13:29:54,941 DEBUG    root            Loaded Command Group: ['gcloud', 'recommender']
2022-11-14 13:29:54,943 DEBUG    root            Loaded Command Group: ['gcloud', 'cheat_sheet']
2022-11-14 13:29:54,944 DEBUG    root            Loaded Command Group: ['gcloud', 'data_catalog']
2022-11-14 13:29:54,946 DEBUG    root            Loaded Command Group: ['gcloud', 'database_migration']
2022-11-14 13:29:55,004 DEBUG    root            Loaded Command Group: ['gcloud', 'compute']
2022-11-14 13:29:55,007 DEBUG    root            Loaded Command Group: ['gcloud', 'scc']
2022-11-14 13:29:55,008 DEBUG    root            Loaded Command Group: ['gcloud', 'api_gateway']
2022-11-14 13:29:55,009 DEBUG    root            Loaded Command Group: ['gcloud', 'secrets']
2022-11-14 13:29:55,010 DEBUG    root            Loaded Command Group: ['gcloud', 'essential_contacts']
2022-11-14 13:29:55,012 DEBUG    root            Loaded Command Group: ['gcloud', 'source']
2022-11-14 13:29:55,013 DEBUG    root            Loaded Command Group: ['gcloud', 'workflows']
2022-11-14 13:29:55,014 DEBUG    root            Loaded Command Group: ['gcloud', 'access_approval']
2022-11-14 13:29:55,016 DEBUG    root            Loaded Command Group: ['gcloud', 'pubsub']
2022-11-14 13:29:55,017 DEBUG    root            Loaded Command Group: ['gcloud', 'artifacts']
2022-11-14 13:29:55,018 DEBUG    root            Loaded Command Group: ['gcloud', 'datastream']
2022-11-14 13:29:55,020 DEBUG    root            Loaded Command Group: ['gcloud', 'cloud_shell']
2022-11-14 13:29:55,022 DEBUG    root            Loaded Command Group: ['gcloud', 'docker']
2022-11-14 13:29:55,024 DEBUG    root            Loaded Command Group: ['gcloud', 'batch']
2022-11-14 13:29:55,025 DEBUG    root            Loaded Command Group: ['gcloud', 'resource_manager']
2022-11-14 13:29:55,027 DEBUG    root            No implementation for release track [GA] for element: [/usr/lib/google-cloud-sdk/lib/surface/web_security_scanner]
2022-11-14 13:29:55,030 DEBUG    root            Loaded Command Group: ['gcloud', 'survey']
2022-11-14 13:29:55,031 DEBUG    root            No implementation for release track [GA] for element: [/usr/lib/google-cloud-sdk/lib/surface/resource_config]
2022-11-14 13:29:55,031 DEBUG    root            Loaded Command Group: ['gcloud', 'sql']
2022-11-14 13:29:55,034 DEBUG    root            Loaded Command Group: ['gcloud', 'builds']
2022-11-14 13:29:55,035 DEBUG    root            No implementation for release track [GA] for element: [/usr/lib/google-cloud-sdk/lib/surface/kuberun]
2022-11-14 13:29:55,036 DEBUG    root            Loaded Command Group: ['gcloud', 'services']
2022-11-14 13:29:55,037 DEBUG    root            Loaded Command Group: ['gcloud', 'meta']
2022-11-14 13:29:55,039 DEBUG    root            Loaded Command Group: ['gcloud', 'firebase']
2022-11-14 13:29:55,040 DEBUG    root            Loaded Command Group: ['gcloud', 'service_directory']
2022-11-14 13:29:55,042 DEBUG    root            Loaded Command Group: ['gcloud', 'run']
2022-11-14 13:29:55,043 DEBUG    root            Loaded Command Group: ['gcloud', 'policy_intelligence']
2022-11-14 13:29:55,045 ERROR    root            (gcloud) Invalid choice: 'add'.
