2022-11-14 13:29:44,246 DEBUG    root            Loaded Command Group: ['gcloud', 'projects']
2022-11-14 13:29:44,291 DEBUG    root            Loaded Command Group: ['gcloud', 'network_management']
2022-11-14 13:29:44,314 DEBUG    root            Loaded Command Group: ['gcloud', 'notebooks']
2022-11-14 13:29:44,387 DEBUG    root            Loaded Command Group: ['gcloud', 'meta']
2022-11-14 13:29:44,417 DEBUG    root            Loaded Command Group: ['gcloud', 'resource_settings']
2022-11-14 13:29:44,421 DEBUG    root            Loaded Command Group: ['gcloud', 'init']
2022-11-14 13:29:44,458 DEBUG    root            Loaded Command Group: ['gcloud', 'tasks']
2022-11-14 13:29:44,475 DEBUG    root            Loaded Command Group: ['gcloud', 'resource_manager']
2022-11-14 13:29:44,499 DEBUG    root            Loaded Command Group: ['gcloud', 'service_directory']
2022-11-14 13:29:44,551 DEBUG    root            No implementation for release track [GA] for element: [/usr/lib/google-cloud-sdk/lib/surface/commerce_procurement]
2022-11-14 13:29:44,892 DEBUG    root            No implementation for release track [GA] for element: [/usr/lib/google-cloud-sdk/lib/surface/events]
2022-11-14 13:29:44,895 DEBUG    root            No implementation for release track [GA] for element: [/usr/lib/google-cloud-sdk/lib/surface/workstations]
2022-11-14 13:29:45,292 DEBUG    root            No implementation for release track [GA] for element: [/usr/lib/google-cloud-sdk/lib/surface/interactive]
2022-11-14 13:29:45,293 DEBUG    root            Loaded Command Group: ['gcloud', 'source']
2022-11-14 13:29:45,305 DEBUG    root            Loaded Command Group: ['gcloud', 'topic']
2022-11-14 13:29:45,316 DEBUG    root            Loaded Command Group: ['gcloud', 'bms']
2022-11-14 13:29:45,329 DEBUG    root            No implementation for release track [GA] for element: [/usr/lib/google-cloud-sdk/lib/surface/network_actions]
2022-11-14 13:29:45,383 DEBUG    root            Loaded Command Group: ['gcloud', 'builds']
2022-11-14 13:29:45,398 DEBUG    root            No implementation for release track [GA] for element: [/usr/lib/google-cloud-sdk/lib/surface/publicca]
2022-11-14 13:29:45,417 DEBUG    root            Loaded Command Group: ['gcloud', 'certificate_manager']
2022-11-14 13:29:45,423 DEBUG    root            Loaded Command Group: ['gcloud', 'identity']
2022-11-14 13:29:45,434 DEBUG    root            Loaded Command Group: ['gcloud', 'apigee']
2022-11-14 13:29:45,482 DEBUG    root            Loaded Command Group: ['gcloud', 'metastore']
2022-11-14 13:29:45,488 DEBUG    root            No implementation for release track [GA] for element: [/usr/lib/google-cloud-sdk/lib/surface/source_manager]
2022-11-14 13:29:45,489 DEBUG    root            Loaded Command Group: ['gcloud', 'network_security']
2022-11-14 13:29:45,497 DEBUG    root            Loaded Command Group: ['gcloud', 'scc']
2022-11-14 13:29:45,521 DEBUG    root            Loaded Command Group: ['gcloud', 'monitoring']
2022-11-14 13:29:45,547 DEBUG    root            Loaded Command Group: ['gcloud', 'firestore']
2022-11-14 13:29:45,600 DEBUG    root            Loaded Command Group: ['gcloud', 'functions']
2022-11-14 13:29:45,780 DEBUG    root            Loaded Command Group: ['gcloud', 'ml_engine']
2022-11-14 13:29:45,788 DEBUG    root            Loaded Command Group: ['gcloud', 'memcache']
2022-11-14 13:29:45,805 DEBUG    root            Loaded Command Group: ['gcloud', 'dataproc']
2022-11-14 13:29:45,839 DEBUG    root            Loaded Command Group: ['gcloud', 'run']
2022-11-14 13:29:45,869 DEBUG    root            Loaded Command Group: ['gcloud', 'data_catalog']
2022-11-14 13:29:45,875 DEBUG    root            Loaded Command Group: ['gcloud', 'pubsub']
2022-11-14 13:29:45,883 DEBUG    root            No implementation for release track [GA] for element: [/usr/lib/google-cloud-sdk/lib/surface/dlp]
2022-11-14 13:29:45,886 DEBUG    root            Loaded Command Group: ['gcloud', 'config']
2022-11-14 13:29:45,893 DEBUG    root            No implementation for release track [GA] for element: [/usr/lib/google-cloud-sdk/lib/surface/bq]
2022-11-14 13:29:45,895 DEBUG    root            Loaded Command Group: ['gcloud', 'components']
2022-11-14 13:29:45,931 DEBUG    root            No implementation for release track [GA] for element: [/usr/lib/google-cloud-sdk/lib/surface/datapipelines]
2022-11-14 13:29:45,933 DEBUG    root            Loaded Command Group: ['gcloud', 'dns']
2022-11-14 13:29:45,941 DEBUG    root            Loaded Command Group: ['gcloud', 'spanner']
2022-11-14 13:29:45,949 DEBUG    root            No implementation for release track [GA] for element: [/usr/lib/google-cloud-sdk/lib/surface/alloydb]
2022-11-14 13:29:45,975 DEBUG    root            No implementation for release track [GA] for element: [/usr/lib/google-cloud-sdk/lib/surface/microservices]
2022-11-14 13:29:45,975 DEBUG    root            Loaded Command Group: ['gcloud', 'auth']
2022-11-14 13:29:45,980 DEBUG    root            No implementation for release track [GA] for element: [/usr/lib/google-cloud-sdk/lib/surface/immersive_stream]
2022-11-14 13:29:45,981 DEBUG    root            Loaded Command Group: ['gcloud', 'network_connectivity']
2022-11-14 13:29:46,000 DEBUG    root            Loaded Command Group: ['gcloud', 'feedback']
2022-11-14 13:29:46,004 DEBUG    root            Loaded Command Group: ['gcloud', 'privateca']
2022-11-14 13:29:46,011 DEBUG    root            Loaded Command Group: ['gcloud', 'recommender']
2022-11-14 13:29:46,016 DEBUG    root            No implementation for release track [GA] for element: [/usr/lib/google-cloud-sdk/lib/surface/dialogflow]
2022-11-14 13:29:46,028 DEBUG    root            Loaded Command Group: ['gcloud', 'org_policies']
2022-11-14 13:29:46,032 DEBUG    root            Loaded Command Group: ['gcloud', 'workspace_add_ons']
2022-11-14 13:29:46,036 DEBUG    root            Loaded Command Group: ['gcloud', 'redis']
2022-11-14 13:29:46,062 DEBUG    root            Loaded Command Group: ['gcloud', 'vmware']
2022-11-14 13:29:46,069 DEBUG    root            No implementation for release track [GA] for element: [/usr/lib/google-cloud-sdk/lib/surface/web_security_scanner]
2022-11-14 13:29:46,070 DEBUG    root            No implementation for release track [GA] for element: [/usr/lib/google-cloud-sdk/lib/surface/genomics]
2022-11-14 13:29:46,079 DEBUG    root            Loaded Command Group: ['gcloud', 'access_approval']
2022-11-14 13:29:46,102 DEBUG    root            Loaded Command Group: ['gcloud', 'database_migration']
2022-11-14 13:29:46,107 DEBUG    root            Loaded Command Group: ['gcloud', 'essential_contacts']
2022-11-14 13:29:46,110 DEBUG    root            Loaded Command Group: ['gcloud', 'edge_cache']
2022-11-14 13:29:46,136 DEBUG    root            Loaded Command Group: ['gcloud', 'survey']
2022-11-14 13:29:46,175 DEBUG    root            Loaded Command Group: ['gcloud', 'docker']
2022-11-14 13:29:46,178 DEBUG    root            Loaded Command Group: ['gcloud', 'batch']
2022-11-14 13:29:46,185 DEBUG    root            Loaded Command Group: ['gcloud', 'info']
2022-11-14 13:29:46,187 DEBUG    root            Loaded Command Group: ['gcloud', 'iam']
2022-11-14 13:29:46,217 DEBUG    root            Loaded Command Group: ['gcloud', 'asset']
2022-11-14 13:29:46,225 DEBUG    root            Loaded Command Group: ['gcloud', 'artifacts']
2022-11-14 13:29:46,248 DEBUG    root            No implementation for release track [GA] for element: [/usr/lib/google-cloud-sdk/lib/surface/error_reporting]
2022-11-14 13:29:46,251 DEBUG    root            No implementation for release track [GA] for element: [/usr/lib/google-cloud-sdk/lib/surface/data_fusion]
2022-11-14 13:29:46,253 DEBUG    root            Loaded Command Group: ['gcloud', 'secrets']
2022-11-14 13:29:46,260 DEBUG    root            Loaded Command Group: ['gcloud', 'workflows']
2022-11-14 13:29:46,264 DEBUG    root            Loaded Command Group: ['gcloud', 'firebase']
2022-11-14 13:29:46,268 DEBUG    root            Loaded Command Group: ['gcloud', 'iot']
2022-11-14 13:29:46,271 DEBUG    root            Loaded Command Group: ['gcloud', 'ml']
2022-11-14 13:29:46,277 DEBUG    root            No implementation for release track [GA] for element: [/usr/lib/google-cloud-sdk/lib/surface/media]
2022-11-14 13:29:46,316 DEBUG    root            Loaded Command Group: ['gcloud', 'sql']
2022-11-14 13:29:46,326 DEBUG    root            Loaded Command Group: ['gcloud', 'network_services']
2022-11-14 13:29:46,334 DEBUG    root            Loaded Command Group: ['gcloud', 'scheduler']
2022-11-14 13:29:46,356 DEBUG    root            Loaded Command Group: ['gcloud', 'app']
2022-11-14 13:29:46,385 DEBUG    root            No implementation for release track [GA] for element: [/usr/lib/google-cloud-sdk/lib/surface/beyondcorp]
2022-11-14 13:29:46,387 DEBUG    root            Loaded Command Group: ['gcloud', 'game']
2022-11-14 13:29:46,392 DEBUG    root            No implementation for release track [GA] for element: [/usr/lib/google-cloud-sdk/lib/surface/kuberun]
2022-11-14 13:29:46,395 DEBUG    root            Loaded Command Group: ['gcloud', 'deployment_manager']
2022-11-14 13:29:46,409 DEBUG    root            Loaded Command Group: ['gcloud', 'api_gateway']
2022-11-14 13:29:46,417 DEBUG    root            Loaded Command Group: ['gcloud', 'anthos']
2022-11-14 13:29:46,421 DEBUG    root            No implementation for release track [GA] for element: [/usr/lib/google-cloud-sdk/lib/surface/trace]
2022-11-14 13:29:46,422 DEBUG    root            Loaded Command Group: ['gcloud', 'emulators']
2022-11-14 13:29:46,439 DEBUG    root            Loaded Command Group: ['gcloud', 'domains']
2022-11-14 13:29:46,461 DEBUG    root            Loaded Command Group: ['gcloud', 'composer']
2022-11-14 13:29:46,465 DEBUG    root            Loaded Command Group: ['gcloud', 'ids']
2022-11-14 13:29:46,483 DEBUG    root            Loaded Command Group: ['gcloud', 'ai']
2022-11-14 13:29:46,492 DEBUG    root            Loaded Command Group: ['gcloud', 'organizations']
2022-11-14 13:29:46,495 DEBUG    root            Loaded Command Group: ['gcloud', 'billing']
2022-11-14 13:29:46,498 DEBUG    root            Loaded Command Group: ['gcloud', 'iap']
2022-11-14 13:29:46,511 DEBUG    root            No implementation for release track [GA] for element: [/usr/lib/google-cloud-sdk/lib/surface/lifesciences]
2022-11-14 13:29:46,518 DEBUG    root            Loaded Command Group: ['gcloud', 'dataflow']
2022-11-14 13:29:46,524 DEBUG    root            Loaded Command Group: ['gcloud', 'datastore']
2022-11-14 13:29:46,528 DEBUG    root            Loaded Command Group: ['gcloud', 'healthcare']
2022-11-14 13:29:46,534 DEBUG    root            No implementation for release track [GA] for element: [/usr/lib/google-cloud-sdk/lib/surface/resource_config]
2022-11-14 13:29:46,537 DEBUG    root            Loaded Command Group: ['gcloud', 'deploy']
2022-11-14 13:29:46,543 DEBUG    root            No implementation for release track [GA] for element: [/usr/lib/google-cloud-sdk/lib/surface/runtime_config]
2022-11-14 13:29:46,544 DEBUG    root            Loaded Command Group: ['gcloud', 'kms']
2022-11-14 13:29:46,550 DEBUG    root            Loaded Command Group: ['gcloud', 'recaptcha']
2022-11-14 13:29:46,564 DEBUG    root            Loaded Command Group: ['gcloud', 'debug']
2022-11-14 13:29:46,569 DEBUG    root            Loaded Command Group: ['gcloud', 'policy_troubleshoot']
2022-11-14 13:29:46,571 DEBUG    root            Loaded Command Group: ['gcloud', 'edge_cloud']
2022-11-14 13:29:46,584 DEBUG    root            Loaded Command Group: ['gcloud', 'cloud_shell']
2022-11-14 13:29:46,587 DEBUG    root            Loaded Command Group: ['gcloud', 'eventarc']
2022-11-14 13:29:46,594 DEBUG    root            Loaded Command Group: ['gcloud', 'services']
2022-11-14 13:29:46,599 DEBUG    root            Loaded Command Group: ['gcloud', 'logging']
2022-11-14 13:29:46,604 DEBUG    root            Loaded Command Group: ['gcloud', 'version']
2022-11-14 13:29:46,634 DEBUG    root            Loaded Command Group: ['gcloud', 'cheat_sheet']
2022-11-14 13:29:46,665 DEBUG    root            Loaded Command Group: ['gcloud', 'active_directory']
2022-11-14 13:29:46,670 DEBUG    root            Loaded Command Group: ['gcloud', 'access_context_manager']
2022-11-14 13:29:46,698 DEBUG    root            No implementation for release track [GA] for element: [/usr/lib/google-cloud-sdk/lib/surface/code]
2022-11-14 13:29:46,700 DEBUG    root            Loaded Command Group: ['gcloud', 'filestore']
2022-11-14 13:29:46,761 DEBUG    root            Loaded Command Group: ['gcloud', 'compute']
2022-11-14 13:29:46,768 DEBUG    root            Loaded Command Group: ['gcloud', 'assured']
2022-11-14 13:29:46,772 DEBUG    root            No implementation for release track [GA] for element: [/usr/lib/google-cloud-sdk/lib/surface/blueprints]
2022-11-14 13:29:46,773 DEBUG    root            Loaded Command Group: ['gcloud', 'datastream']
2022-11-14 13:29:46,781 DEBUG    root            Loaded Command Group: ['gcloud', 'transfer']
2022-11-14 13:29:46,790 DEBUG    root            Loaded Command Group: ['gcloud', 'help']
2022-11-14 13:29:46,794 DEBUG    root            Loaded Command Group: ['gcloud', 'policy_intelligence']
2022-11-14 13:29:46,798 DEBUG    root            Loaded Command Group: ['gcloud', 'endpoints']
2022-11-14 13:29:46,804 DEBUG    root            No implementation for release track [GA] for element: [/usr/lib/google-cloud-sdk/lib/surface/terraform]
2022-11-14 13:29:46,804 DEBUG    root            Loaded Command Group: ['gcloud', 'ai_platform']
2022-11-14 13:29:46,808 DEBUG    root            Loaded Command Group: ['gcloud', 'transcoder']
2022-11-14 13:29:46,812 DEBUG    root            Loaded Command Group: ['gcloud', 'storage']
2022-11-14 13:29:46,817 DEBUG    root            Loaded Command Group: ['gcloud', 'dataplex']
2022-11-14 13:29:46,822 DEBUG    root            No implementation for release track [GA] for element: [/usr/lib/google-cloud-sdk/lib/surface/remote_build_execution]
2022-11-14 13:29:46,863 DEBUG    root            Loaded Command Group: ['gcloud', 'bigtable']
2022-11-14 13:29:46,869 ERROR    root            (gcloud) Invalid choice: 'add'.
