2022-11-14 13:48:59,250 DEBUG    root            Loaded Command Group: ['gcloud', 'init']
2022-11-14 13:48:59,253 DEBUG    root            Running [gcloud.init] with arguments: []
2022-11-14 13:48:59,253 INFO     ___FILE_ONLY___ Welcome! This command will take you through the configuration of gcloud.


2022-11-14 13:48:59,254 INFO     ___FILE_ONLY___ Settings from your current configuration [default] are:

2022-11-14 13:48:59,261 INFO     ___FILE_ONLY___ core:
  account: 554650739751-compute@developer.gserviceaccount.com
  disable_usage_reporting: 'True'
  project: insight-tool-321814

2022-11-14 13:48:59,261 INFO     ___FILE_ONLY___ 

2022-11-14 13:49:58,225 DEBUG    root            (gcloud.init) Invalid name [divaygarg@deloitte.com] for a configuration.  Except for special cases (NONE), configuration names start with a lower case letter and contain only lower case letters a-z, digits 0-9, and hyphens '-'.
Traceback (most recent call last):
  File "/usr/lib/google-cloud-sdk/lib/googlecloudsdk/calliope/cli.py", line 987, in Execute
    resources = calliope_command.Run(cli=self, args=args)
  File "/usr/lib/google-cloud-sdk/lib/googlecloudsdk/calliope/backend.py", line 807, in Run
    resources = command_instance.Run(args)
  File "/usr/lib/google-cloud-sdk/lib/surface/init.py", line 133, in Run
    configuration_name = self._PickConfiguration()
  File "/usr/lib/google-cloud-sdk/lib/surface/init.py", line 297, in _PickConfiguration
    return self._CreateConfiguration()
  File "/usr/lib/google-cloud-sdk/lib/surface/init.py", line 449, in _CreateConfiguration
    named_configs.ConfigurationStore.CreateConfig(configuration_name)
  File "/usr/lib/google-cloud-sdk/lib/googlecloudsdk/core/configurations/named_configs.py", line 230, in CreateConfig
    _EnsureValidConfigName(config_name, allow_reserved=False)
  File "/usr/lib/google-cloud-sdk/lib/googlecloudsdk/core/configurations/named_configs.py", line 612, in _EnsureValidConfigName
    raise InvalidConfigName(config_name)
googlecloudsdk.core.configurations.named_configs.InvalidConfigName: Invalid name [divaygarg@deloitte.com] for a configuration.  Except for special cases (NONE), configuration names start with a lower case letter and contain only lower case letters a-z, digits 0-9, and hyphens '-'.
2022-11-14 13:49:58,240 ERROR    root            (gcloud.init) Invalid name [divaygarg@deloitte.com] for a configuration.  Except for special cases (NONE), configuration names start with a lower case letter and contain only lower case letters a-z, digits 0-9, and hyphens '-'.
