2022-11-14 14:42:54,742 DEBUG    root            Loaded Command Group: ['gcloud', 'container', 'images']
2022-11-14 14:42:55,271 DEBUG    root            Loaded Command Group: ['gcloud', 'container', 'images', 'list']
2022-11-14 14:42:55,284 DEBUG    google.auth.transport.requests Making request: GET http://metadata.google.internal/computeMetadata/v1/instance/service-accounts/554650739751-compute@developer.gserviceaccount.com/?recursive=true
2022-11-14 14:42:55,286 DEBUG    urllib3.connectionpool Starting new HTTP connection (1): metadata.google.internal:80
2022-11-14 14:42:55,289 DEBUG    urllib3.connectionpool http://metadata.google.internal:80 "GET /computeMetadata/v1/instance/service-accounts/554650739751-compute@developer.gserviceaccount.com/?recursive=true HTTP/1.1" 200 155
2022-11-14 14:42:55,290 DEBUG    google.auth.transport.requests Making request: GET http://metadata.google.internal/computeMetadata/v1/instance/service-accounts/554650739751-compute@developer.gserviceaccount.com/token
2022-11-14 14:42:55,293 DEBUG    urllib3.connectionpool http://metadata.google.internal:80 "GET /computeMetadata/v1/instance/service-accounts/554650739751-compute@developer.gserviceaccount.com/token HTTP/1.1" 200 269
2022-11-14 14:42:55,310 DEBUG    google.auth.transport.requests Making request: GET http://metadata.google.internal/computeMetadata/v1/instance/service-accounts/554650739751-compute@developer.gserviceaccount.com/?recursive=true
2022-11-14 14:42:55,312 DEBUG    urllib3.connectionpool Starting new HTTP connection (1): metadata.google.internal:80
2022-11-14 14:42:55,314 DEBUG    urllib3.connectionpool http://metadata.google.internal:80 "GET /computeMetadata/v1/instance/service-accounts/554650739751-compute@developer.gserviceaccount.com/?recursive=true HTTP/1.1" 200 155
2022-11-14 14:42:55,315 DEBUG    google.auth.transport.requests Making request: GET http://metadata.google.internal/computeMetadata/v1/instance/service-accounts/554650739751-compute@developer.gserviceaccount.com/token
2022-11-14 14:42:55,318 DEBUG    urllib3.connectionpool http://metadata.google.internal:80 "GET /computeMetadata/v1/instance/service-accounts/554650739751-compute@developer.gserviceaccount.com/token HTTP/1.1" 200 269
2022-11-14 14:42:55,389 DEBUG    root            Running [gcloud.container.images.list] with arguments: [--repository: "gcr.io/insight-tool-321814/docker_test_insight"]
2022-11-14 14:42:55,393 DEBUG    urllib3.connectionpool Starting new HTTPS connection (1): gcr.io:443
2022-11-14 14:42:55,411 DEBUG    urllib3.connectionpool https://gcr.io:443 "GET /v2/ HTTP/1.1" 401 None
2022-11-14 14:42:55,415 DEBUG    google.auth.transport.requests Making request: GET http://metadata.google.internal/computeMetadata/v1/instance/service-accounts/554650739751-compute@developer.gserviceaccount.com/?recursive=true
2022-11-14 14:42:55,417 DEBUG    urllib3.connectionpool Starting new HTTP connection (1): metadata.google.internal:80
2022-11-14 14:42:55,419 DEBUG    urllib3.connectionpool http://metadata.google.internal:80 "GET /computeMetadata/v1/instance/service-accounts/554650739751-compute@developer.gserviceaccount.com/?recursive=true HTTP/1.1" 200 155
2022-11-14 14:42:55,420 DEBUG    google.auth.transport.requests Making request: GET http://metadata.google.internal/computeMetadata/v1/instance/service-accounts/554650739751-compute@developer.gserviceaccount.com/token
2022-11-14 14:42:55,423 DEBUG    urllib3.connectionpool http://metadata.google.internal:80 "GET /computeMetadata/v1/instance/service-accounts/554650739751-compute@developer.gserviceaccount.com/token HTTP/1.1" 200 269
2022-11-14 14:42:55,455 DEBUG    urllib3.connectionpool https://gcr.io:443 "GET /v2/token?scope=repository%3Ainsight-tool-321814%2Fdocker_test_insight%3Apull&service=gcr.io HTTP/1.1" 200 None
2022-11-14 14:42:55,594 DEBUG    urllib3.connectionpool https://gcr.io:443 "GET /v2/insight-tool-321814/docker_test_insight/tags/list HTTP/1.1" 200 None
2022-11-14 14:42:55,596 INFO     root            Display format: "table(name)"
2022-11-14 14:42:55,598 INFO     ___FILE_ONLY___ NAME
2022-11-14 14:42:55,598 INFO     ___FILE_ONLY___ 

2022-11-14 14:42:55,598 INFO     ___FILE_ONLY___ gcr.io/insight-tool-321814/docker_test_insight/house_test
2022-11-14 14:42:55,598 INFO     ___FILE_ONLY___ 

2022-11-14 14:42:55,599 INFO     ___FILE_ONLY___ gcr.io/insight-tool-321814/docker_test_insight/prediction
2022-11-14 14:42:55,599 INFO     ___FILE_ONLY___ 

2022-11-14 14:42:55,599 INFO     ___FILE_ONLY___ gcr.io/insight-tool-321814/docker_test_insight/prediction_cloudbuild_test_2
2022-11-14 14:42:55,599 INFO     ___FILE_ONLY___ 

2022-11-14 14:42:55,600 INFO     ___FILE_ONLY___ gcr.io/insight-tool-321814/docker_test_insight/preprocessing
2022-11-14 14:42:55,600 INFO     ___FILE_ONLY___ 

2022-11-14 14:42:55,600 INFO     ___FILE_ONLY___ gcr.io/insight-tool-321814/docker_test_insight/preprocessing_cloudbuild_test
2022-11-14 14:42:55,600 INFO     ___FILE_ONLY___ 

2022-11-14 14:42:55,600 INFO     ___FILE_ONLY___ gcr.io/insight-tool-321814/docker_test_insight/preprocessing_cloudbuild_test_2
2022-11-14 14:42:55,601 INFO     ___FILE_ONLY___ 

2022-11-14 14:42:55,601 INFO     ___FILE_ONLY___ gcr.io/insight-tool-321814/docker_test_insight/training
2022-11-14 14:42:55,601 INFO     ___FILE_ONLY___ 

2022-11-14 14:42:55,601 INFO     ___FILE_ONLY___ gcr.io/insight-tool-321814/docker_test_insight/training_cloudbuild_test
2022-11-14 14:42:55,601 INFO     ___FILE_ONLY___ 

2022-11-14 14:42:55,601 INFO     ___FILE_ONLY___ gcr.io/insight-tool-321814/docker_test_insight/training_cloudbuild_test_2
2022-11-14 14:42:55,602 INFO     ___FILE_ONLY___ 

2022-11-14 14:42:55,602 DEBUG    root            SDK update checks are disabled.
