2022-11-28 08:07:15,643 DEBUG    root            Loaded Command Group: ['gcloud', 'run']
2022-11-28 08:07:15,684 DEBUG    root            Loaded Command Group: ['gcloud', 'run', 'deploy']
2022-11-28 08:07:15,702 DEBUG    root            Running [gcloud.run.deploy] with arguments: [--image: "gcr.io/insight-tool-321814/docker_test_insight/flask:latest2"]
2022-11-28 08:07:21,416 DEBUG    google.auth.transport.requests Making request: GET http://metadata.google.internal/computeMetadata/v1/instance/service-accounts/554650739751-compute@developer.gserviceaccount.com/?recursive=true
2022-11-28 08:07:21,418 DEBUG    urllib3.connectionpool Starting new HTTP connection (1): metadata.google.internal:80
2022-11-28 08:07:21,420 DEBUG    urllib3.connectionpool http://metadata.google.internal:80 "GET /computeMetadata/v1/instance/service-accounts/554650739751-compute@developer.gserviceaccount.com/?recursive=true HTTP/1.1" 200 155
2022-11-28 08:07:21,421 DEBUG    google.auth.transport.requests Making request: GET http://metadata.google.internal/computeMetadata/v1/instance/service-accounts/554650739751-compute@developer.gserviceaccount.com/token
2022-11-28 08:07:21,424 DEBUG    urllib3.connectionpool http://metadata.google.internal:80 "GET /computeMetadata/v1/instance/service-accounts/554650739751-compute@developer.gserviceaccount.com/token HTTP/1.1" 200 265
2022-11-28 08:07:21,438 DEBUG    google.auth.transport.requests Making request: GET http://metadata.google.internal/computeMetadata/v1/instance/service-accounts/554650739751-compute@developer.gserviceaccount.com/?recursive=true
2022-11-28 08:07:21,440 DEBUG    urllib3.connectionpool Starting new HTTP connection (1): metadata.google.internal:80
2022-11-28 08:07:21,442 DEBUG    urllib3.connectionpool http://metadata.google.internal:80 "GET /computeMetadata/v1/instance/service-accounts/554650739751-compute@developer.gserviceaccount.com/?recursive=true HTTP/1.1" 200 155
2022-11-28 08:07:21,443 DEBUG    google.auth.transport.requests Making request: GET http://metadata.google.internal/computeMetadata/v1/instance/service-accounts/554650739751-compute@developer.gserviceaccount.com/token
2022-11-28 08:07:21,446 DEBUG    urllib3.connectionpool http://metadata.google.internal:80 "GET /computeMetadata/v1/instance/service-accounts/554650739751-compute@developer.gserviceaccount.com/token HTTP/1.1" 200 265
2022-11-28 08:07:21,510 DEBUG    urllib3.connectionpool Starting new HTTPS connection (1): run.googleapis.com:443
2022-11-28 08:07:21,638 DEBUG    urllib3.connectionpool https://run.googleapis.com:443 "GET /v1/projects/insight-tool-321814/locations?alt=json&pageSize=100 HTTP/1.1" 200 None
2022-11-28 08:07:33,369 INFO     ___FILE_ONLY___ To make this the default region, run `gcloud config set run/region asia-south1`.


2022-11-28 08:07:33,375 DEBUG    google.auth.transport.requests Making request: GET http://metadata.google.internal/computeMetadata/v1/instance/service-accounts/554650739751-compute@developer.gserviceaccount.com/?recursive=true
2022-11-28 08:07:33,377 DEBUG    urllib3.connectionpool Starting new HTTP connection (1): metadata.google.internal:80
2022-11-28 08:07:33,380 DEBUG    urllib3.connectionpool http://metadata.google.internal:80 "GET /computeMetadata/v1/instance/service-accounts/554650739751-compute@developer.gserviceaccount.com/?recursive=true HTTP/1.1" 200 155
2022-11-28 08:07:33,380 DEBUG    google.auth.transport.requests Making request: GET http://metadata.google.internal/computeMetadata/v1/instance/service-accounts/554650739751-compute@developer.gserviceaccount.com/token
2022-11-28 08:07:33,383 DEBUG    urllib3.connectionpool http://metadata.google.internal:80 "GET /computeMetadata/v1/instance/service-accounts/554650739751-compute@developer.gserviceaccount.com/token HTTP/1.1" 200 266
2022-11-28 08:07:33,395 DEBUG    google.auth.transport.requests Making request: GET http://metadata.google.internal/computeMetadata/v1/instance/service-accounts/554650739751-compute@developer.gserviceaccount.com/?recursive=true
2022-11-28 08:07:33,397 DEBUG    urllib3.connectionpool Starting new HTTP connection (1): metadata.google.internal:80
2022-11-28 08:07:33,399 DEBUG    urllib3.connectionpool http://metadata.google.internal:80 "GET /computeMetadata/v1/instance/service-accounts/554650739751-compute@developer.gserviceaccount.com/?recursive=true HTTP/1.1" 200 155
2022-11-28 08:07:33,400 DEBUG    google.auth.transport.requests Making request: GET http://metadata.google.internal/computeMetadata/v1/instance/service-accounts/554650739751-compute@developer.gserviceaccount.com/token
2022-11-28 08:07:33,403 DEBUG    urllib3.connectionpool http://metadata.google.internal:80 "GET /computeMetadata/v1/instance/service-accounts/554650739751-compute@developer.gserviceaccount.com/token HTTP/1.1" 200 266
2022-11-28 08:07:33,414 DEBUG    google.auth.transport.requests Making request: GET http://metadata.google.internal/computeMetadata/v1/instance/service-accounts/554650739751-compute@developer.gserviceaccount.com/?recursive=true
2022-11-28 08:07:33,416 DEBUG    urllib3.connectionpool Starting new HTTP connection (1): metadata.google.internal:80
2022-11-28 08:07:33,418 DEBUG    urllib3.connectionpool http://metadata.google.internal:80 "GET /computeMetadata/v1/instance/service-accounts/554650739751-compute@developer.gserviceaccount.com/?recursive=true HTTP/1.1" 200 155
2022-11-28 08:07:33,419 DEBUG    google.auth.transport.requests Making request: GET http://metadata.google.internal/computeMetadata/v1/instance/service-accounts/554650739751-compute@developer.gserviceaccount.com/token
2022-11-28 08:07:33,422 DEBUG    urllib3.connectionpool http://metadata.google.internal:80 "GET /computeMetadata/v1/instance/service-accounts/554650739751-compute@developer.gserviceaccount.com/token HTTP/1.1" 200 266
2022-11-28 08:07:33,428 DEBUG    google.auth.transport.requests Making request: GET http://metadata.google.internal/computeMetadata/v1/instance/service-accounts/554650739751-compute@developer.gserviceaccount.com/?recursive=true
2022-11-28 08:07:33,430 DEBUG    urllib3.connectionpool Starting new HTTP connection (1): metadata.google.internal:80
2022-11-28 08:07:33,431 DEBUG    urllib3.connectionpool http://metadata.google.internal:80 "GET /computeMetadata/v1/instance/service-accounts/554650739751-compute@developer.gserviceaccount.com/?recursive=true HTTP/1.1" 200 155
2022-11-28 08:07:33,432 DEBUG    google.auth.transport.requests Making request: GET http://metadata.google.internal/computeMetadata/v1/instance/service-accounts/554650739751-compute@developer.gserviceaccount.com/token
2022-11-28 08:07:33,435 DEBUG    urllib3.connectionpool http://metadata.google.internal:80 "GET /computeMetadata/v1/instance/service-accounts/554650739751-compute@developer.gserviceaccount.com/token HTTP/1.1" 200 266
2022-11-28 08:07:33,442 DEBUG    urllib3.connectionpool Starting new HTTPS connection (1): asia-south1-run.googleapis.com:443
2022-11-28 08:07:34,852 DEBUG    urllib3.connectionpool https://asia-south1-run.googleapis.com:443 "GET /apis/serving.knative.dev/v1/namespaces/insight-tool-321814/services/firstflask?alt=json HTTP/1.1" 404 None
2022-11-28 08:07:34,857 DEBUG    urllib3.connectionpool Starting new HTTPS connection (1): asia-south1-run.googleapis.com:443
2022-11-28 08:07:36,594 DEBUG    urllib3.connectionpool https://asia-south1-run.googleapis.com:443 "POST /v1/projects/insight-tool-321814/locations/asia-south1/services/firstflask:testIamPermissions?alt=json HTTP/1.1" 200 None
2022-11-28 08:07:36,596 INFO     ___FILE_ONLY___ This service will require authentication to be invoked.

2022-11-28 08:07:36,597 INFO     ___FILE_ONLY___ Deploying container to Cloud Run service [[1mfirstflask[m] in project [[1minsight-tool-321814[m] region [[1masia-south1[m]

2022-11-28 08:07:36,598 INFO     ___FILE_ONLY___ Deploying new service...
2022-11-28 08:07:36,604 DEBUG    urllib3.connectionpool Starting new HTTPS connection (1): asia-south1-run.googleapis.com:443
2022-11-28 08:07:38,339 DEBUG    urllib3.connectionpool https://asia-south1-run.googleapis.com:443 "POST /apis/serving.knative.dev/v1/namespaces/insight-tool-321814/services?alt=json HTTP/1.1" 200 None
2022-11-28 08:07:38,347 DEBUG    urllib3.connectionpool Starting new HTTPS connection (1): asia-south1-run.googleapis.com:443
2022-11-28 08:07:39,721 DEBUG    urllib3.connectionpool https://asia-south1-run.googleapis.com:443 "GET /apis/serving.knative.dev/v1/namespaces/insight-tool-321814/services/firstflask?alt=json HTTP/1.1" 200 None
2022-11-28 08:07:40,730 DEBUG    urllib3.connectionpool Starting new HTTPS connection (1): asia-south1-run.googleapis.com:443
2022-11-28 08:07:42,118 DEBUG    urllib3.connectionpool https://asia-south1-run.googleapis.com:443 "GET /apis/serving.knative.dev/v1/namespaces/insight-tool-321814/services/firstflask?alt=json HTTP/1.1" 200 None
2022-11-28 08:07:43,127 DEBUG    urllib3.connectionpool Starting new HTTPS connection (1): asia-south1-run.googleapis.com:443
2022-11-28 08:07:44,520 DEBUG    urllib3.connectionpool https://asia-south1-run.googleapis.com:443 "GET /apis/serving.knative.dev/v1/namespaces/insight-tool-321814/services/firstflask?alt=json HTTP/1.1" 200 None
2022-11-28 08:07:45,529 DEBUG    urllib3.connectionpool Starting new HTTPS connection (1): asia-south1-run.googleapis.com:443
2022-11-28 08:07:46,923 DEBUG    urllib3.connectionpool https://asia-south1-run.googleapis.com:443 "GET /apis/serving.knative.dev/v1/namespaces/insight-tool-321814/services/firstflask?alt=json HTTP/1.1" 200 None
2022-11-28 08:07:47,932 DEBUG    urllib3.connectionpool Starting new HTTPS connection (1): asia-south1-run.googleapis.com:443
2022-11-28 08:07:49,344 DEBUG    urllib3.connectionpool https://asia-south1-run.googleapis.com:443 "GET /apis/serving.knative.dev/v1/namespaces/insight-tool-321814/services/firstflask?alt=json HTTP/1.1" 200 None
2022-11-28 08:07:50,353 DEBUG    urllib3.connectionpool Starting new HTTPS connection (1): asia-south1-run.googleapis.com:443
2022-11-28 08:07:51,768 DEBUG    urllib3.connectionpool https://asia-south1-run.googleapis.com:443 "GET /apis/serving.knative.dev/v1/namespaces/insight-tool-321814/services/firstflask?alt=json HTTP/1.1" 200 None
2022-11-28 08:07:52,776 DEBUG    urllib3.connectionpool Starting new HTTPS connection (1): asia-south1-run.googleapis.com:443
2022-11-28 08:07:54,133 DEBUG    urllib3.connectionpool https://asia-south1-run.googleapis.com:443 "GET /apis/serving.knative.dev/v1/namespaces/insight-tool-321814/services/firstflask?alt=json HTTP/1.1" 200 None
2022-11-28 08:07:55,142 DEBUG    urllib3.connectionpool Starting new HTTPS connection (1): asia-south1-run.googleapis.com:443
2022-11-28 08:07:56,514 DEBUG    urllib3.connectionpool https://asia-south1-run.googleapis.com:443 "GET /apis/serving.knative.dev/v1/namespaces/insight-tool-321814/services/firstflask?alt=json HTTP/1.1" 200 None
2022-11-28 08:07:57,522 DEBUG    urllib3.connectionpool Starting new HTTPS connection (1): asia-south1-run.googleapis.com:443
2022-11-28 08:07:58,915 DEBUG    urllib3.connectionpool https://asia-south1-run.googleapis.com:443 "GET /apis/serving.knative.dev/v1/namespaces/insight-tool-321814/services/firstflask?alt=json HTTP/1.1" 200 None
2022-11-28 08:07:59,924 DEBUG    urllib3.connectionpool Starting new HTTPS connection (1): asia-south1-run.googleapis.com:443
2022-11-28 08:08:01,310 DEBUG    urllib3.connectionpool https://asia-south1-run.googleapis.com:443 "GET /apis/serving.knative.dev/v1/namespaces/insight-tool-321814/services/firstflask?alt=json HTTP/1.1" 200 None
2022-11-28 08:08:02,325 DEBUG    urllib3.connectionpool Starting new HTTPS connection (1): asia-south1-run.googleapis.com:443
2022-11-28 08:08:03,718 DEBUG    urllib3.connectionpool https://asia-south1-run.googleapis.com:443 "GET /apis/serving.knative.dev/v1/namespaces/insight-tool-321814/services/firstflask?alt=json HTTP/1.1" 200 None
2022-11-28 08:08:04,728 DEBUG    urllib3.connectionpool Starting new HTTPS connection (1): asia-south1-run.googleapis.com:443
2022-11-28 08:08:06,128 DEBUG    urllib3.connectionpool https://asia-south1-run.googleapis.com:443 "GET /apis/serving.knative.dev/v1/namespaces/insight-tool-321814/services/firstflask?alt=json HTTP/1.1" 200 None
2022-11-28 08:08:07,137 DEBUG    urllib3.connectionpool Starting new HTTPS connection (1): asia-south1-run.googleapis.com:443
2022-11-28 08:08:08,515 DEBUG    urllib3.connectionpool https://asia-south1-run.googleapis.com:443 "GET /apis/serving.knative.dev/v1/namespaces/insight-tool-321814/services/firstflask?alt=json HTTP/1.1" 200 None
2022-11-28 08:08:09,524 DEBUG    urllib3.connectionpool Starting new HTTPS connection (1): asia-south1-run.googleapis.com:443
2022-11-28 08:08:10,886 DEBUG    urllib3.connectionpool https://asia-south1-run.googleapis.com:443 "GET /apis/serving.knative.dev/v1/namespaces/insight-tool-321814/services/firstflask?alt=json HTTP/1.1" 200 None
2022-11-28 08:08:11,895 DEBUG    urllib3.connectionpool Starting new HTTPS connection (1): asia-south1-run.googleapis.com:443
2022-11-28 08:08:13,284 DEBUG    urllib3.connectionpool https://asia-south1-run.googleapis.com:443 "GET /apis/serving.knative.dev/v1/namespaces/insight-tool-321814/services/firstflask?alt=json HTTP/1.1" 200 None
2022-11-28 08:08:14,293 DEBUG    urllib3.connectionpool Starting new HTTPS connection (1): asia-south1-run.googleapis.com:443
2022-11-28 08:08:15,632 DEBUG    urllib3.connectionpool https://asia-south1-run.googleapis.com:443 "GET /apis/serving.knative.dev/v1/namespaces/insight-tool-321814/services/firstflask?alt=json HTTP/1.1" 200 None
2022-11-28 08:08:16,641 DEBUG    urllib3.connectionpool Starting new HTTPS connection (1): asia-south1-run.googleapis.com:443
2022-11-28 08:08:18,024 DEBUG    urllib3.connectionpool https://asia-south1-run.googleapis.com:443 "GET /apis/serving.knative.dev/v1/namespaces/insight-tool-321814/services/firstflask?alt=json HTTP/1.1" 200 None
2022-11-28 08:08:19,033 DEBUG    urllib3.connectionpool Starting new HTTPS connection (1): asia-south1-run.googleapis.com:443
2022-11-28 08:08:20,406 DEBUG    urllib3.connectionpool https://asia-south1-run.googleapis.com:443 "GET /apis/serving.knative.dev/v1/namespaces/insight-tool-321814/services/firstflask?alt=json HTTP/1.1" 200 None
2022-11-28 08:08:21,415 DEBUG    urllib3.connectionpool Starting new HTTPS connection (1): asia-south1-run.googleapis.com:443
2022-11-28 08:08:22,809 DEBUG    urllib3.connectionpool https://asia-south1-run.googleapis.com:443 "GET /apis/serving.knative.dev/v1/namespaces/insight-tool-321814/services/firstflask?alt=json HTTP/1.1" 200 None
2022-11-28 08:08:23,818 DEBUG    urllib3.connectionpool Starting new HTTPS connection (1): asia-south1-run.googleapis.com:443
2022-11-28 08:08:25,202 DEBUG    urllib3.connectionpool https://asia-south1-run.googleapis.com:443 "GET /apis/serving.knative.dev/v1/namespaces/insight-tool-321814/services/firstflask?alt=json HTTP/1.1" 200 None
2022-11-28 08:08:26,211 DEBUG    urllib3.connectionpool Starting new HTTPS connection (1): asia-south1-run.googleapis.com:443
2022-11-28 08:08:27,558 DEBUG    urllib3.connectionpool https://asia-south1-run.googleapis.com:443 "GET /apis/serving.knative.dev/v1/namespaces/insight-tool-321814/services/firstflask?alt=json HTTP/1.1" 200 None
2022-11-28 08:08:28,567 DEBUG    urllib3.connectionpool Starting new HTTPS connection (1): asia-south1-run.googleapis.com:443
2022-11-28 08:08:29,959 DEBUG    urllib3.connectionpool https://asia-south1-run.googleapis.com:443 "GET /apis/serving.knative.dev/v1/namespaces/insight-tool-321814/services/firstflask?alt=json HTTP/1.1" 200 None
2022-11-28 08:08:30,968 DEBUG    urllib3.connectionpool Starting new HTTPS connection (1): asia-south1-run.googleapis.com:443
2022-11-28 08:08:32,356 DEBUG    urllib3.connectionpool https://asia-south1-run.googleapis.com:443 "GET /apis/serving.knative.dev/v1/namespaces/insight-tool-321814/services/firstflask?alt=json HTTP/1.1" 200 None
2022-11-28 08:08:33,365 DEBUG    urllib3.connectionpool Starting new HTTPS connection (1): asia-south1-run.googleapis.com:443
2022-11-28 08:08:34,747 DEBUG    urllib3.connectionpool https://asia-south1-run.googleapis.com:443 "GET /apis/serving.knative.dev/v1/namespaces/insight-tool-321814/services/firstflask?alt=json HTTP/1.1" 200 None
2022-11-28 08:08:35,756 DEBUG    urllib3.connectionpool Starting new HTTPS connection (1): asia-south1-run.googleapis.com:443
2022-11-28 08:08:37,131 DEBUG    urllib3.connectionpool https://asia-south1-run.googleapis.com:443 "GET /apis/serving.knative.dev/v1/namespaces/insight-tool-321814/services/firstflask?alt=json HTTP/1.1" 200 None
2022-11-28 08:08:38,139 DEBUG    urllib3.connectionpool Starting new HTTPS connection (1): asia-south1-run.googleapis.com:443
2022-11-28 08:08:39,511 DEBUG    urllib3.connectionpool https://asia-south1-run.googleapis.com:443 "GET /apis/serving.knative.dev/v1/namespaces/insight-tool-321814/services/firstflask?alt=json HTTP/1.1" 200 None
2022-11-28 08:08:40,520 DEBUG    urllib3.connectionpool Starting new HTTPS connection (1): asia-south1-run.googleapis.com:443
2022-11-28 08:08:41,895 DEBUG    urllib3.connectionpool https://asia-south1-run.googleapis.com:443 "GET /apis/serving.knative.dev/v1/namespaces/insight-tool-321814/services/firstflask?alt=json HTTP/1.1" 200 None
2022-11-28 08:08:42,904 DEBUG    urllib3.connectionpool Starting new HTTPS connection (1): asia-south1-run.googleapis.com:443
2022-11-28 08:08:44,274 DEBUG    urllib3.connectionpool https://asia-south1-run.googleapis.com:443 "GET /apis/serving.knative.dev/v1/namespaces/insight-tool-321814/services/firstflask?alt=json HTTP/1.1" 200 None
2022-11-28 08:08:45,283 DEBUG    urllib3.connectionpool Starting new HTTPS connection (1): asia-south1-run.googleapis.com:443
2022-11-28 08:08:46,674 DEBUG    urllib3.connectionpool https://asia-south1-run.googleapis.com:443 "GET /apis/serving.knative.dev/v1/namespaces/insight-tool-321814/services/firstflask?alt=json HTTP/1.1" 200 None
2022-11-28 08:08:47,684 DEBUG    urllib3.connectionpool Starting new HTTPS connection (1): asia-south1-run.googleapis.com:443
2022-11-28 08:08:49,082 DEBUG    urllib3.connectionpool https://asia-south1-run.googleapis.com:443 "GET /apis/serving.knative.dev/v1/namespaces/insight-tool-321814/services/firstflask?alt=json HTTP/1.1" 200 None
2022-11-28 08:08:50,091 DEBUG    urllib3.connectionpool Starting new HTTPS connection (1): asia-south1-run.googleapis.com:443
2022-11-28 08:08:51,421 DEBUG    urllib3.connectionpool https://asia-south1-run.googleapis.com:443 "GET /apis/serving.knative.dev/v1/namespaces/insight-tool-321814/services/firstflask?alt=json HTTP/1.1" 200 None
2022-11-28 08:08:52,430 DEBUG    urllib3.connectionpool Starting new HTTPS connection (1): asia-south1-run.googleapis.com:443
2022-11-28 08:08:53,845 DEBUG    urllib3.connectionpool https://asia-south1-run.googleapis.com:443 "GET /apis/serving.knative.dev/v1/namespaces/insight-tool-321814/services/firstflask?alt=json HTTP/1.1" 200 None
2022-11-28 08:08:54,855 DEBUG    urllib3.connectionpool Starting new HTTPS connection (1): asia-south1-run.googleapis.com:443
2022-11-28 08:08:55,119 DEBUG    urllib3.connectionpool https://asia-south1-run.googleapis.com:443 "GET /apis/serving.knative.dev/v1/namespaces/insight-tool-321814/services/firstflask?alt=json HTTP/1.1" 200 None
2022-11-28 08:08:56,128 DEBUG    urllib3.connectionpool Starting new HTTPS connection (1): asia-south1-run.googleapis.com:443
2022-11-28 08:08:57,501 DEBUG    urllib3.connectionpool https://asia-south1-run.googleapis.com:443 "GET /apis/serving.knative.dev/v1/namespaces/insight-tool-321814/services/firstflask?alt=json HTTP/1.1" 200 None
2022-11-28 08:08:58,510 DEBUG    urllib3.connectionpool Starting new HTTPS connection (1): asia-south1-run.googleapis.com:443
2022-11-28 08:08:59,875 DEBUG    urllib3.connectionpool https://asia-south1-run.googleapis.com:443 "GET /apis/serving.knative.dev/v1/namespaces/insight-tool-321814/services/firstflask?alt=json HTTP/1.1" 200 None
2022-11-28 08:09:00,883 DEBUG    urllib3.connectionpool Starting new HTTPS connection (1): asia-south1-run.googleapis.com:443
2022-11-28 08:09:02,253 DEBUG    urllib3.connectionpool https://asia-south1-run.googleapis.com:443 "GET /apis/serving.knative.dev/v1/namespaces/insight-tool-321814/services/firstflask?alt=json HTTP/1.1" 200 None
2022-11-28 08:09:03,268 DEBUG    urllib3.connectionpool Starting new HTTPS connection (1): asia-south1-run.googleapis.com:443
2022-11-28 08:09:04,672 DEBUG    urllib3.connectionpool https://asia-south1-run.googleapis.com:443 "GET /apis/serving.knative.dev/v1/namespaces/insight-tool-321814/services/firstflask?alt=json HTTP/1.1" 200 None
2022-11-28 08:09:05,681 DEBUG    urllib3.connectionpool Starting new HTTPS connection (1): asia-south1-run.googleapis.com:443
2022-11-28 08:09:07,050 DEBUG    urllib3.connectionpool https://asia-south1-run.googleapis.com:443 "GET /apis/serving.knative.dev/v1/namespaces/insight-tool-321814/services/firstflask?alt=json HTTP/1.1" 200 None
2022-11-28 08:09:08,059 DEBUG    urllib3.connectionpool Starting new HTTPS connection (1): asia-south1-run.googleapis.com:443
2022-11-28 08:09:09,438 DEBUG    urllib3.connectionpool https://asia-south1-run.googleapis.com:443 "GET /apis/serving.knative.dev/v1/namespaces/insight-tool-321814/services/firstflask?alt=json HTTP/1.1" 200 None
2022-11-28 08:09:10,446 DEBUG    urllib3.connectionpool Starting new HTTPS connection (1): asia-south1-run.googleapis.com:443
2022-11-28 08:09:11,829 DEBUG    urllib3.connectionpool https://asia-south1-run.googleapis.com:443 "GET /apis/serving.knative.dev/v1/namespaces/insight-tool-321814/services/firstflask?alt=json HTTP/1.1" 200 None
2022-11-28 08:09:12,838 DEBUG    urllib3.connectionpool Starting new HTTPS connection (1): asia-south1-run.googleapis.com:443
2022-11-28 08:09:14,217 DEBUG    urllib3.connectionpool https://asia-south1-run.googleapis.com:443 "GET /apis/serving.knative.dev/v1/namespaces/insight-tool-321814/services/firstflask?alt=json HTTP/1.1" 200 None
2022-11-28 08:09:15,225 DEBUG    urllib3.connectionpool Starting new HTTPS connection (1): asia-south1-run.googleapis.com:443
2022-11-28 08:09:16,578 DEBUG    urllib3.connectionpool https://asia-south1-run.googleapis.com:443 "GET /apis/serving.knative.dev/v1/namespaces/insight-tool-321814/services/firstflask?alt=json HTTP/1.1" 200 None
2022-11-28 08:09:17,587 DEBUG    urllib3.connectionpool Starting new HTTPS connection (1): asia-south1-run.googleapis.com:443
2022-11-28 08:09:18,941 DEBUG    urllib3.connectionpool https://asia-south1-run.googleapis.com:443 "GET /apis/serving.knative.dev/v1/namespaces/insight-tool-321814/services/firstflask?alt=json HTTP/1.1" 200 None
2022-11-28 08:09:19,950 DEBUG    urllib3.connectionpool Starting new HTTPS connection (1): asia-south1-run.googleapis.com:443
2022-11-28 08:09:21,278 DEBUG    urllib3.connectionpool https://asia-south1-run.googleapis.com:443 "GET /apis/serving.knative.dev/v1/namespaces/insight-tool-321814/services/firstflask?alt=json HTTP/1.1" 200 None
2022-11-28 08:09:22,287 DEBUG    urllib3.connectionpool Starting new HTTPS connection (1): asia-south1-run.googleapis.com:443
2022-11-28 08:09:23,641 DEBUG    urllib3.connectionpool https://asia-south1-run.googleapis.com:443 "GET /apis/serving.knative.dev/v1/namespaces/insight-tool-321814/services/firstflask?alt=json HTTP/1.1" 200 None
2022-11-28 08:09:24,650 DEBUG    urllib3.connectionpool Starting new HTTPS connection (1): asia-south1-run.googleapis.com:443
2022-11-28 08:09:25,990 DEBUG    urllib3.connectionpool https://asia-south1-run.googleapis.com:443 "GET /apis/serving.knative.dev/v1/namespaces/insight-tool-321814/services/firstflask?alt=json HTTP/1.1" 200 None
2022-11-28 08:09:26,999 DEBUG    urllib3.connectionpool Starting new HTTPS connection (1): asia-south1-run.googleapis.com:443
2022-11-28 08:09:28,378 DEBUG    urllib3.connectionpool https://asia-south1-run.googleapis.com:443 "GET /apis/serving.knative.dev/v1/namespaces/insight-tool-321814/services/firstflask?alt=json HTTP/1.1" 200 None
2022-11-28 08:09:29,387 DEBUG    urllib3.connectionpool Starting new HTTPS connection (1): asia-south1-run.googleapis.com:443
2022-11-28 08:09:30,754 DEBUG    urllib3.connectionpool https://asia-south1-run.googleapis.com:443 "GET /apis/serving.knative.dev/v1/namespaces/insight-tool-321814/services/firstflask?alt=json HTTP/1.1" 200 None
2022-11-28 08:09:31,763 DEBUG    urllib3.connectionpool Starting new HTTPS connection (1): asia-south1-run.googleapis.com:443
2022-11-28 08:09:33,122 DEBUG    urllib3.connectionpool https://asia-south1-run.googleapis.com:443 "GET /apis/serving.knative.dev/v1/namespaces/insight-tool-321814/services/firstflask?alt=json HTTP/1.1" 200 None
2022-11-28 08:09:34,131 DEBUG    urllib3.connectionpool Starting new HTTPS connection (1): asia-south1-run.googleapis.com:443
2022-11-28 08:09:35,513 DEBUG    urllib3.connectionpool https://asia-south1-run.googleapis.com:443 "GET /apis/serving.knative.dev/v1/namespaces/insight-tool-321814/services/firstflask?alt=json HTTP/1.1" 200 None
2022-11-28 08:09:36,521 DEBUG    urllib3.connectionpool Starting new HTTPS connection (1): asia-south1-run.googleapis.com:443
2022-11-28 08:09:37,934 DEBUG    urllib3.connectionpool https://asia-south1-run.googleapis.com:443 "GET /apis/serving.knative.dev/v1/namespaces/insight-tool-321814/services/firstflask?alt=json HTTP/1.1" 200 None
2022-11-28 08:09:38,943 DEBUG    urllib3.connectionpool Starting new HTTPS connection (1): asia-south1-run.googleapis.com:443
2022-11-28 08:09:40,316 DEBUG    urllib3.connectionpool https://asia-south1-run.googleapis.com:443 "GET /apis/serving.knative.dev/v1/namespaces/insight-tool-321814/services/firstflask?alt=json HTTP/1.1" 200 None
2022-11-28 08:09:41,325 DEBUG    urllib3.connectionpool Starting new HTTPS connection (1): asia-south1-run.googleapis.com:443
2022-11-28 08:09:42,707 DEBUG    urllib3.connectionpool https://asia-south1-run.googleapis.com:443 "GET /apis/serving.knative.dev/v1/namespaces/insight-tool-321814/services/firstflask?alt=json HTTP/1.1" 200 None
2022-11-28 08:09:43,716 DEBUG    urllib3.connectionpool Starting new HTTPS connection (1): asia-south1-run.googleapis.com:443
2022-11-28 08:09:45,099 DEBUG    urllib3.connectionpool https://asia-south1-run.googleapis.com:443 "GET /apis/serving.knative.dev/v1/namespaces/insight-tool-321814/services/firstflask?alt=json HTTP/1.1" 200 None
2022-11-28 08:09:46,107 DEBUG    urllib3.connectionpool Starting new HTTPS connection (1): asia-south1-run.googleapis.com:443
2022-11-28 08:09:47,504 DEBUG    urllib3.connectionpool https://asia-south1-run.googleapis.com:443 "GET /apis/serving.knative.dev/v1/namespaces/insight-tool-321814/services/firstflask?alt=json HTTP/1.1" 200 None
2022-11-28 08:09:48,512 DEBUG    urllib3.connectionpool Starting new HTTPS connection (1): asia-south1-run.googleapis.com:443
2022-11-28 08:09:49,881 DEBUG    urllib3.connectionpool https://asia-south1-run.googleapis.com:443 "GET /apis/serving.knative.dev/v1/namespaces/insight-tool-321814/services/firstflask?alt=json HTTP/1.1" 200 None
2022-11-28 08:09:50,890 DEBUG    urllib3.connectionpool Starting new HTTPS connection (1): asia-south1-run.googleapis.com:443
2022-11-28 08:09:52,286 DEBUG    urllib3.connectionpool https://asia-south1-run.googleapis.com:443 "GET /apis/serving.knative.dev/v1/namespaces/insight-tool-321814/services/firstflask?alt=json HTTP/1.1" 200 None
2022-11-28 08:09:53,294 DEBUG    urllib3.connectionpool Starting new HTTPS connection (1): asia-south1-run.googleapis.com:443
2022-11-28 08:09:54,688 DEBUG    urllib3.connectionpool https://asia-south1-run.googleapis.com:443 "GET /apis/serving.knative.dev/v1/namespaces/insight-tool-321814/services/firstflask?alt=json HTTP/1.1" 200 None
2022-11-28 08:09:55,697 DEBUG    urllib3.connectionpool Starting new HTTPS connection (1): asia-south1-run.googleapis.com:443
2022-11-28 08:09:57,058 DEBUG    urllib3.connectionpool https://asia-south1-run.googleapis.com:443 "GET /apis/serving.knative.dev/v1/namespaces/insight-tool-321814/services/firstflask?alt=json HTTP/1.1" 200 None
2022-11-28 08:09:58,066 DEBUG    urllib3.connectionpool Starting new HTTPS connection (1): asia-south1-run.googleapis.com:443
2022-11-28 08:09:59,450 DEBUG    urllib3.connectionpool https://asia-south1-run.googleapis.com:443 "GET /apis/serving.knative.dev/v1/namespaces/insight-tool-321814/services/firstflask?alt=json HTTP/1.1" 200 None
2022-11-28 08:10:00,459 DEBUG    urllib3.connectionpool Starting new HTTPS connection (1): asia-south1-run.googleapis.com:443
2022-11-28 08:10:01,836 DEBUG    urllib3.connectionpool https://asia-south1-run.googleapis.com:443 "GET /apis/serving.knative.dev/v1/namespaces/insight-tool-321814/services/firstflask?alt=json HTTP/1.1" 200 None
2022-11-28 08:10:02,853 DEBUG    urllib3.connectionpool Starting new HTTPS connection (1): asia-south1-run.googleapis.com:443
2022-11-28 08:10:04,236 DEBUG    urllib3.connectionpool https://asia-south1-run.googleapis.com:443 "GET /apis/serving.knative.dev/v1/namespaces/insight-tool-321814/services/firstflask?alt=json HTTP/1.1" 200 None
2022-11-28 08:10:05,245 DEBUG    urllib3.connectionpool Starting new HTTPS connection (1): asia-south1-run.googleapis.com:443
2022-11-28 08:10:06,626 DEBUG    urllib3.connectionpool https://asia-south1-run.googleapis.com:443 "GET /apis/serving.knative.dev/v1/namespaces/insight-tool-321814/services/firstflask?alt=json HTTP/1.1" 200 None
2022-11-28 08:10:07,635 DEBUG    urllib3.connectionpool Starting new HTTPS connection (1): asia-south1-run.googleapis.com:443
2022-11-28 08:10:09,002 DEBUG    urllib3.connectionpool https://asia-south1-run.googleapis.com:443 "GET /apis/serving.knative.dev/v1/namespaces/insight-tool-321814/services/firstflask?alt=json HTTP/1.1" 200 None
2022-11-28 08:10:10,010 DEBUG    urllib3.connectionpool Starting new HTTPS connection (1): asia-south1-run.googleapis.com:443
2022-11-28 08:10:11,358 DEBUG    urllib3.connectionpool https://asia-south1-run.googleapis.com:443 "GET /apis/serving.knative.dev/v1/namespaces/insight-tool-321814/services/firstflask?alt=json HTTP/1.1" 200 None
2022-11-28 08:10:12,367 DEBUG    urllib3.connectionpool Starting new HTTPS connection (1): asia-south1-run.googleapis.com:443
2022-11-28 08:10:13,720 DEBUG    urllib3.connectionpool https://asia-south1-run.googleapis.com:443 "GET /apis/serving.knative.dev/v1/namespaces/insight-tool-321814/services/firstflask?alt=json HTTP/1.1" 200 None
2022-11-28 08:10:14,728 DEBUG    urllib3.connectionpool Starting new HTTPS connection (1): asia-south1-run.googleapis.com:443
2022-11-28 08:10:16,134 DEBUG    urllib3.connectionpool https://asia-south1-run.googleapis.com:443 "GET /apis/serving.knative.dev/v1/namespaces/insight-tool-321814/services/firstflask?alt=json HTTP/1.1" 200 None
2022-11-28 08:10:17,142 DEBUG    urllib3.connectionpool Starting new HTTPS connection (1): asia-south1-run.googleapis.com:443
2022-11-28 08:10:18,526 DEBUG    urllib3.connectionpool https://asia-south1-run.googleapis.com:443 "GET /apis/serving.knative.dev/v1/namespaces/insight-tool-321814/services/firstflask?alt=json HTTP/1.1" 200 None
2022-11-28 08:10:19,535 DEBUG    urllib3.connectionpool Starting new HTTPS connection (1): asia-south1-run.googleapis.com:443
2022-11-28 08:10:20,902 DEBUG    urllib3.connectionpool https://asia-south1-run.googleapis.com:443 "GET /apis/serving.knative.dev/v1/namespaces/insight-tool-321814/services/firstflask?alt=json HTTP/1.1" 200 None
2022-11-28 08:10:21,910 DEBUG    urllib3.connectionpool Starting new HTTPS connection (1): asia-south1-run.googleapis.com:443
2022-11-28 08:10:23,283 DEBUG    urllib3.connectionpool https://asia-south1-run.googleapis.com:443 "GET /apis/serving.knative.dev/v1/namespaces/insight-tool-321814/services/firstflask?alt=json HTTP/1.1" 200 None
2022-11-28 08:10:24,292 DEBUG    urllib3.connectionpool Starting new HTTPS connection (1): asia-south1-run.googleapis.com:443
2022-11-28 08:10:25,671 DEBUG    urllib3.connectionpool https://asia-south1-run.googleapis.com:443 "GET /apis/serving.knative.dev/v1/namespaces/insight-tool-321814/services/firstflask?alt=json HTTP/1.1" 200 None
2022-11-28 08:10:26,680 DEBUG    urllib3.connectionpool Starting new HTTPS connection (1): asia-south1-run.googleapis.com:443
2022-11-28 08:10:28,047 DEBUG    urllib3.connectionpool https://asia-south1-run.googleapis.com:443 "GET /apis/serving.knative.dev/v1/namespaces/insight-tool-321814/services/firstflask?alt=json HTTP/1.1" 200 None
2022-11-28 08:10:29,056 DEBUG    urllib3.connectionpool Starting new HTTPS connection (1): asia-south1-run.googleapis.com:443
2022-11-28 08:10:30,477 DEBUG    urllib3.connectionpool https://asia-south1-run.googleapis.com:443 "GET /apis/serving.knative.dev/v1/namespaces/insight-tool-321814/services/firstflask?alt=json HTTP/1.1" 200 None
2022-11-28 08:10:31,486 DEBUG    urllib3.connectionpool Starting new HTTPS connection (1): asia-south1-run.googleapis.com:443
2022-11-28 08:10:32,868 DEBUG    urllib3.connectionpool https://asia-south1-run.googleapis.com:443 "GET /apis/serving.knative.dev/v1/namespaces/insight-tool-321814/services/firstflask?alt=json HTTP/1.1" 200 None
2022-11-28 08:10:33,876 DEBUG    urllib3.connectionpool Starting new HTTPS connection (1): asia-south1-run.googleapis.com:443
2022-11-28 08:10:35,273 DEBUG    urllib3.connectionpool https://asia-south1-run.googleapis.com:443 "GET /apis/serving.knative.dev/v1/namespaces/insight-tool-321814/services/firstflask?alt=json HTTP/1.1" 200 None
2022-11-28 08:10:36,282 DEBUG    urllib3.connectionpool Starting new HTTPS connection (1): asia-south1-run.googleapis.com:443
2022-11-28 08:10:37,667 DEBUG    urllib3.connectionpool https://asia-south1-run.googleapis.com:443 "GET /apis/serving.knative.dev/v1/namespaces/insight-tool-321814/services/firstflask?alt=json HTTP/1.1" 200 None
2022-11-28 08:10:38,676 DEBUG    urllib3.connectionpool Starting new HTTPS connection (1): asia-south1-run.googleapis.com:443
2022-11-28 08:10:40,052 DEBUG    urllib3.connectionpool https://asia-south1-run.googleapis.com:443 "GET /apis/serving.knative.dev/v1/namespaces/insight-tool-321814/services/firstflask?alt=json HTTP/1.1" 200 None
2022-11-28 08:10:41,061 DEBUG    urllib3.connectionpool Starting new HTTPS connection (1): asia-south1-run.googleapis.com:443
2022-11-28 08:10:42,467 DEBUG    urllib3.connectionpool https://asia-south1-run.googleapis.com:443 "GET /apis/serving.knative.dev/v1/namespaces/insight-tool-321814/services/firstflask?alt=json HTTP/1.1" 200 None
2022-11-28 08:10:43,476 DEBUG    urllib3.connectionpool Starting new HTTPS connection (1): asia-south1-run.googleapis.com:443
2022-11-28 08:10:44,849 DEBUG    urllib3.connectionpool https://asia-south1-run.googleapis.com:443 "GET /apis/serving.knative.dev/v1/namespaces/insight-tool-321814/services/firstflask?alt=json HTTP/1.1" 200 None
2022-11-28 08:10:45,857 DEBUG    urllib3.connectionpool Starting new HTTPS connection (1): asia-south1-run.googleapis.com:443
2022-11-28 08:10:47,254 DEBUG    urllib3.connectionpool https://asia-south1-run.googleapis.com:443 "GET /apis/serving.knative.dev/v1/namespaces/insight-tool-321814/services/firstflask?alt=json HTTP/1.1" 200 None
2022-11-28 08:10:48,263 DEBUG    urllib3.connectionpool Starting new HTTPS connection (1): asia-south1-run.googleapis.com:443
2022-11-28 08:10:49,650 DEBUG    urllib3.connectionpool https://asia-south1-run.googleapis.com:443 "GET /apis/serving.knative.dev/v1/namespaces/insight-tool-321814/services/firstflask?alt=json HTTP/1.1" 200 None
2022-11-28 08:10:50,659 DEBUG    urllib3.connectionpool Starting new HTTPS connection (1): asia-south1-run.googleapis.com:443
2022-11-28 08:10:52,060 DEBUG    urllib3.connectionpool https://asia-south1-run.googleapis.com:443 "GET /apis/serving.knative.dev/v1/namespaces/insight-tool-321814/services/firstflask?alt=json HTTP/1.1" 200 None
2022-11-28 08:10:53,069 DEBUG    urllib3.connectionpool Starting new HTTPS connection (1): asia-south1-run.googleapis.com:443
2022-11-28 08:10:54,456 DEBUG    urllib3.connectionpool https://asia-south1-run.googleapis.com:443 "GET /apis/serving.knative.dev/v1/namespaces/insight-tool-321814/services/firstflask?alt=json HTTP/1.1" 200 None
2022-11-28 08:10:55,465 DEBUG    urllib3.connectionpool Starting new HTTPS connection (1): asia-south1-run.googleapis.com:443
2022-11-28 08:10:56,826 DEBUG    urllib3.connectionpool https://asia-south1-run.googleapis.com:443 "GET /apis/serving.knative.dev/v1/namespaces/insight-tool-321814/services/firstflask?alt=json HTTP/1.1" 200 None
2022-11-28 08:10:57,835 DEBUG    urllib3.connectionpool Starting new HTTPS connection (1): asia-south1-run.googleapis.com:443
2022-11-28 08:10:59,217 DEBUG    urllib3.connectionpool https://asia-south1-run.googleapis.com:443 "GET /apis/serving.knative.dev/v1/namespaces/insight-tool-321814/services/firstflask?alt=json HTTP/1.1" 200 None
2022-11-28 08:11:00,226 DEBUG    urllib3.connectionpool Starting new HTTPS connection (1): asia-south1-run.googleapis.com:443
2022-11-28 08:11:01,569 DEBUG    urllib3.connectionpool https://asia-south1-run.googleapis.com:443 "GET /apis/serving.knative.dev/v1/namespaces/insight-tool-321814/services/firstflask?alt=json HTTP/1.1" 200 None
2022-11-28 08:11:02,580 DEBUG    urllib3.connectionpool Starting new HTTPS connection (1): asia-south1-run.googleapis.com:443
2022-11-28 08:11:03,920 DEBUG    urllib3.connectionpool https://asia-south1-run.googleapis.com:443 "GET /apis/serving.knative.dev/v1/namespaces/insight-tool-321814/services/firstflask?alt=json HTTP/1.1" 200 None
2022-11-28 08:11:04,929 DEBUG    urllib3.connectionpool Starting new HTTPS connection (1): asia-south1-run.googleapis.com:443
2022-11-28 08:11:06,297 DEBUG    urllib3.connectionpool https://asia-south1-run.googleapis.com:443 "GET /apis/serving.knative.dev/v1/namespaces/insight-tool-321814/services/firstflask?alt=json HTTP/1.1" 200 None
2022-11-28 08:11:07,305 DEBUG    urllib3.connectionpool Starting new HTTPS connection (1): asia-south1-run.googleapis.com:443
2022-11-28 08:11:08,675 DEBUG    urllib3.connectionpool https://asia-south1-run.googleapis.com:443 "GET /apis/serving.knative.dev/v1/namespaces/insight-tool-321814/services/firstflask?alt=json HTTP/1.1" 200 None
2022-11-28 08:11:08,684 DEBUG    urllib3.connectionpool Starting new HTTPS connection (1): asia-south1-run.googleapis.com:443
2022-11-28 08:11:10,045 DEBUG    urllib3.connectionpool https://asia-south1-run.googleapis.com:443 "GET /apis/serving.knative.dev/v1/namespaces/insight-tool-321814/services/firstflask?alt=json HTTP/1.1" 200 None
2022-11-28 08:11:10,136 DEBUG    urllib3.connectionpool Starting new HTTPS connection (1): asia-south1-run.googleapis.com:443
2022-11-28 08:11:11,508 DEBUG    urllib3.connectionpool https://asia-south1-run.googleapis.com:443 "GET /apis/serving.knative.dev/v1/namespaces/insight-tool-321814/services/firstflask?alt=json HTTP/1.1" 200 None
2022-11-28 08:11:11,513 INFO     ___FILE_ONLY___ Service [[1mfirstflask[m] revision [[1mfirstflask-00001-pag[m] has been deployed and is serving [1m100[m percent of traffic.
Service URL: [1mhttps://firstflask-ervzdhepma-el.a.run.app[m

2022-11-28 08:11:11,514 INFO     root            Display format: "none"
2022-11-28 08:11:11,517 DEBUG    root            SDK update checks are disabled.
